#
# There is insufficient memory for the Java Runtime Environment to continue.
# Native memory allocation (malloc) failed to allocate 1460656 bytes. Error detail: Chunk::new
# Possible reasons:
#   The system is out of physical RAM or swap space
#   This process is running with CompressedOops enabled, and the Java Heap may be blocking the growth of the native heap
# Possible solutions:
#   Reduce memory load on the system
#   Increase physical memory or swap space
#   Check if swap backing store is full
#   Decrease Java heap size (-Xmx/-Xms)
#   Decrease number of Java threads
#   Decrease Java thread stack sizes (-Xss)
#   Set larger code cache with -XX:ReservedCodeCacheSize=
#   JVM is running with Unscaled Compressed Oops mode in which the Java heap is
#     placed in the first 4GB address space. The Java Heap base address is the
#     maximum limit for the native heap growth. Please use -XX:HeapBaseMinAddress
#     to set the Java Heap base and to place the Java Heap above 4GB virtual address.
# This output file may be truncated or incomplete.
#
#  Out of Memory Error (arena.cpp:168), pid=17804, tid=21928
#
# JRE version: OpenJDK Runtime Environment Temurin-21.0.10+7 (21.0.10+7) (build 21.0.10+7-LTS)
# Java VM: OpenJDK 64-Bit Server VM Temurin-21.0.10+7 (21.0.10+7-LTS, mixed mode, sharing, tiered, compressed oops, compressed class ptrs, g1 gc, windows-amd64)
# No core dump will be written. Minidumps are not enabled by default on client versions of Windows
#

---------------  S U M M A R Y ------------

Command Line: --add-opens=java.base/java.lang=ALL-UNNAMED --add-opens=java.base/java.lang.invoke=ALL-UNNAMED --add-opens=java.base/java.util=ALL-UNNAMED --add-opens=java.prefs/java.util.prefs=ALL-UNNAMED --add-exports=jdk.compiler/com.sun.tools.javac.api=ALL-UNNAMED --add-exports=jdk.compiler/com.sun.tools.javac.util=ALL-UNNAMED --add-opens=java.base/java.util=ALL-UNNAMED --add-opens=java.prefs/java.util.prefs=ALL-UNNAMED --add-opens=java.base/java.nio.charset=ALL-UNNAMED --add-opens=java.base/java.net=ALL-UNNAMED --add-opens=java.base/java.util.concurrent.atomic=ALL-UNNAMED --add-opens=java.xml/javax.xml.namespace=ALL-UNNAMED -XX:MaxMetaspaceSize=512m -Xmx2048m -Dfile.encoding=UTF-8 -Duser.country=BR -Duser.language=pt -Duser.variant -javaagent:C:\Users\Jean\.gradle\wrapper\dists\gradle-8.14.3-bin\cv11ve7ro1n3o1j4so8xd9n66\gradle-8.14.3\lib\agents\gradle-instrumentation-agent-8.14.3.jar org.gradle.launcher.daemon.bootstrap.GradleDaemon 8.14.3

Host: 11th Gen Intel(R) Core(TM) i7-11390H @ 3.40GHz, 8 cores, 15G,  Windows 11 , 64 bit Build 26100 (10.0.26100.8521)
Time: Mon Jun 15 12:16:59 2026 Hora oficial do Brasil elapsed time: 55.195555 seconds (0d 0h 0m 55s)

---------------  T H R E A D  ---------------

Current thread (0x000001d672182030):  JavaThread "C2 CompilerThread2" daemon [_thread_in_native, id=21928, stack(0x00000099a4b00000,0x00000099a4c00000) (1024K)]


Current CompileTask:
C2:55195 18574       4       org.jetbrains.org.objectweb.asm.ClassReader::readMethod (1061 bytes)

Stack: [0x00000099a4b00000,0x00000099a4c00000]
Native frames: (J=compiled Java code, j=interpreted, Vv=VM code, C=native code)
V  [jvm.dll+0x6d7a39]
V  [jvm.dll+0x8b4b26]
V  [jvm.dll+0x8b70de]
V  [jvm.dll+0x8b77c3]
V  [jvm.dll+0x284346]
V  [jvm.dll+0xc66ed]
V  [jvm.dll+0xc6c31]
V  [jvm.dll+0x3bec01]
V  [jvm.dll+0x1e3d62]
V  [jvm.dll+0x24c6b3]
V  [jvm.dll+0x24bb40]
V  [jvm.dll+0x1cb34e]
V  [jvm.dll+0x25b85d]
V  [jvm.dll+0x259dea]
V  [jvm.dll+0x3f857e]
V  [jvm.dll+0x85f59d]
V  [jvm.dll+0x6d626d]
C  [ucrtbase.dll+0x2cd30]
C  [KERNEL32.DLL+0x2e957]
C  [ntdll.dll+0x87c1c]


---------------  P R O C E S S  ---------------

Threads class SMR info:
_java_thread_list=0x000001d666429b50, length=71, elements={
0x000001d62ad848b0, 0x000001d6424e3900, 0x000001d6424e6370, 0x000001d6424e9ee0,
0x000001d6424ecbb0, 0x000001d6424f12d0, 0x000001d6425128b0, 0x000001d642513770,
0x000001d642516940, 0x000001d642849990, 0x000001d6427b73f0, 0x000001d663632db0,
0x000001d6636ed610, 0x000001d66365cc30, 0x000001d663904b50, 0x000001d6638a3810,
0x000001d66378cdc0, 0x000001d66379e2e0, 0x000001d6637e3dc0, 0x000001d6637e5800,
0x000001d6637e5e90, 0x000001d6637e4ae0, 0x000001d6637e6bb0, 0x000001d6637e5170,
0x000001d6637e3730, 0x000001d6637e4450, 0x000001d664c393d0, 0x000001d664c3a0f0,
0x000001d664c39a60, 0x000001d664c3b4a0, 0x000001d664c3bb30, 0x000001d664c386b0,
0x000001d664c3c1c0, 0x000001d664c3d570, 0x000001d664c3dc00, 0x000001d664c3c850,
0x000001d664c3ae10, 0x000001d664c3cee0, 0x000001d664c3a780, 0x000001d663dcb080,
0x000001d663dceb90, 0x000001d663dcb710, 0x000001d663dd05d0, 0x000001d663dcd150,
0x000001d663dd0c60, 0x000001d6626d5d90, 0x000001d663c97d10, 0x000001d663c990c0,
0x000001d663c99de0, 0x000001d663c983a0, 0x000001d663c9b820, 0x000001d663c9beb0,
0x000001d663c9a470, 0x000001d663c99750, 0x000001d663c98a30, 0x000001d663c9eca0,
0x000001d663c9df80, 0x000001d663c9e610, 0x000001d663c9d8f0, 0x000001d663c9d260,
0x000001d663c9c540, 0x000001d663c9f330, 0x000001d663c9cbd0, 0x000001d6679ba820,
0x000001d6679b80c0, 0x000001d6679b8de0, 0x000001d6679baeb0, 0x000001d671300b70,
0x000001d6712fdd80, 0x000001d672181960, 0x000001d672182030
}

Java Threads: ( => current thread )
  0x000001d62ad848b0 JavaThread "main"                              [_thread_blocked, id=8092, stack(0x000000999f600000,0x000000999f700000) (1024K)]
  0x000001d6424e3900 JavaThread "Reference Handler"          daemon [_thread_blocked, id=19272, stack(0x000000999fe00000,0x000000999ff00000) (1024K)]
  0x000001d6424e6370 JavaThread "Finalizer"                  daemon [_thread_blocked, id=20076, stack(0x000000999ff00000,0x00000099a0000000) (1024K)]
  0x000001d6424e9ee0 JavaThread "Signal Dispatcher"          daemon [_thread_blocked, id=10576, stack(0x00000099a0000000,0x00000099a0100000) (1024K)]
  0x000001d6424ecbb0 JavaThread "Attach Listener"            daemon [_thread_blocked, id=10060, stack(0x00000099a0100000,0x00000099a0200000) (1024K)]
  0x000001d6424f12d0 JavaThread "Service Thread"             daemon [_thread_blocked, id=25052, stack(0x00000099a0200000,0x00000099a0300000) (1024K)]
  0x000001d6425128b0 JavaThread "Monitor Deflation Thread"   daemon [_thread_blocked, id=5196, stack(0x00000099a0300000,0x00000099a0400000) (1024K)]
  0x000001d642513770 JavaThread "C2 CompilerThread0"         daemon [_thread_in_native, id=14392, stack(0x00000099a0400000,0x00000099a0500000) (1024K)]
  0x000001d642516940 JavaThread "C1 CompilerThread0"         daemon [_thread_blocked, id=11868, stack(0x00000099a0500000,0x00000099a0600000) (1024K)]
  0x000001d642849990 JavaThread "Common-Cleaner"             daemon [_thread_blocked, id=2736, stack(0x00000099a0600000,0x00000099a0700000) (1024K)]
  0x000001d6427b73f0 JavaThread "Notification Thread"        daemon [_thread_blocked, id=18568, stack(0x00000099a0700000,0x00000099a0800000) (1024K)]
  0x000001d663632db0 JavaThread "Daemon health stats"               [_thread_blocked, id=24372, stack(0x00000099a1000000,0x00000099a1100000) (1024K)]
  0x000001d6636ed610 JavaThread "Incoming local TCP Connector on port 64792"        [_thread_in_native, id=23312, stack(0x00000099a0800000,0x00000099a0900000) (1024K)]
  0x000001d66365cc30 JavaThread "Daemon periodic checks"            [_thread_blocked, id=19328, stack(0x00000099a1100000,0x00000099a1200000) (1024K)]
  0x000001d663904b50 JavaThread "Daemon"                            [_thread_blocked, id=16428, stack(0x00000099a1200000,0x00000099a1300000) (1024K)]
  0x000001d6638a3810 JavaThread "Handler for socket connection from /127.0.0.1:64792 to /127.0.0.1:64793"        [_thread_in_native, id=10040, stack(0x00000099a1300000,0x00000099a1400000) (1024K)]
  0x000001d66378cdc0 JavaThread "Cancel handler"                    [_thread_blocked, id=12680, stack(0x00000099a1400000,0x00000099a1500000) (1024K)]
  0x000001d66379e2e0 JavaThread "Daemon worker"                     [_thread_in_vm, id=6156, stack(0x00000099a1500000,0x00000099a1600000) (1024K)]
  0x000001d6637e3dc0 JavaThread "Asynchronous log dispatcher for DefaultDaemonConnection: socket connection from /127.0.0.1:64792 to /127.0.0.1:64793"        [_thread_blocked, id=20296, stack(0x00000099a1600000,0x00000099a1700000) (1024K)]
  0x000001d6637e5800 JavaThread "Stdin handler"                     [_thread_blocked, id=1336, stack(0x00000099a1700000,0x00000099a1800000) (1024K)]
  0x000001d6637e5e90 JavaThread "Daemon client event forwarder"        [_thread_blocked, id=21812, stack(0x00000099a1800000,0x00000099a1900000) (1024K)]
  0x000001d6637e4ae0 JavaThread "Cache worker for journal cache (C:\Users\Jean\.gradle\caches\journal-1)"        [_thread_blocked, id=4604, stack(0x00000099a1900000,0x00000099a1a00000) (1024K)]
  0x000001d6637e6bb0 JavaThread "File lock request listener"        [_thread_in_native, id=6300, stack(0x00000099a1a00000,0x00000099a1b00000) (1024K)]
  0x000001d6637e5170 JavaThread "Cache worker for file hash cache (C:\Users\Jean\.gradle\caches\8.14.3\fileHashes)"        [_thread_blocked, id=21220, stack(0x00000099a1b00000,0x00000099a1c00000) (1024K)]
  0x000001d6637e3730 JavaThread "Cache worker for file hash cache (C:\Desenvolvimento\ws-soft\softmobile\android\.gradle\8.14.3\fileHashes)"        [_thread_blocked, id=26276, stack(0x00000099a1e00000,0x00000099a1f00000) (1024K)]
  0x000001d6637e4450 JavaThread "Cache worker for Build Output Cleanup Cache (C:\Desenvolvimento\ws-soft\softmobile\android\.gradle\buildOutputCleanup)"        [_thread_blocked, id=10832, stack(0x00000099a1f00000,0x00000099a2000000) (1024K)]
  0x000001d664c393d0 JavaThread "File watcher server"        daemon [_thread_in_native, id=25556, stack(0x00000099a1c00000,0x00000099a1d00000) (1024K)]
  0x000001d664c3a0f0 JavaThread "File watcher consumer"      daemon [_thread_blocked, id=26244, stack(0x00000099a2000000,0x00000099a2100000) (1024K)]
  0x000001d664c39a60 JavaThread "jar transforms"                    [_thread_blocked, id=3712, stack(0x00000099a2100000,0x00000099a2200000) (1024K)]
  0x000001d664c3b4a0 JavaThread "jar transforms Thread 2"           [_thread_blocked, id=21508, stack(0x00000099a2200000,0x00000099a2300000) (1024K)]
  0x000001d664c3bb30 JavaThread "Cache worker for checksums cache (C:\Desenvolvimento\ws-soft\softmobile\android\.gradle\8.14.3\checksums)"        [_thread_blocked, id=16120, stack(0x00000099a2300000,0x00000099a2400000) (1024K)]
  0x000001d664c386b0 JavaThread "Cache worker for file content cache (C:\Users\Jean\.gradle\caches\8.14.3\fileContent)"        [_thread_blocked, id=25924, stack(0x00000099a2400000,0x00000099a2500000) (1024K)]
  0x000001d664c3c1c0 JavaThread "jar transforms Thread 3"           [_thread_blocked, id=13488, stack(0x00000099a2600000,0x00000099a2700000) (1024K)]
  0x000001d664c3d570 JavaThread "Exec process"                      [_thread_blocked, id=16396, stack(0x00000099a2700000,0x00000099a2800000) (1024K)]
  0x000001d664c3dc00 JavaThread "Exec process Thread 2"             [_thread_blocked, id=20388, stack(0x00000099a2800000,0x00000099a2900000) (1024K)]
  0x000001d664c3c850 JavaThread "Exec process Thread 3"             [_thread_blocked, id=2556, stack(0x00000099a2900000,0x00000099a2a00000) (1024K)]
  0x000001d664c3ae10 JavaThread "Cache worker for cache directory md-supplier (C:\Users\Jean\.gradle\caches\8.14.3\md-supplier)"        [_thread_blocked, id=22048, stack(0x00000099a2a00000,0x00000099a2b00000) (1024K)]
  0x000001d664c3cee0 JavaThread "Cache worker for cache directory md-rule (C:\Users\Jean\.gradle\caches\8.14.3\md-rule)"        [_thread_blocked, id=17076, stack(0x00000099a2b00000,0x00000099a2c00000) (1024K)]
  0x000001d664c3a780 JavaThread "Cache worker for Build Output Cleanup Cache (C:\Desenvolvimento\ws-soft\softmobile\node_modules\@react-native\gradle-plugin\.gradle\buildOutputCleanup)"        [_thread_blocked, id=15748, stack(0x00000099a2c00000,0x00000099a2d00000) (1024K)]
  0x000001d663dcb080 JavaThread "Unconstrained build operations"        [_thread_blocked, id=7924, stack(0x00000099a2500000,0x00000099a2600000) (1024K)]
  0x000001d663dceb90 JavaThread "Unconstrained build operations Thread 2"        [_thread_blocked, id=4628, stack(0x00000099a2d00000,0x00000099a2e00000) (1024K)]
  0x000001d663dcb710 JavaThread "Unconstrained build operations Thread 3"        [_thread_blocked, id=5080, stack(0x00000099a2f00000,0x00000099a3000000) (1024K)]
  0x000001d663dd05d0 JavaThread "Unconstrained build operations Thread 4"        [_thread_blocked, id=25300, stack(0x00000099a3000000,0x00000099a3100000) (1024K)]
  0x000001d663dcd150 JavaThread "Unconstrained build operations Thread 5"        [_thread_blocked, id=9656, stack(0x00000099a3100000,0x00000099a3200000) (1024K)]
  0x000001d663dd0c60 JavaThread "Unconstrained build operations Thread 6"        [_thread_blocked, id=20820, stack(0x00000099a3200000,0x00000099a3300000) (1024K)]
  0x000001d6626d5d90 JavaThread "Cache worker for Build Output Cleanup Cache (C:\Desenvolvimento\ws-soft\softmobile\node_modules\expo-modules-autolinking\android\expo-gradle-plugin\.gradle\buildOutputCleanup)"        [_thread_blocked, id=3424, stack(0x00000099a3300000,0x00000099a3400000) (1024K)]
  0x000001d663c97d10 JavaThread "Unconstrained build operations Thread 7"        [_thread_blocked, id=4528, stack(0x00000099a2e00000,0x00000099a2f00000) (1024K)]
  0x000001d663c990c0 JavaThread "Unconstrained build operations Thread 8"        [_thread_blocked, id=25504, stack(0x00000099a3400000,0x00000099a3500000) (1024K)]
  0x000001d663c99de0 JavaThread "Unconstrained build operations Thread 9"        [_thread_blocked, id=19584, stack(0x00000099a3500000,0x00000099a3600000) (1024K)]
  0x000001d663c983a0 JavaThread "Unconstrained build operations Thread 10"        [_thread_blocked, id=26396, stack(0x00000099a3600000,0x00000099a3700000) (1024K)]
  0x000001d663c9b820 JavaThread "Unconstrained build operations Thread 11"        [_thread_blocked, id=10160, stack(0x00000099a3700000,0x00000099a3800000) (1024K)]
  0x000001d663c9beb0 JavaThread "Unconstrained build operations Thread 12"        [_thread_blocked, id=26084, stack(0x00000099a3800000,0x00000099a3900000) (1024K)]
  0x000001d663c9a470 JavaThread "Unconstrained build operations Thread 13"        [_thread_blocked, id=25084, stack(0x00000099a3900000,0x00000099a3a00000) (1024K)]
  0x000001d663c99750 JavaThread "Unconstrained build operations Thread 14"        [_thread_blocked, id=25800, stack(0x00000099a3a00000,0x00000099a3b00000) (1024K)]
  0x000001d663c98a30 JavaThread "Unconstrained build operations Thread 15"        [_thread_blocked, id=25508, stack(0x00000099a3b00000,0x00000099a3c00000) (1024K)]
  0x000001d663c9eca0 JavaThread "Unconstrained build operations Thread 16"        [_thread_blocked, id=25840, stack(0x00000099a3c00000,0x00000099a3d00000) (1024K)]
  0x000001d663c9df80 JavaThread "Unconstrained build operations Thread 17"        [_thread_blocked, id=15348, stack(0x00000099a3d00000,0x00000099a3e00000) (1024K)]
  0x000001d663c9e610 JavaThread "Unconstrained build operations Thread 18"        [_thread_blocked, id=18324, stack(0x00000099a3e00000,0x00000099a3f00000) (1024K)]
  0x000001d663c9d8f0 JavaThread "Unconstrained build operations Thread 19"        [_thread_blocked, id=21116, stack(0x00000099a3f00000,0x00000099a4000000) (1024K)]
  0x000001d663c9d260 JavaThread "Unconstrained build operations Thread 20"        [_thread_blocked, id=9244, stack(0x00000099a4000000,0x00000099a4100000) (1024K)]
  0x000001d663c9c540 JavaThread "Unconstrained build operations Thread 21"        [_thread_blocked, id=19312, stack(0x00000099a4100000,0x00000099a4200000) (1024K)]
  0x000001d663c9f330 JavaThread "Unconstrained build operations Thread 22"        [_thread_blocked, id=2748, stack(0x00000099a4200000,0x00000099a4300000) (1024K)]
  0x000001d663c9cbd0 JavaThread "Unconstrained build operations Thread 23"        [_thread_blocked, id=26492, stack(0x00000099a4300000,0x00000099a4400000) (1024K)]
  0x000001d6679ba820 JavaThread "Unconstrained build operations Thread 24"        [_thread_blocked, id=8964, stack(0x00000099a4400000,0x00000099a4500000) (1024K)]
  0x000001d6679b80c0 JavaThread "Unconstrained build operations Thread 25"        [_thread_blocked, id=26000, stack(0x00000099a4500000,0x00000099a4600000) (1024K)]
  0x000001d6679b8de0 JavaThread "Unconstrained build operations Thread 26"        [_thread_blocked, id=15136, stack(0x00000099a4600000,0x00000099a4700000) (1024K)]
  0x000001d6679baeb0 JavaThread "Unconstrained build operations Thread 27"        [_thread_blocked, id=6196, stack(0x00000099a4700000,0x00000099a4800000) (1024K)]
  0x000001d671300b70 JavaThread "build event listener"              [_thread_blocked, id=20448, stack(0x00000099a4800000,0x00000099a4900000) (1024K)]
  0x000001d6712fdd80 JavaThread "Memory manager"                    [_thread_blocked, id=21968, stack(0x00000099a4900000,0x00000099a4a00000) (1024K)]
  0x000001d672181960 JavaThread "C2 CompilerThread1"         daemon [_thread_blocked, id=25060, stack(0x00000099a4a00000,0x00000099a4b00000) (1024K)]
=>0x000001d672182030 JavaThread "C2 CompilerThread2"         daemon [_thread_in_native, id=21928, stack(0x00000099a4b00000,0x00000099a4c00000) (1024K)]
Total: 71

Other Threads:
  0x000001d6424c0080 VMThread "VM Thread"                           [id=24916, stack(0x000000999fd00000,0x000000999fe00000) (1024K)]
  0x000001d6425b17b0 WatcherThread "VM Periodic Task Thread"        [id=11176, stack(0x000000999fc00000,0x000000999fd00000) (1024K)]
  0x000001d62addcdf0 WorkerThread "GC Thread#0"                     [id=5248, stack(0x000000999f700000,0x000000999f800000) (1024K)]
  0x000001d6622118a0 WorkerThread "GC Thread#1"                     [id=26248, stack(0x00000099a0900000,0x00000099a0a00000) (1024K)]
  0x000001d662211c50 WorkerThread "GC Thread#2"                     [id=13452, stack(0x00000099a0a00000,0x00000099a0b00000) (1024K)]
  0x000001d662212000 WorkerThread "GC Thread#3"                     [id=7132, stack(0x00000099a0b00000,0x00000099a0c00000) (1024K)]
  0x000001d64287c210 WorkerThread "GC Thread#4"                     [id=17752, stack(0x00000099a0c00000,0x00000099a0d00000) (1024K)]
  0x000001d64287c5c0 WorkerThread "GC Thread#5"                     [id=3812, stack(0x00000099a0d00000,0x00000099a0e00000) (1024K)]
  0x000001d662ccac30 WorkerThread "GC Thread#6"                     [id=14520, stack(0x00000099a0e00000,0x00000099a0f00000) (1024K)]
  0x000001d662ccafe0 WorkerThread "GC Thread#7"                     [id=24588, stack(0x00000099a0f00000,0x00000099a1000000) (1024K)]
  0x000001d62adeeb70 ConcurrentGCThread "G1 Main Marker"            [id=16752, stack(0x000000999f800000,0x000000999f900000) (1024K)]
  0x000001d62adf05a0 WorkerThread "G1 Conc#0"                       [id=10904, stack(0x000000999f900000,0x000000999fa00000) (1024K)]
  0x000001d665af5840 WorkerThread "G1 Conc#1"                       [id=21556, stack(0x00000099a1d00000,0x00000099a1e00000) (1024K)]
  0x000001d62ae3eb80 ConcurrentGCThread "G1 Refine#0"               [id=16904, stack(0x000000999fa00000,0x000000999fb00000) (1024K)]
  0x000001d642405310 ConcurrentGCThread "G1 Service"                [id=15148, stack(0x000000999fb00000,0x000000999fc00000) (1024K)]
Total: 15

Threads with active compile tasks:
C2 CompilerThread0  55246 18646       4       org.jetbrains.kotlin.serialization.deserialization.DeserializationContext::<init> (170 bytes)
C1 CompilerThread0  55246 18698       3       org.jetbrains.kotlin.backend.jvm.InlineClassAbiKt::hasMangledParameters (194 bytes)
C2 CompilerThread2  55246 18574       4       org.jetbrains.org.objectweb.asm.ClassReader::readMethod (1061 bytes)
Total: 3

VM state: not at safepoint (normal execution)

VM Mutex/Monitor currently owned by a thread: None

Heap address: 0x0000000080000000, size: 2048 MB, Compressed Oops mode: 32-bit

CDS archive(s) mapped at: [0x000001d643000000-0x000001d643ba0000-0x000001d643ba0000), size 12189696, SharedBaseAddress: 0x000001d643000000, ArchiveRelocationMode: 1.
Compressed class space mapped at: 0x000001d644000000-0x000001d65e000000, reserved size: 436207616
Narrow klass base: 0x000001d643000000, Narrow klass shift: 0, Narrow klass range: 0x100000000

GC Precious Log:
 CardTable entry size: 512
 Card Set container configuration: InlinePtr #cards 5 size 8 Array Of Cards #cards 12 size 40 Howl #buckets 4 coarsen threshold 1843 Howl Bitmap #cards 512 size 80 coarsen threshold 460 Card regions per heap region 1 cards per card region 2048
 CPUs: 8 total, 8 available
 Memory: 16122M
 Large Page Support: Disabled
 NUMA Support: Disabled
 Compressed Oops: Enabled (32-bit)
 Heap Region Size: 1M
 Heap Min Capacity: 8M
 Heap Initial Capacity: 252M
 Heap Max Capacity: 2G
 Pre-touch: Disabled
 Parallel Workers: 8
 Concurrent Workers: 2
 Concurrent Refinement Workers: 8
 Periodic GC: Disabled

Heap:
 garbage-first heap   total 242688K, used 196431K [0x0000000080000000, 0x0000000100000000)
  region size 1024K, 58 young (59392K), 7 survivors (7168K)
 Metaspace       used 141046K, committed 143680K, reserved 557056K
  class space    used 18440K, committed 19776K, reserved 425984K

Heap Regions: E=young(eden), S=young(survivor), O=old, HS=humongous(starts), HC=humongous(continues), CS=collection set, F=free, TAMS=top-at-mark-start, PB=parsable bottom
|   0|0x0000000080000000, 0x0000000080100000, 0x0000000080100000|100%|HS|  |TAMS 0x0000000080000000| PB 0x0000000080000000| Complete 
|   1|0x0000000080100000, 0x0000000080200000, 0x0000000080200000|100%|HC|  |TAMS 0x0000000080100000| PB 0x0000000080100000| Complete 
|   2|0x0000000080200000, 0x0000000080300000, 0x0000000080300000|100%|HC|  |TAMS 0x0000000080200000| PB 0x0000000080200000| Complete 
|   3|0x0000000080300000, 0x0000000080400000, 0x0000000080400000|100%| O|  |TAMS 0x0000000080300000| PB 0x0000000080300000| Untracked 
|   4|0x0000000080400000, 0x0000000080500000, 0x0000000080500000|100%| O|  |TAMS 0x0000000080400000| PB 0x0000000080400000| Untracked 
|   5|0x0000000080500000, 0x0000000080600000, 0x0000000080600000|100%| O|  |TAMS 0x0000000080500000| PB 0x0000000080500000| Untracked 
|   6|0x0000000080600000, 0x0000000080700000, 0x0000000080700000|100%|HS|  |TAMS 0x0000000080600000| PB 0x0000000080600000| Complete 
|   7|0x0000000080700000, 0x0000000080800000, 0x0000000080800000|100%| O|  |TAMS 0x0000000080700000| PB 0x0000000080700000| Untracked 
|   8|0x0000000080800000, 0x0000000080900000, 0x0000000080900000|100%| O|  |TAMS 0x0000000080800000| PB 0x0000000080800000| Untracked 
|   9|0x0000000080900000, 0x0000000080a00000, 0x0000000080a00000|100%| O|  |TAMS 0x0000000080900000| PB 0x0000000080900000| Untracked 
|  10|0x0000000080a00000, 0x0000000080b00000, 0x0000000080b00000|100%| O|  |TAMS 0x0000000080a00000| PB 0x0000000080a00000| Untracked 
|  11|0x0000000080b00000, 0x0000000080c00000, 0x0000000080c00000|100%| O|  |TAMS 0x0000000080b00000| PB 0x0000000080b00000| Untracked 
|  12|0x0000000080c00000, 0x0000000080d00000, 0x0000000080d00000|100%| O|  |TAMS 0x0000000080c00000| PB 0x0000000080c00000| Untracked 
|  13|0x0000000080d00000, 0x0000000080e00000, 0x0000000080e00000|100%| O|  |TAMS 0x0000000080d00000| PB 0x0000000080d00000| Untracked 
|  14|0x0000000080e00000, 0x0000000080f00000, 0x0000000080f00000|100%| O|  |TAMS 0x0000000080e00000| PB 0x0000000080e00000| Untracked 
|  15|0x0000000080f00000, 0x0000000081000000, 0x0000000081000000|100%| O|  |TAMS 0x0000000080f00000| PB 0x0000000080f00000| Untracked 
|  16|0x0000000081000000, 0x0000000081100000, 0x0000000081100000|100%| O|  |TAMS 0x0000000081000000| PB 0x0000000081000000| Untracked 
|  17|0x0000000081100000, 0x0000000081200000, 0x0000000081200000|100%| O|  |TAMS 0x0000000081100000| PB 0x0000000081100000| Untracked 
|  18|0x0000000081200000, 0x0000000081300000, 0x0000000081300000|100%| O|  |TAMS 0x0000000081200000| PB 0x0000000081200000| Untracked 
|  19|0x0000000081300000, 0x0000000081400000, 0x0000000081400000|100%| O|  |TAMS 0x0000000081300000| PB 0x0000000081300000| Untracked 
|  20|0x0000000081400000, 0x0000000081500000, 0x0000000081500000|100%| O|  |TAMS 0x0000000081400000| PB 0x0000000081400000| Untracked 
|  21|0x0000000081500000, 0x0000000081600000, 0x0000000081600000|100%| O|  |TAMS 0x0000000081500000| PB 0x0000000081500000| Untracked 
|  22|0x0000000081600000, 0x0000000081700000, 0x0000000081700000|100%| O|  |TAMS 0x0000000081600000| PB 0x0000000081600000| Untracked 
|  23|0x0000000081700000, 0x0000000081800000, 0x0000000081800000|100%| O|  |TAMS 0x0000000081700000| PB 0x0000000081700000| Untracked 
|  24|0x0000000081800000, 0x0000000081900000, 0x0000000081900000|100%| O|  |TAMS 0x0000000081800000| PB 0x0000000081800000| Untracked 
|  25|0x0000000081900000, 0x0000000081a00000, 0x0000000081a00000|100%| O|  |TAMS 0x0000000081900000| PB 0x0000000081900000| Untracked 
|  26|0x0000000081a00000, 0x0000000081b00000, 0x0000000081b00000|100%| O|  |TAMS 0x0000000081a00000| PB 0x0000000081a00000| Untracked 
|  27|0x0000000081b00000, 0x0000000081c00000, 0x0000000081c00000|100%| O|  |TAMS 0x0000000081b00000| PB 0x0000000081b00000| Untracked 
|  28|0x0000000081c00000, 0x0000000081d00000, 0x0000000081d00000|100%| O|  |TAMS 0x0000000081c00000| PB 0x0000000081c00000| Untracked 
|  29|0x0000000081d00000, 0x0000000081e00000, 0x0000000081e00000|100%| O|  |TAMS 0x0000000081d00000| PB 0x0000000081d00000| Untracked 
|  30|0x0000000081e00000, 0x0000000081f00000, 0x0000000081f00000|100%| O|  |TAMS 0x0000000081e00000| PB 0x0000000081e00000| Untracked 
|  31|0x0000000081f00000, 0x0000000082000000, 0x0000000082000000|100%| O|  |TAMS 0x0000000081f00000| PB 0x0000000081f00000| Untracked 
|  32|0x0000000082000000, 0x0000000082100000, 0x0000000082100000|100%| O|  |TAMS 0x0000000082000000| PB 0x0000000082000000| Untracked 
|  33|0x0000000082100000, 0x0000000082200000, 0x0000000082200000|100%| O|  |TAMS 0x0000000082100000| PB 0x0000000082100000| Untracked 
|  34|0x0000000082200000, 0x0000000082300000, 0x0000000082300000|100%| O|  |TAMS 0x0000000082200000| PB 0x0000000082200000| Untracked 
|  35|0x0000000082300000, 0x0000000082400000, 0x0000000082400000|100%| O|  |TAMS 0x0000000082300000| PB 0x0000000082300000| Untracked 
|  36|0x0000000082400000, 0x0000000082500000, 0x0000000082500000|100%| O|  |TAMS 0x0000000082400000| PB 0x0000000082400000| Untracked 
|  37|0x0000000082500000, 0x0000000082600000, 0x0000000082600000|100%| O|  |TAMS 0x0000000082500000| PB 0x0000000082500000| Untracked 
|  38|0x0000000082600000, 0x0000000082700000, 0x0000000082700000|100%| O|  |TAMS 0x0000000082600000| PB 0x0000000082600000| Untracked 
|  39|0x0000000082700000, 0x0000000082800000, 0x0000000082800000|100%| O|  |TAMS 0x0000000082700000| PB 0x0000000082700000| Untracked 
|  40|0x0000000082800000, 0x0000000082900000, 0x0000000082900000|100%| O|  |TAMS 0x0000000082800000| PB 0x0000000082800000| Untracked 
|  41|0x0000000082900000, 0x0000000082a00000, 0x0000000082a00000|100%| O|  |TAMS 0x0000000082900000| PB 0x0000000082900000| Untracked 
|  42|0x0000000082a00000, 0x0000000082b00000, 0x0000000082b00000|100%| O|  |TAMS 0x0000000082a00000| PB 0x0000000082a00000| Untracked 
|  43|0x0000000082b00000, 0x0000000082c00000, 0x0000000082c00000|100%| O|  |TAMS 0x0000000082b00000| PB 0x0000000082b00000| Untracked 
|  44|0x0000000082c00000, 0x0000000082d00000, 0x0000000082d00000|100%| O|  |TAMS 0x0000000082c00000| PB 0x0000000082c00000| Untracked 
|  45|0x0000000082d00000, 0x0000000082e00000, 0x0000000082e00000|100%| O|  |TAMS 0x0000000082d00000| PB 0x0000000082d00000| Untracked 
|  46|0x0000000082e00000, 0x0000000082f00000, 0x0000000082f00000|100%| O|  |TAMS 0x0000000082e00000| PB 0x0000000082e00000| Untracked 
|  47|0x0000000082f00000, 0x0000000083000000, 0x0000000083000000|100%| O|  |TAMS 0x0000000082f00000| PB 0x0000000082f00000| Untracked 
|  48|0x0000000083000000, 0x0000000083100000, 0x0000000083100000|100%| O|  |TAMS 0x0000000083000000| PB 0x0000000083000000| Untracked 
|  49|0x0000000083100000, 0x0000000083200000, 0x0000000083200000|100%| O|  |TAMS 0x0000000083100000| PB 0x0000000083100000| Untracked 
|  50|0x0000000083200000, 0x0000000083300000, 0x0000000083300000|100%| O|  |TAMS 0x0000000083200000| PB 0x0000000083200000| Untracked 
|  51|0x0000000083300000, 0x0000000083400000, 0x0000000083400000|100%| O|  |TAMS 0x0000000083300000| PB 0x0000000083300000| Untracked 
|  52|0x0000000083400000, 0x0000000083500000, 0x0000000083500000|100%| O|  |TAMS 0x0000000083400000| PB 0x0000000083400000| Untracked 
|  53|0x0000000083500000, 0x0000000083600000, 0x0000000083600000|100%|HS|  |TAMS 0x0000000083500000| PB 0x0000000083500000| Complete 
|  54|0x0000000083600000, 0x0000000083700000, 0x0000000083700000|100%|HC|  |TAMS 0x0000000083600000| PB 0x0000000083600000| Complete 
|  55|0x0000000083700000, 0x0000000083800000, 0x0000000083800000|100%|HC|  |TAMS 0x0000000083700000| PB 0x0000000083700000| Complete 
|  56|0x0000000083800000, 0x0000000083900000, 0x0000000083900000|100%|HC|  |TAMS 0x0000000083800000| PB 0x0000000083800000| Complete 
|  57|0x0000000083900000, 0x0000000083a00000, 0x0000000083a00000|100%|HC|  |TAMS 0x0000000083900000| PB 0x0000000083900000| Complete 
|  58|0x0000000083a00000, 0x0000000083b00000, 0x0000000083b00000|100%|HC|  |TAMS 0x0000000083a00000| PB 0x0000000083a00000| Complete 
|  59|0x0000000083b00000, 0x0000000083c00000, 0x0000000083c00000|100%|HS|  |TAMS 0x0000000083b00000| PB 0x0000000083b00000| Complete 
|  60|0x0000000083c00000, 0x0000000083d00000, 0x0000000083d00000|100%| O|  |TAMS 0x0000000083c00000| PB 0x0000000083c00000| Untracked 
|  61|0x0000000083d00000, 0x0000000083e00000, 0x0000000083e00000|100%| O|  |TAMS 0x0000000083d00000| PB 0x0000000083d00000| Untracked 
|  62|0x0000000083e00000, 0x0000000083f00000, 0x0000000083f00000|100%| O|  |TAMS 0x0000000083e00000| PB 0x0000000083e00000| Untracked 
|  63|0x0000000083f00000, 0x0000000084000000, 0x0000000084000000|100%| O|  |TAMS 0x0000000083f00000| PB 0x0000000083f00000| Untracked 
|  64|0x0000000084000000, 0x0000000084100000, 0x0000000084100000|100%| O|  |TAMS 0x0000000084000000| PB 0x0000000084000000| Untracked 
|  65|0x0000000084100000, 0x0000000084200000, 0x0000000084200000|100%| O|  |TAMS 0x0000000084100000| PB 0x0000000084100000| Untracked 
|  66|0x0000000084200000, 0x0000000084300000, 0x0000000084300000|100%| O|  |TAMS 0x0000000084200000| PB 0x0000000084200000| Untracked 
|  67|0x0000000084300000, 0x0000000084400000, 0x0000000084400000|100%| O|  |TAMS 0x0000000084300000| PB 0x0000000084300000| Untracked 
|  68|0x0000000084400000, 0x0000000084500000, 0x0000000084500000|100%| O|  |TAMS 0x0000000084400000| PB 0x0000000084400000| Untracked 
|  69|0x0000000084500000, 0x0000000084600000, 0x0000000084600000|100%| O|  |TAMS 0x0000000084500000| PB 0x0000000084500000| Untracked 
|  70|0x0000000084600000, 0x0000000084700000, 0x0000000084700000|100%| O|  |TAMS 0x0000000084600000| PB 0x0000000084600000| Untracked 
|  71|0x0000000084700000, 0x0000000084800000, 0x0000000084800000|100%| O|  |TAMS 0x0000000084700000| PB 0x0000000084700000| Untracked 
|  72|0x0000000084800000, 0x0000000084900000, 0x0000000084900000|100%| O|  |TAMS 0x0000000084800000| PB 0x0000000084800000| Untracked 
|  73|0x0000000084900000, 0x0000000084a00000, 0x0000000084a00000|100%| O|  |TAMS 0x0000000084900000| PB 0x0000000084900000| Untracked 
|  74|0x0000000084a00000, 0x0000000084b00000, 0x0000000084b00000|100%| O|  |TAMS 0x0000000084a00000| PB 0x0000000084a00000| Untracked 
|  75|0x0000000084b00000, 0x0000000084c00000, 0x0000000084c00000|100%| O|  |TAMS 0x0000000084b00000| PB 0x0000000084b00000| Untracked 
|  76|0x0000000084c00000, 0x0000000084d00000, 0x0000000084d00000|100%| O|  |TAMS 0x0000000084c00000| PB 0x0000000084c00000| Untracked 
|  77|0x0000000084d00000, 0x0000000084e00000, 0x0000000084e00000|100%| O|  |TAMS 0x0000000084d00000| PB 0x0000000084d00000| Untracked 
|  78|0x0000000084e00000, 0x0000000084f00000, 0x0000000084f00000|100%| O|  |TAMS 0x0000000084e00000| PB 0x0000000084e00000| Untracked 
|  79|0x0000000084f00000, 0x0000000085000000, 0x0000000085000000|100%| O|  |TAMS 0x0000000084f00000| PB 0x0000000084f00000| Untracked 
|  80|0x0000000085000000, 0x0000000085100000, 0x0000000085100000|100%| O|  |TAMS 0x0000000085000000| PB 0x0000000085000000| Untracked 
|  81|0x0000000085100000, 0x0000000085200000, 0x0000000085200000|100%| O|  |TAMS 0x0000000085100000| PB 0x0000000085100000| Untracked 
|  82|0x0000000085200000, 0x0000000085300000, 0x0000000085300000|100%| O|Cm|TAMS 0x0000000085200000| PB 0x0000000085200000| Complete 
|  83|0x0000000085300000, 0x0000000085400000, 0x0000000085400000|100%| O|  |TAMS 0x0000000085300000| PB 0x0000000085300000| Untracked 
|  84|0x0000000085400000, 0x0000000085500000, 0x0000000085500000|100%| O|  |TAMS 0x0000000085400000| PB 0x0000000085400000| Untracked 
|  85|0x0000000085500000, 0x0000000085600000, 0x0000000085600000|100%| O|  |TAMS 0x0000000085500000| PB 0x0000000085500000| Untracked 
|  86|0x0000000085600000, 0x0000000085700000, 0x0000000085700000|100%| O|  |TAMS 0x0000000085600000| PB 0x0000000085600000| Untracked 
|  87|0x0000000085700000, 0x0000000085800000, 0x0000000085800000|100%| O|  |TAMS 0x0000000085700000| PB 0x0000000085700000| Untracked 
|  88|0x0000000085800000, 0x0000000085900000, 0x0000000085900000|100%| O|  |TAMS 0x0000000085800000| PB 0x0000000085800000| Untracked 
|  89|0x0000000085900000, 0x0000000085a00000, 0x0000000085a00000|100%| O|  |TAMS 0x0000000085900000| PB 0x0000000085900000| Untracked 
|  90|0x0000000085a00000, 0x0000000085b00000, 0x0000000085b00000|100%| O|  |TAMS 0x0000000085a00000| PB 0x0000000085a00000| Untracked 
|  91|0x0000000085b00000, 0x0000000085c00000, 0x0000000085c00000|100%| O|  |TAMS 0x0000000085b00000| PB 0x0000000085b00000| Untracked 
|  92|0x0000000085c00000, 0x0000000085d00000, 0x0000000085d00000|100%| O|  |TAMS 0x0000000085c00000| PB 0x0000000085c00000| Untracked 
|  93|0x0000000085d00000, 0x0000000085e00000, 0x0000000085e00000|100%| O|  |TAMS 0x0000000085d00000| PB 0x0000000085d00000| Untracked 
|  94|0x0000000085e00000, 0x0000000085f00000, 0x0000000085f00000|100%| O|  |TAMS 0x0000000085e00000| PB 0x0000000085e00000| Untracked 
|  95|0x0000000085f00000, 0x0000000086000000, 0x0000000086000000|100%| O|Cm|TAMS 0x0000000085f00000| PB 0x0000000085f00000| Complete 
|  96|0x0000000086000000, 0x0000000086100000, 0x0000000086100000|100%| O|  |TAMS 0x0000000086000000| PB 0x0000000086000000| Untracked 
|  97|0x0000000086100000, 0x0000000086200000, 0x0000000086200000|100%| O|  |TAMS 0x0000000086100000| PB 0x0000000086100000| Untracked 
|  98|0x0000000086200000, 0x0000000086300000, 0x0000000086300000|100%| O|Cm|TAMS 0x0000000086200000| PB 0x0000000086200000| Complete 
|  99|0x0000000086300000, 0x0000000086400000, 0x0000000086400000|100%|HS|  |TAMS 0x0000000086300000| PB 0x0000000086300000| Complete 
| 100|0x0000000086400000, 0x0000000086500000, 0x0000000086500000|100%|HC|  |TAMS 0x0000000086400000| PB 0x0000000086400000| Complete 
| 101|0x0000000086500000, 0x0000000086600000, 0x0000000086600000|100%|HC|  |TAMS 0x0000000086500000| PB 0x0000000086500000| Complete 
| 102|0x0000000086600000, 0x0000000086700000, 0x0000000086700000|100%| O|  |TAMS 0x0000000086600000| PB 0x0000000086600000| Untracked 
| 103|0x0000000086700000, 0x0000000086800000, 0x0000000086800000|100%| O|  |TAMS 0x0000000086700000| PB 0x0000000086700000| Untracked 
| 104|0x0000000086800000, 0x0000000086900000, 0x0000000086900000|100%|HS|  |TAMS 0x0000000086800000| PB 0x0000000086800000| Complete 
| 105|0x0000000086900000, 0x0000000086900000, 0x0000000086a00000|  0%| F|  |TAMS 0x0000000086900000| PB 0x0000000086900000| Untracked 
| 106|0x0000000086a00000, 0x0000000086a00000, 0x0000000086b00000|  0%| F|  |TAMS 0x0000000086a00000| PB 0x0000000086a00000| Untracked 
| 107|0x0000000086b00000, 0x0000000086c00000, 0x0000000086c00000|100%| O|Cm|TAMS 0x0000000086b00000| PB 0x0000000086b00000| Complete 
| 108|0x0000000086c00000, 0x0000000086c00000, 0x0000000086d00000|  0%| F|  |TAMS 0x0000000086c00000| PB 0x0000000086c00000| Untracked 
| 109|0x0000000086d00000, 0x0000000086d00000, 0x0000000086e00000|  0%| F|  |TAMS 0x0000000086d00000| PB 0x0000000086d00000| Untracked 
| 110|0x0000000086e00000, 0x0000000086e00000, 0x0000000086f00000|  0%| F|  |TAMS 0x0000000086e00000| PB 0x0000000086e00000| Untracked 
| 111|0x0000000086f00000, 0x0000000087000000, 0x0000000087000000|100%| O|  |TAMS 0x0000000086f00000| PB 0x0000000086f00000| Untracked 
| 112|0x0000000087000000, 0x0000000087100000, 0x0000000087100000|100%| O|  |TAMS 0x0000000087000000| PB 0x0000000087000000| Untracked 
| 113|0x0000000087100000, 0x0000000087200000, 0x0000000087200000|100%| O|  |TAMS 0x0000000087100000| PB 0x0000000087100000| Untracked 
| 114|0x0000000087200000, 0x0000000087200000, 0x0000000087300000|  0%| F|  |TAMS 0x0000000087200000| PB 0x0000000087200000| Untracked 
| 115|0x0000000087300000, 0x0000000087300000, 0x0000000087400000|  0%| F|  |TAMS 0x0000000087300000| PB 0x0000000087300000| Untracked 
| 116|0x0000000087400000, 0x0000000087400000, 0x0000000087500000|  0%| F|  |TAMS 0x0000000087400000| PB 0x0000000087400000| Untracked 
| 117|0x0000000087500000, 0x0000000087600000, 0x0000000087600000|100%| O|  |TAMS 0x0000000087500000| PB 0x0000000087500000| Untracked 
| 118|0x0000000087600000, 0x0000000087700000, 0x0000000087700000|100%| O|  |TAMS 0x0000000087600000| PB 0x0000000087600000| Untracked 
| 119|0x0000000087700000, 0x0000000087800000, 0x0000000087800000|100%| O|  |TAMS 0x0000000087700000| PB 0x0000000087700000| Untracked 
| 120|0x0000000087800000, 0x0000000087900000, 0x0000000087900000|100%|HS|  |TAMS 0x0000000087800000| PB 0x0000000087800000| Complete 
| 121|0x0000000087900000, 0x0000000087a00000, 0x0000000087a00000|100%|HC|  |TAMS 0x0000000087900000| PB 0x0000000087900000| Complete 
| 122|0x0000000087a00000, 0x0000000087b00000, 0x0000000087b00000|100%|HC|  |TAMS 0x0000000087a00000| PB 0x0000000087a00000| Complete 
| 123|0x0000000087b00000, 0x0000000087b00000, 0x0000000087c00000|  0%| F|  |TAMS 0x0000000087b00000| PB 0x0000000087b00000| Untracked 
| 124|0x0000000087c00000, 0x0000000087d00000, 0x0000000087d00000|100%| O|  |TAMS 0x0000000087c00000| PB 0x0000000087c00000| Untracked 
| 125|0x0000000087d00000, 0x0000000087d00000, 0x0000000087e00000|  0%| F|  |TAMS 0x0000000087d00000| PB 0x0000000087d00000| Untracked 
| 126|0x0000000087e00000, 0x0000000087f00000, 0x0000000087f00000|100%| O|  |TAMS 0x0000000087e00000| PB 0x0000000087e00000| Untracked 
| 127|0x0000000087f00000, 0x0000000088000000, 0x0000000088000000|100%| O|  |TAMS 0x0000000087f00000| PB 0x0000000087f00000| Untracked 
| 128|0x0000000088000000, 0x0000000088000000, 0x0000000088100000|  0%| F|  |TAMS 0x0000000088000000| PB 0x0000000088000000| Untracked 
| 129|0x0000000088100000, 0x0000000088100000, 0x0000000088200000|  0%| F|  |TAMS 0x0000000088100000| PB 0x0000000088100000| Untracked 
| 130|0x0000000088200000, 0x0000000088200000, 0x0000000088300000|  0%| F|  |TAMS 0x0000000088200000| PB 0x0000000088200000| Untracked 
| 131|0x0000000088300000, 0x0000000088300000, 0x0000000088400000|  0%| F|  |TAMS 0x0000000088300000| PB 0x0000000088300000| Untracked 
| 132|0x0000000088400000, 0x0000000088400000, 0x0000000088500000|  0%| F|  |TAMS 0x0000000088400000| PB 0x0000000088400000| Untracked 
| 133|0x0000000088500000, 0x0000000088500000, 0x0000000088600000|  0%| F|  |TAMS 0x0000000088500000| PB 0x0000000088500000| Untracked 
| 134|0x0000000088600000, 0x0000000088600000, 0x0000000088700000|  0%| F|  |TAMS 0x0000000088600000| PB 0x0000000088600000| Untracked 
| 135|0x0000000088700000, 0x0000000088700000, 0x0000000088800000|  0%| F|  |TAMS 0x0000000088700000| PB 0x0000000088700000| Untracked 
| 136|0x0000000088800000, 0x0000000088800000, 0x0000000088900000|  0%| F|  |TAMS 0x0000000088800000| PB 0x0000000088800000| Untracked 
| 137|0x0000000088900000, 0x0000000088900000, 0x0000000088a00000|  0%| F|  |TAMS 0x0000000088900000| PB 0x0000000088900000| Untracked 
| 138|0x0000000088a00000, 0x0000000088b00000, 0x0000000088b00000|100%| O|  |TAMS 0x0000000088a00000| PB 0x0000000088a00000| Untracked 
| 139|0x0000000088b00000, 0x0000000088c00000, 0x0000000088c00000|100%| O|  |TAMS 0x0000000088b00000| PB 0x0000000088b00000| Untracked 
| 140|0x0000000088c00000, 0x0000000088d00000, 0x0000000088d00000|100%| O|  |TAMS 0x0000000088c00000| PB 0x0000000088c00000| Untracked 
| 141|0x0000000088d00000, 0x0000000088e00000, 0x0000000088e00000|100%| O|  |TAMS 0x0000000088d00000| PB 0x0000000088d00000| Untracked 
| 142|0x0000000088e00000, 0x0000000088f00000, 0x0000000088f00000|100%| O|  |TAMS 0x0000000088e00000| PB 0x0000000088e00000| Untracked 
| 143|0x0000000088f00000, 0x0000000089000000, 0x0000000089000000|100%| O|Cm|TAMS 0x0000000088f00000| PB 0x0000000088f00000| Complete 
| 144|0x0000000089000000, 0x00000000890d3d20, 0x0000000089100000| 82%| S|CS|TAMS 0x0000000089000000| PB 0x0000000089000000| Complete 
| 145|0x0000000089100000, 0x0000000089200000, 0x0000000089200000|100%| S|CS|TAMS 0x0000000089100000| PB 0x0000000089100000| Complete 
| 146|0x0000000089200000, 0x0000000089300000, 0x0000000089300000|100%| S|CS|TAMS 0x0000000089200000| PB 0x0000000089200000| Complete 
| 147|0x0000000089300000, 0x0000000089300000, 0x0000000089400000|  0%| F|  |TAMS 0x0000000089300000| PB 0x0000000089300000| Untracked 
| 148|0x0000000089400000, 0x0000000089400000, 0x0000000089500000|  0%| F|  |TAMS 0x0000000089400000| PB 0x0000000089400000| Untracked 
| 149|0x0000000089500000, 0x0000000089500000, 0x0000000089600000|  0%| F|  |TAMS 0x0000000089500000| PB 0x0000000089500000| Untracked 
| 150|0x0000000089600000, 0x0000000089600000, 0x0000000089700000|  0%| F|  |TAMS 0x0000000089600000| PB 0x0000000089600000| Untracked 
| 151|0x0000000089700000, 0x0000000089700000, 0x0000000089800000|  0%| F|  |TAMS 0x0000000089700000| PB 0x0000000089700000| Untracked 
| 152|0x0000000089800000, 0x0000000089900000, 0x0000000089900000|100%| S|CS|TAMS 0x0000000089800000| PB 0x0000000089800000| Complete 
| 153|0x0000000089900000, 0x0000000089a00000, 0x0000000089a00000|100%| S|CS|TAMS 0x0000000089900000| PB 0x0000000089900000| Complete 
| 154|0x0000000089a00000, 0x0000000089b00000, 0x0000000089b00000|100%| S|CS|TAMS 0x0000000089a00000| PB 0x0000000089a00000| Complete 
| 155|0x0000000089b00000, 0x0000000089c00000, 0x0000000089c00000|100%| S|CS|TAMS 0x0000000089b00000| PB 0x0000000089b00000| Complete 
| 156|0x0000000089c00000, 0x0000000089c00000, 0x0000000089d00000|  0%| F|  |TAMS 0x0000000089c00000| PB 0x0000000089c00000| Untracked 
| 157|0x0000000089d00000, 0x0000000089d00000, 0x0000000089e00000|  0%| F|  |TAMS 0x0000000089d00000| PB 0x0000000089d00000| Untracked 
| 158|0x0000000089e00000, 0x0000000089e00000, 0x0000000089f00000|  0%| F|  |TAMS 0x0000000089e00000| PB 0x0000000089e00000| Untracked 
| 159|0x0000000089f00000, 0x0000000089f00000, 0x000000008a000000|  0%| F|  |TAMS 0x0000000089f00000| PB 0x0000000089f00000| Untracked 
| 160|0x000000008a000000, 0x000000008a000000, 0x000000008a100000|  0%| F|  |TAMS 0x000000008a000000| PB 0x000000008a000000| Untracked 
| 161|0x000000008a100000, 0x000000008a100000, 0x000000008a200000|  0%| F|  |TAMS 0x000000008a100000| PB 0x000000008a100000| Untracked 
| 162|0x000000008a200000, 0x000000008a200000, 0x000000008a300000|  0%| F|  |TAMS 0x000000008a200000| PB 0x000000008a200000| Untracked 
| 163|0x000000008a300000, 0x000000008a300000, 0x000000008a400000|  0%| F|  |TAMS 0x000000008a300000| PB 0x000000008a300000| Untracked 
| 164|0x000000008a400000, 0x000000008a400000, 0x000000008a500000|  0%| F|  |TAMS 0x000000008a400000| PB 0x000000008a400000| Untracked 
| 165|0x000000008a500000, 0x000000008a500000, 0x000000008a600000|  0%| F|  |TAMS 0x000000008a500000| PB 0x000000008a500000| Untracked 
| 166|0x000000008a600000, 0x000000008a600000, 0x000000008a700000|  0%| F|  |TAMS 0x000000008a600000| PB 0x000000008a600000| Untracked 
| 167|0x000000008a700000, 0x000000008a700000, 0x000000008a800000|  0%| F|  |TAMS 0x000000008a700000| PB 0x000000008a700000| Untracked 
| 168|0x000000008a800000, 0x000000008a800000, 0x000000008a900000|  0%| F|  |TAMS 0x000000008a800000| PB 0x000000008a800000| Untracked 
| 169|0x000000008a900000, 0x000000008a900000, 0x000000008aa00000|  0%| F|  |TAMS 0x000000008a900000| PB 0x000000008a900000| Untracked 
| 170|0x000000008aa00000, 0x000000008aa00000, 0x000000008ab00000|  0%| F|  |TAMS 0x000000008aa00000| PB 0x000000008aa00000| Untracked 
| 171|0x000000008ab00000, 0x000000008ab00000, 0x000000008ac00000|  0%| F|  |TAMS 0x000000008ab00000| PB 0x000000008ab00000| Untracked 
| 172|0x000000008ac00000, 0x000000008ac00000, 0x000000008ad00000|  0%| F|  |TAMS 0x000000008ac00000| PB 0x000000008ac00000| Untracked 
| 173|0x000000008ad00000, 0x000000008ad00000, 0x000000008ae00000|  0%| F|  |TAMS 0x000000008ad00000| PB 0x000000008ad00000| Untracked 
| 174|0x000000008ae00000, 0x000000008ae00000, 0x000000008af00000|  0%| F|  |TAMS 0x000000008ae00000| PB 0x000000008ae00000| Untracked 
| 175|0x000000008af00000, 0x000000008b000000, 0x000000008b000000|100%| E|  |TAMS 0x000000008af00000| PB 0x000000008af00000| Complete 
| 176|0x000000008b000000, 0x000000008b100000, 0x000000008b100000|100%| E|CS|TAMS 0x000000008b000000| PB 0x000000008b000000| Complete 
| 177|0x000000008b100000, 0x000000008b200000, 0x000000008b200000|100%| E|CS|TAMS 0x000000008b100000| PB 0x000000008b100000| Complete 
| 178|0x000000008b200000, 0x000000008b300000, 0x000000008b300000|100%| E|CS|TAMS 0x000000008b200000| PB 0x000000008b200000| Complete 
| 179|0x000000008b300000, 0x000000008b400000, 0x000000008b400000|100%| E|CS|TAMS 0x000000008b300000| PB 0x000000008b300000| Complete 
| 180|0x000000008b400000, 0x000000008b500000, 0x000000008b500000|100%| E|CS|TAMS 0x000000008b400000| PB 0x000000008b400000| Complete 
| 181|0x000000008b500000, 0x000000008b600000, 0x000000008b600000|100%| E|CS|TAMS 0x000000008b500000| PB 0x000000008b500000| Complete 
| 182|0x000000008b600000, 0x000000008b700000, 0x000000008b700000|100%| E|CS|TAMS 0x000000008b600000| PB 0x000000008b600000| Complete 
| 183|0x000000008b700000, 0x000000008b800000, 0x000000008b800000|100%| E|CS|TAMS 0x000000008b700000| PB 0x000000008b700000| Complete 
| 184|0x000000008b800000, 0x000000008b900000, 0x000000008b900000|100%| E|CS|TAMS 0x000000008b800000| PB 0x000000008b800000| Complete 
| 185|0x000000008b900000, 0x000000008ba00000, 0x000000008ba00000|100%| E|CS|TAMS 0x000000008b900000| PB 0x000000008b900000| Complete 
| 186|0x000000008ba00000, 0x000000008bb00000, 0x000000008bb00000|100%| E|CS|TAMS 0x000000008ba00000| PB 0x000000008ba00000| Complete 
| 187|0x000000008bb00000, 0x000000008bc00000, 0x000000008bc00000|100%| E|CS|TAMS 0x000000008bb00000| PB 0x000000008bb00000| Complete 
| 188|0x000000008bc00000, 0x000000008bd00000, 0x000000008bd00000|100%| E|CS|TAMS 0x000000008bc00000| PB 0x000000008bc00000| Complete 
| 189|0x000000008bd00000, 0x000000008be00000, 0x000000008be00000|100%| E|CS|TAMS 0x000000008bd00000| PB 0x000000008bd00000| Complete 
| 190|0x000000008be00000, 0x000000008bf00000, 0x000000008bf00000|100%| E|CS|TAMS 0x000000008be00000| PB 0x000000008be00000| Complete 
| 191|0x000000008bf00000, 0x000000008c000000, 0x000000008c000000|100%| E|CS|TAMS 0x000000008bf00000| PB 0x000000008bf00000| Complete 
| 192|0x000000008c000000, 0x000000008c100000, 0x000000008c100000|100%| E|CS|TAMS 0x000000008c000000| PB 0x000000008c000000| Complete 
| 193|0x000000008c100000, 0x000000008c200000, 0x000000008c200000|100%| E|CS|TAMS 0x000000008c100000| PB 0x000000008c100000| Complete 
| 194|0x000000008c200000, 0x000000008c300000, 0x000000008c300000|100%| E|CS|TAMS 0x000000008c200000| PB 0x000000008c200000| Complete 
| 195|0x000000008c300000, 0x000000008c400000, 0x000000008c400000|100%| E|CS|TAMS 0x000000008c300000| PB 0x000000008c300000| Complete 
| 196|0x000000008c400000, 0x000000008c500000, 0x000000008c500000|100%| E|CS|TAMS 0x000000008c400000| PB 0x000000008c400000| Complete 
| 197|0x000000008c500000, 0x000000008c600000, 0x000000008c600000|100%| E|CS|TAMS 0x000000008c500000| PB 0x000000008c500000| Complete 
| 198|0x000000008c600000, 0x000000008c700000, 0x000000008c700000|100%| E|CS|TAMS 0x000000008c600000| PB 0x000000008c600000| Complete 
| 199|0x000000008c700000, 0x000000008c800000, 0x000000008c800000|100%| E|CS|TAMS 0x000000008c700000| PB 0x000000008c700000| Complete 
| 200|0x000000008c800000, 0x000000008c900000, 0x000000008c900000|100%| E|CS|TAMS 0x000000008c800000| PB 0x000000008c800000| Complete 
| 201|0x000000008c900000, 0x000000008ca00000, 0x000000008ca00000|100%| E|CS|TAMS 0x000000008c900000| PB 0x000000008c900000| Complete 
| 202|0x000000008ca00000, 0x000000008cb00000, 0x000000008cb00000|100%| E|CS|TAMS 0x000000008ca00000| PB 0x000000008ca00000| Complete 
| 203|0x000000008cb00000, 0x000000008cc00000, 0x000000008cc00000|100%| E|CS|TAMS 0x000000008cb00000| PB 0x000000008cb00000| Complete 
| 204|0x000000008cc00000, 0x000000008cd00000, 0x000000008cd00000|100%| E|CS|TAMS 0x000000008cc00000| PB 0x000000008cc00000| Complete 
| 205|0x000000008cd00000, 0x000000008ce00000, 0x000000008ce00000|100%| E|CS|TAMS 0x000000008cd00000| PB 0x000000008cd00000| Complete 
| 206|0x000000008ce00000, 0x000000008cf00000, 0x000000008cf00000|100%| E|CS|TAMS 0x000000008ce00000| PB 0x000000008ce00000| Complete 
| 207|0x000000008cf00000, 0x000000008d000000, 0x000000008d000000|100%| E|CS|TAMS 0x000000008cf00000| PB 0x000000008cf00000| Complete 
| 208|0x000000008d000000, 0x000000008d100000, 0x000000008d100000|100%| E|CS|TAMS 0x000000008d000000| PB 0x000000008d000000| Complete 
| 209|0x000000008d100000, 0x000000008d200000, 0x000000008d200000|100%| E|CS|TAMS 0x000000008d100000| PB 0x000000008d100000| Complete 
| 210|0x000000008d200000, 0x000000008d300000, 0x000000008d300000|100%| E|CS|TAMS 0x000000008d200000| PB 0x000000008d200000| Complete 
| 211|0x000000008d300000, 0x000000008d400000, 0x000000008d400000|100%| E|CS|TAMS 0x000000008d300000| PB 0x000000008d300000| Complete 
| 212|0x000000008d400000, 0x000000008d500000, 0x000000008d500000|100%| E|CS|TAMS 0x000000008d400000| PB 0x000000008d400000| Complete 
| 213|0x000000008d500000, 0x000000008d600000, 0x000000008d600000|100%| E|CS|TAMS 0x000000008d500000| PB 0x000000008d500000| Complete 
| 214|0x000000008d600000, 0x000000008d700000, 0x000000008d700000|100%| E|CS|TAMS 0x000000008d600000| PB 0x000000008d600000| Complete 
| 215|0x000000008d700000, 0x000000008d800000, 0x000000008d800000|100%| E|CS|TAMS 0x000000008d700000| PB 0x000000008d700000| Complete 
| 216|0x000000008d800000, 0x000000008d900000, 0x000000008d900000|100%| E|CS|TAMS 0x000000008d800000| PB 0x000000008d800000| Complete 
| 217|0x000000008d900000, 0x000000008da00000, 0x000000008da00000|100%| E|CS|TAMS 0x000000008d900000| PB 0x000000008d900000| Complete 
| 218|0x000000008da00000, 0x000000008db00000, 0x000000008db00000|100%| E|CS|TAMS 0x000000008da00000| PB 0x000000008da00000| Complete 
| 219|0x000000008db00000, 0x000000008dc00000, 0x000000008dc00000|100%| E|CS|TAMS 0x000000008db00000| PB 0x000000008db00000| Complete 
| 251|0x000000008fb00000, 0x000000008fc00000, 0x000000008fc00000|100%| E|CS|TAMS 0x000000008fb00000| PB 0x000000008fb00000| Complete 
|2032|0x00000000ff000000, 0x00000000ff100000, 0x00000000ff100000|100%| O|Cm|TAMS 0x00000000ff000000| PB 0x00000000ff000000| Complete 
|2033|0x00000000ff100000, 0x00000000ff200000, 0x00000000ff200000|100%| E|CS|TAMS 0x00000000ff100000| PB 0x00000000ff100000| Complete 
|2034|0x00000000ff200000, 0x00000000ff300000, 0x00000000ff300000|100%| O|  |TAMS 0x00000000ff200000| PB 0x00000000ff200000| Untracked 
|2035|0x00000000ff300000, 0x00000000ff400000, 0x00000000ff400000|100%| E|CS|TAMS 0x00000000ff300000| PB 0x00000000ff300000| Complete 
|2036|0x00000000ff400000, 0x00000000ff500000, 0x00000000ff500000|100%| E|CS|TAMS 0x00000000ff400000| PB 0x00000000ff400000| Complete 
|2037|0x00000000ff500000, 0x00000000ff600000, 0x00000000ff600000|100%| E|CS|TAMS 0x00000000ff500000| PB 0x00000000ff500000| Complete 
|2038|0x00000000ff600000, 0x00000000ff700000, 0x00000000ff700000|100%| O|  |TAMS 0x00000000ff600000| PB 0x00000000ff600000| Untracked 
|2039|0x00000000ff700000, 0x00000000ff800000, 0x00000000ff800000|100%| O|  |TAMS 0x00000000ff700000| PB 0x00000000ff700000| Untracked 
|2040|0x00000000ff800000, 0x00000000ff900000, 0x00000000ff900000|100%| O|  |TAMS 0x00000000ff800000| PB 0x00000000ff800000| Untracked 
|2041|0x00000000ff900000, 0x00000000ffa00000, 0x00000000ffa00000|100%| O|  |TAMS 0x00000000ff900000| PB 0x00000000ff900000| Untracked 
|2042|0x00000000ffa00000, 0x00000000ffb00000, 0x00000000ffb00000|100%| O|  |TAMS 0x00000000ffa00000| PB 0x00000000ffa00000| Untracked 
|2043|0x00000000ffb00000, 0x00000000ffc00000, 0x00000000ffc00000|100%| O|  |TAMS 0x00000000ffb00000| PB 0x00000000ffb00000| Untracked 
|2044|0x00000000ffc00000, 0x00000000ffd00000, 0x00000000ffd00000|100%| O|  |TAMS 0x00000000ffc00000| PB 0x00000000ffc00000| Untracked 
|2045|0x00000000ffd00000, 0x00000000ffe00000, 0x00000000ffe00000|100%| E|CS|TAMS 0x00000000ffd00000| PB 0x00000000ffd00000| Complete 
|2046|0x00000000ffe00000, 0x00000000fff00000, 0x00000000fff00000|100%| O|  |TAMS 0x00000000ffe00000| PB 0x00000000ffe00000| Untracked 
|2047|0x00000000fff00000, 0x0000000100000000, 0x0000000100000000|100%| O|  |TAMS 0x00000000fff00000| PB 0x00000000fff00000| Untracked 

Card table byte_map: [0x000001d63d6b0000,0x000001d63dab0000] _byte_map_base: 0x000001d63d2b0000

Marking Bits: (CMBitMap*) 0x000001d62addd410
 Bits: [0x000001d63dab0000, 0x000001d63fab0000)

Polling page: 0x000001d628e00000

Metaspace:

Usage:
  Non-class:    119.74 MB used.
      Class:     18.01 MB used.
       Both:    137.74 MB used.

Virtual space:
  Non-class space:      128.00 MB reserved,     121.00 MB ( 95%) committed,  2 nodes.
      Class space:      416.00 MB reserved,      19.31 MB (  5%) committed,  1 nodes.
             Both:      544.00 MB reserved,     140.31 MB ( 26%) committed. 

Chunk freelists:
   Non-Class:  6.38 MB
       Class:  12.73 MB
        Both:  19.11 MB

MaxMetaspaceSize: 512.00 MB
CompressedClassSpaceSize: 416.00 MB
Initial GC threshold: 21.00 MB
Current GC threshold: 233.75 MB
CDS: on
 - commit_granule_bytes: 65536.
 - commit_granule_words: 8192.
 - virtual_space_node_default_size: 8388608.
 - enlarge_chunks_in_place: 1.
 - use_allocation_guard: 0.


Internal statistics:

num_allocs_failed_limit: 6.
num_arena_births: 4766.
num_arena_deaths: 2.
num_vsnodes_births: 3.
num_vsnodes_deaths: 0.
num_space_committed: 2243.
num_space_uncommitted: 0.
num_chunks_returned_to_freelist: 14.
num_chunks_taken_from_freelist: 10862.
num_chunk_merges: 7.
num_chunk_splits: 7520.
num_chunks_enlarged: 5212.
num_inconsistent_stats: 0.

CodeHeap 'non-profiled nmethods': size=120000Kb used=9891Kb max_used=9891Kb free=110108Kb
 bounds [0x000001d635a50000, 0x000001d636400000, 0x000001d63cf80000]
CodeHeap 'profiled nmethods': size=120000Kb used=37038Kb max_used=37038Kb free=82961Kb
 bounds [0x000001d62df80000, 0x000001d6303d0000, 0x000001d6354b0000]
CodeHeap 'non-nmethods': size=5760Kb used=3231Kb max_used=3287Kb free=2528Kb
 bounds [0x000001d6354b0000, 0x000001d6357f0000, 0x000001d635a50000]
CodeCache: size=245760Kb, used=50160Kb, max_used=50216Kb, free=195597Kb
 total_blobs=17165, nmethods=15993, adapters=1073, full_count=0
Compilation: enabled, stopped_count=0, restarted_count=0

Compilation events (20 events):
Event: 54.153 Thread 0x000001d642516940 18650       3       org.jetbrains.kotlin.types.checker.SimpleClassicTypeSystemContext::isDenotable (6 bytes)
Event: 54.154 Thread 0x000001d642516940 nmethod 18650 0x000001d62e284990 code [0x000001d62e284b40, 0x000001d62e284c78]
Event: 54.156 Thread 0x000001d642516940 18651       3       javaslang.collection.HashArrayMappedTrieModule$IndexedNode::lookup (58 bytes)
Event: 54.156 Thread 0x000001d672181960 nmethod 18647 0x000001d635e71f10 code [0x000001d635e720c0, 0x000001d635e725a0]
Event: 54.156 Thread 0x000001d642516940 nmethod 18651 0x000001d62e61cb10 code [0x000001d62e61cd20, 0x000001d62e61d2c0]
Event: 54.156 Thread 0x000001d642516940 18652       1       org.jetbrains.kotlin.load.java.structure.impl.classFiles.BinaryJavaField::getAnnotations (5 bytes)
Event: 54.156 Thread 0x000001d642516940 nmethod 18652 0x000001d636084f90 code [0x000001d636085120, 0x000001d6360851e8]
Event: 54.182 Thread 0x000001d672181960 18653       4       sun.nio.fs.Util::followLinks (66 bytes)
Event: 54.184 Thread 0x000001d642516940 18655       3       org.jetbrains.kotlin.serialization.deserialization.MemberDeserializer::getReceiverParameterAnnotations (26 bytes)
Event: 54.184 Thread 0x000001d672181960 nmethod 18653 0x000001d636084b90 code [0x000001d636084d20, 0x000001d636084e30]
Event: 54.184 Thread 0x000001d672181960 18654       4       sun.nio.fs.WindowsFileSystemProvider::readAttributes (63 bytes)
Event: 54.186 Thread 0x000001d642516940 nmethod 18655 0x000001d62ebc5190 code [0x000001d62ebc54c0, 0x000001d62ebc66d8]
Event: 54.186 Thread 0x000001d642516940 18656       3       kotlin.collections.ArraysKt___ArraysJvmKt::copyInto (25 bytes)
Event: 54.188 Thread 0x000001d642516940 nmethod 18656 0x000001d62e294a90 code [0x000001d62e294d40, 0x000001d62e295928]
Event: 54.188 Thread 0x000001d642516940 18658       1       org.jetbrains.kotlin.psi2ir.generators.GeneratorContext::getCallToSubstitutedDescriptorMap$ir_psi2ir (5 bytes)
Event: 54.188 Thread 0x000001d642516940 nmethod 18658 0x000001d636084890 code [0x000001d636084a20, 0x000001d636084ae8]
Event: 54.189 Thread 0x000001d642516940 18659       3       org.jetbrains.kotlin.com.intellij.psi.impl.source.tree.SharedImplUtil::countChildrenOfType (56 bytes)
Event: 54.189 Thread 0x000001d642516940 nmethod 18659 0x000001d62e690890 code [0x000001d62e690aa0, 0x000001d62e6910d8]
Event: 54.193 Thread 0x000001d642516940 18660       3       org.jetbrains.kotlin.psi2ir.transformations.InsertImplicitCasts$postprocessReturnExpressions$1::visitElement (15 bytes)
Event: 55.193 Thread 0x000001d672181960 nmethod 18654 0x000001d636084110 code [0x000001d6360842e0, 0x000001d636084520]

GC Heap History (20 events):
Event: 38.418 GC heap before
{Heap before GC invocations=48 (full 0):
 garbage-first heap   total 209920K, used 167216K [0x0000000080000000, 0x0000000100000000)
  region size 1024K, 51 young (52224K), 9 survivors (9216K)
 Metaspace       used 124894K, committed 127360K, reserved 557056K
  class space    used 16445K, committed 17664K, reserved 425984K
}
Event: 38.431 GC heap after
{Heap after GC invocations=49 (full 0):
 garbage-first heap   total 209920K, used 132361K [0x0000000080000000, 0x0000000100000000)
  region size 1024K, 6 young (6144K), 6 survivors (6144K)
 Metaspace       used 124894K, committed 127360K, reserved 557056K
  class space    used 16445K, committed 17664K, reserved 425984K
}
Event: 39.307 GC heap before
{Heap before GC invocations=50 (full 0):
 garbage-first heap   total 222208K, used 190729K [0x0000000080000000, 0x0000000100000000)
  region size 1024K, 59 young (60416K), 6 survivors (6144K)
 Metaspace       used 124990K, committed 127424K, reserved 557056K
  class space    used 16445K, committed 17664K, reserved 425984K
}
Event: 39.316 GC heap after
{Heap after GC invocations=51 (full 0):
 garbage-first heap   total 222208K, used 141312K [0x0000000080000000, 0x0000000100000000)
  region size 1024K, 8 young (8192K), 8 survivors (8192K)
 Metaspace       used 124990K, committed 127424K, reserved 557056K
  class space    used 16445K, committed 17664K, reserved 425984K
}
Event: 40.667 GC heap before
{Heap before GC invocations=51 (full 0):
 garbage-first heap   total 222208K, used 197632K [0x0000000080000000, 0x0000000100000000)
  region size 1024K, 63 young (64512K), 8 survivors (8192K)
 Metaspace       used 125591K, committed 128000K, reserved 557056K
  class space    used 16491K, committed 17664K, reserved 425984K
}
Event: 40.681 GC heap after
{Heap after GC invocations=52 (full 0):
 garbage-first heap   total 222208K, used 131042K [0x0000000080000000, 0x0000000100000000)
  region size 1024K, 8 young (8192K), 8 survivors (8192K)
 Metaspace       used 125591K, committed 128000K, reserved 557056K
  class space    used 16491K, committed 17664K, reserved 425984K
}
Event: 40.856 GC heap before
{Heap before GC invocations=52 (full 0):
 garbage-first heap   total 222208K, used 151522K [0x0000000080000000, 0x0000000100000000)
  region size 1024K, 29 young (29696K), 8 survivors (8192K)
 Metaspace       used 125660K, committed 128128K, reserved 557056K
  class space    used 16491K, committed 17664K, reserved 425984K
}
Event: 40.870 GC heap after
{Heap after GC invocations=53 (full 0):
 garbage-first heap   total 222208K, used 135521K [0x0000000080000000, 0x0000000100000000)
  region size 1024K, 5 young (5120K), 5 survivors (5120K)
 Metaspace       used 125660K, committed 128128K, reserved 557056K
  class space    used 16491K, committed 17664K, reserved 425984K
}
Event: 41.793 GC heap before
{Heap before GC invocations=54 (full 0):
 garbage-first heap   total 229376K, used 201057K [0x0000000080000000, 0x0000000100000000)
  region size 1024K, 65 young (66560K), 5 survivors (5120K)
 Metaspace       used 126252K, committed 128768K, reserved 557056K
  class space    used 16555K, committed 17792K, reserved 425984K
}
Event: 41.800 GC heap after
{Heap after GC invocations=55 (full 0):
 garbage-first heap   total 229376K, used 143916K [0x0000000080000000, 0x0000000100000000)
  region size 1024K, 9 young (9216K), 9 survivors (9216K)
 Metaspace       used 126252K, committed 128768K, reserved 557056K
  class space    used 16555K, committed 17792K, reserved 425984K
}
Event: 43.250 GC heap before
{Heap before GC invocations=55 (full 0):
 garbage-first heap   total 229376K, used 204332K [0x0000000080000000, 0x0000000100000000)
  region size 1024K, 69 young (70656K), 9 survivors (9216K)
 Metaspace       used 131492K, committed 134080K, reserved 557056K
  class space    used 17249K, committed 18496K, reserved 425984K
}
Event: 43.259 GC heap after
{Heap after GC invocations=56 (full 0):
 garbage-first heap   total 229376K, used 136571K [0x0000000080000000, 0x0000000100000000)
  region size 1024K, 4 young (4096K), 4 survivors (4096K)
 Metaspace       used 131492K, committed 134080K, reserved 557056K
  class space    used 17249K, committed 18496K, reserved 425984K
}
Event: 44.532 GC heap before
{Heap before GC invocations=56 (full 0):
 garbage-first heap   total 229376K, used 204155K [0x0000000080000000, 0x0000000100000000)
  region size 1024K, 70 young (71680K), 4 survivors (4096K)
 Metaspace       used 136494K, committed 139072K, reserved 557056K
  class space    used 18053K, committed 19328K, reserved 425984K
}
Event: 44.542 GC heap after
{Heap after GC invocations=57 (full 0):
 garbage-first heap   total 229376K, used 138687K [0x0000000080000000, 0x0000000100000000)
  region size 1024K, 6 young (6144K), 6 survivors (6144K)
 Metaspace       used 136494K, committed 139072K, reserved 557056K
  class space    used 18053K, committed 19328K, reserved 425984K
}
Event: 45.202 GC heap before
{Heap before GC invocations=58 (full 0):
 garbage-first heap   total 229376K, used 205055K [0x0000000080000000, 0x0000000100000000)
  region size 1024K, 73 young (74752K), 6 survivors (6144K)
 Metaspace       used 136752K, committed 139456K, reserved 557056K
  class space    used 18076K, committed 19392K, reserved 425984K
}
Event: 45.212 GC heap after
{Heap after GC invocations=59 (full 0):
 garbage-first heap   total 229376K, used 144614K [0x0000000080000000, 0x0000000100000000)
  region size 1024K, 10 young (10240K), 10 survivors (10240K)
 Metaspace       used 136752K, committed 139456K, reserved 557056K
  class space    used 18076K, committed 19392K, reserved 425984K
}
Event: 50.440 GC heap before
{Heap before GC invocations=59 (full 0):
 garbage-first heap   total 229376K, used 208102K [0x0000000080000000, 0x0000000100000000)
  region size 1024K, 72 young (73728K), 10 survivors (10240K)
 Metaspace       used 138501K, committed 141184K, reserved 557056K
  class space    used 18218K, committed 19520K, reserved 425984K
}
Event: 50.475 GC heap after
{Heap after GC invocations=60 (full 0):
 garbage-first heap   total 234496K, used 137015K [0x0000000080000000, 0x0000000100000000)
  region size 1024K, 9 young (9216K), 9 survivors (9216K)
 Metaspace       used 138501K, committed 141184K, reserved 557056K
  class space    used 18218K, committed 19520K, reserved 425984K
}
Event: 53.246 GC heap before
{Heap before GC invocations=60 (full 0):
 garbage-first heap   total 234496K, used 195383K [0x0000000080000000, 0x0000000100000000)
  region size 1024K, 67 young (68608K), 9 survivors (9216K)
 Metaspace       used 140952K, committed 143616K, reserved 557056K
  class space    used 18440K, committed 19776K, reserved 425984K
}
Event: 53.263 GC heap after
{Heap after GC invocations=61 (full 0):
 garbage-first heap   total 234496K, used 144207K [0x0000000080000000, 0x0000000100000000)
  region size 1024K, 7 young (7168K), 7 survivors (7168K)
 Metaspace       used 140952K, committed 143616K, reserved 557056K
  class space    used 18440K, committed 19776K, reserved 425984K
}

Dll operation events (14 events):
Event: 0.016 Loaded shared library C:\Users\Jean\.vscode\extensions\redhat.java-1.54.0-win32-x64\jre\21.0.10-win32-x86_64\bin\java.dll
Event: 0.115 Loaded shared library C:\Users\Jean\.vscode\extensions\redhat.java-1.54.0-win32-x64\jre\21.0.10-win32-x86_64\bin\zip.dll
Event: 0.144 Loaded shared library C:\Users\Jean\.vscode\extensions\redhat.java-1.54.0-win32-x64\jre\21.0.10-win32-x86_64\bin\instrument.dll
Event: 0.152 Loaded shared library C:\Users\Jean\.vscode\extensions\redhat.java-1.54.0-win32-x64\jre\21.0.10-win32-x86_64\bin\net.dll
Event: 0.155 Loaded shared library C:\Users\Jean\.vscode\extensions\redhat.java-1.54.0-win32-x64\jre\21.0.10-win32-x86_64\bin\nio.dll
Event: 0.167 Loaded shared library C:\Users\Jean\.vscode\extensions\redhat.java-1.54.0-win32-x64\jre\21.0.10-win32-x86_64\bin\zip.dll
Event: 0.594 Loaded shared library C:\Users\Jean\.vscode\extensions\redhat.java-1.54.0-win32-x64\jre\21.0.10-win32-x86_64\bin\jimage.dll
Event: 0.827 Loaded shared library C:\Users\Jean\.vscode\extensions\redhat.java-1.54.0-win32-x64\jre\21.0.10-win32-x86_64\bin\verify.dll
Event: 0.995 Loaded shared library C:\Users\Jean\.gradle\native\1def1411415f61bf3af743bc5b6707747c0891f09f0c88961ee8f79bc544acac\windows-amd64\native-platform.dll
Event: 1.184 Loaded shared library C:\Users\Jean\.gradle\native\0.2.7\x86_64-windows-gnu\gradle-fileevents.dll
Event: 3.091 Loaded shared library C:\Users\Jean\.vscode\extensions\redhat.java-1.54.0-win32-x64\jre\21.0.10-win32-x86_64\bin\management.dll
Event: 3.097 Loaded shared library C:\Users\Jean\.vscode\extensions\redhat.java-1.54.0-win32-x64\jre\21.0.10-win32-x86_64\bin\management_ext.dll
Event: 3.473 Loaded shared library C:\Users\Jean\.vscode\extensions\redhat.java-1.54.0-win32-x64\jre\21.0.10-win32-x86_64\bin\extnet.dll
Event: 3.952 Loaded shared library C:\Users\Jean\.vscode\extensions\redhat.java-1.54.0-win32-x64\jre\21.0.10-win32-x86_64\bin\sunmscapi.dll

Deoptimization events (20 events):
Event: 51.935 Thread 0x000001d66379e2e0 Uncommon trap: trap_request=0xffffff45 fr.pc=0x000001d636307124 relative=0x0000000000000c24
Event: 51.935 Thread 0x000001d66379e2e0 Uncommon trap: reason=unstable_if action=reinterpret pc=0x000001d636307124 method=org.jetbrains.kotlin.utils.SmartSet.add(Ljava/lang/Object;)Z @ 32 c2
Event: 51.935 Thread 0x000001d66379e2e0 DEOPT PACKING pc=0x000001d636307124 sp=0x00000099a15f0e30
Event: 51.935 Thread 0x000001d66379e2e0 DEOPT UNPACKING pc=0x000001d635507ba2 sp=0x00000099a15f0df8 mode 2
Event: 52.712 Thread 0x000001d66379e2e0 Uncommon trap: trap_request=0xfffffff4 fr.pc=0x000001d636236120 relative=0x00000000000005c0
Event: 52.712 Thread 0x000001d66379e2e0 Uncommon trap: reason=null_check action=make_not_entrant pc=0x000001d636236120 method=java.lang.ThreadLocal$ThreadLocalMap.expungeStaleEntry(I)I @ 51 c2
Event: 52.712 Thread 0x000001d66379e2e0 DEOPT PACKING pc=0x000001d636236120 sp=0x00000099a15f6880
Event: 52.712 Thread 0x000001d66379e2e0 DEOPT UNPACKING pc=0x000001d635507ba2 sp=0x00000099a15f6820 mode 2
Event: 52.898 Thread 0x000001d66379e2e0 Uncommon trap: trap_request=0xffffffc6 fr.pc=0x000001d6362e5ae8 relative=0x0000000000000ee8
Event: 52.898 Thread 0x000001d66379e2e0 Uncommon trap: reason=bimorphic_or_optimized_type_check action=maybe_recompile pc=0x000001d6362e5ae8 method=kotlin.collections.CollectionsKt___CollectionsKt.toSet(Ljava/lang/Iterable;)Ljava/util/Set; @ 71 c2
Event: 52.898 Thread 0x000001d66379e2e0 DEOPT PACKING pc=0x000001d6362e5ae8 sp=0x00000099a15f6840
Event: 52.898 Thread 0x000001d66379e2e0 DEOPT UNPACKING pc=0x000001d635507ba2 sp=0x00000099a15f6820 mode 2
Event: 52.906 Thread 0x000001d66379e2e0 Uncommon trap: trap_request=0xffffffc6 fr.pc=0x000001d6362e5ae8 relative=0x0000000000000ee8
Event: 52.906 Thread 0x000001d66379e2e0 Uncommon trap: reason=bimorphic_or_optimized_type_check action=maybe_recompile pc=0x000001d6362e5ae8 method=kotlin.collections.CollectionsKt___CollectionsKt.toSet(Ljava/lang/Iterable;)Ljava/util/Set; @ 71 c2
Event: 52.906 Thread 0x000001d66379e2e0 DEOPT PACKING pc=0x000001d6362e5ae8 sp=0x00000099a15f6840
Event: 52.906 Thread 0x000001d66379e2e0 DEOPT UNPACKING pc=0x000001d635507ba2 sp=0x00000099a15f6820 mode 2
Event: 53.096 Thread 0x000001d66379e2e0 DEOPT PACKING pc=0x000001d62e42e68d sp=0x00000099a15f2270
Event: 53.096 Thread 0x000001d66379e2e0 DEOPT UNPACKING pc=0x000001d6355086e2 sp=0x00000099a15f1858 mode 0
Event: 53.224 Thread 0x000001d66379e2e0 DEOPT PACKING pc=0x000001d62f58db37 sp=0x00000099a15ec9d0
Event: 53.224 Thread 0x000001d66379e2e0 DEOPT UNPACKING pc=0x000001d6355086e2 sp=0x00000099a15ebf48 mode 0

Classes loaded (20 events):
Event: 43.403 Loading class com/sun/org/apache/xerces/internal/utils/XMLSecurityPropertyManager
Event: 43.404 Loading class com/sun/org/apache/xerces/internal/utils/XMLSecurityPropertyManager done
Event: 43.404 Loading class com/sun/org/apache/xerces/internal/utils/XMLSecurityPropertyManager$State
Event: 43.404 Loading class com/sun/org/apache/xerces/internal/utils/XMLSecurityPropertyManager$State done
Event: 43.404 Loading class com/sun/org/apache/xerces/internal/utils/XMLSecurityPropertyManager$Property
Event: 43.404 Loading class com/sun/org/apache/xerces/internal/utils/XMLSecurityPropertyManager$Property done
Event: 43.404 Loading class javax/xml/parsers/DocumentBuilderFactory
Event: 43.405 Loading class javax/xml/parsers/DocumentBuilderFactory done
Event: 43.405 Loading class javax/xml/parsers/FactoryFinder
Event: 43.405 Loading class javax/xml/parsers/FactoryFinder done
Event: 43.405 Loading class javax/xml/parsers/FactoryFinder$1
Event: 43.405 Loading class javax/xml/parsers/FactoryFinder$1 done
Event: 43.406 Loading class com/sun/org/apache/xerces/internal/jaxp/DocumentBuilderFactoryImpl
Event: 43.406 Loading class com/sun/org/apache/xerces/internal/jaxp/DocumentBuilderFactoryImpl done
Event: 43.438 Loading class java/util/regex/Pattern$SliceI
Event: 43.438 Loading class java/util/regex/Pattern$SliceI done
Event: 43.746 Loading class java/lang/Character$UnicodeBlock
Event: 43.749 Loading class java/lang/Character$Subset
Event: 43.750 Loading class java/lang/Character$Subset done
Event: 43.750 Loading class java/lang/Character$UnicodeBlock done

Classes unloaded (15 events):
Event: 17.327 Thread 0x000001d6424c0080 Unloading class 0x000001d6445aa370 '_BuildScript_$_run_closure1$_closure2$_closure3$_closure4$_closure10$_closure14'
Event: 17.327 Thread 0x000001d6424c0080 Unloading class 0x000001d6445a9f80 '_BuildScript_$_run_closure1$_closure2$_closure3$_closure4$_closure10$_closure13'
Event: 17.327 Thread 0x000001d6424c0080 Unloading class 0x000001d6445a9b90 '_BuildScript_$_run_closure1$_closure2$_closure3$_closure4$_closure10'
Event: 17.327 Thread 0x000001d6424c0080 Unloading class 0x000001d6445a97a0 '_BuildScript_$_run_closure1$_closure2$_closure3$_closure4$_closure9$_closure12'
Event: 17.327 Thread 0x000001d6424c0080 Unloading class 0x000001d6445a93b0 '_BuildScript_$_run_closure1$_closure2$_closure3$_closure4$_closure9'
Event: 17.327 Thread 0x000001d6424c0080 Unloading class 0x000001d6445a8fc0 '_BuildScript_$_run_closure1$_closure2$_closure3$_closure4$_closure8'
Event: 17.327 Thread 0x000001d6424c0080 Unloading class 0x000001d6445a8bd0 '_BuildScript_$_run_closure1$_closure2$_closure3$_closure4$_closure7'
Event: 17.327 Thread 0x000001d6424c0080 Unloading class 0x000001d6445a87e0 '_BuildScript_$_run_closure1$_closure2$_closure3$_closure4$_closure6$_closure11'
Event: 17.327 Thread 0x000001d6424c0080 Unloading class 0x000001d6445a83f0 '_BuildScript_$_run_closure1$_closure2$_closure3$_closure4$_closure6'
Event: 17.327 Thread 0x000001d6424c0080 Unloading class 0x000001d6445a8000 '_BuildScript_$_run_closure1$_closure2$_closure3$_closure4$_closure5'
Event: 17.327 Thread 0x000001d6424c0080 Unloading class 0x000001d6445a13f0 '_BuildScript_$_run_closure1$_closure2$_closure3$_closure4'
Event: 17.327 Thread 0x000001d6424c0080 Unloading class 0x000001d6445a1000 '_BuildScript_$_run_closure1$_closure2$_closure3'
Event: 17.327 Thread 0x000001d6424c0080 Unloading class 0x000001d6445a0928 '_BuildScript_$_run_closure1$_closure2'
Event: 17.327 Thread 0x000001d6424c0080 Unloading class 0x000001d6445a0538 '_BuildScript_$_run_closure1'
Event: 17.327 Thread 0x000001d6424c0080 Unloading class 0x000001d6445a0000 '_BuildScript_'

Classes redefined (0 events):
No events

Internal exceptions (20 events):
Event: 51.999 Thread 0x000001d66379e2e0 Exception <a 'java/lang/NoSuchMethodError'{0x000000008c09ec50}: 'java.lang.Object java.lang.invoke.DirectMethodHandle$Holder.invokeStatic(java.lang.Object, int, int, java.lang.Object)'> (0x000000008c09ec50) 
thrown [s\src\hotspot\share\interpreter\linkResolver.cpp, line 773]
Event: 52.034 Thread 0x000001d66379e2e0 Exception <a 'sun/nio/fs/WindowsException'{0x000000008c0c3840}> (0x000000008c0c3840) 
thrown [s\src\hotspot\share\prims\jni.cpp, line 520]
Event: 52.037 Thread 0x000001d66379e2e0 Exception <a 'sun/nio/fs/WindowsException'{0x000000008c0c5768}> (0x000000008c0c5768) 
thrown [s\src\hotspot\share\prims\jni.cpp, line 520]
Event: 52.068 Thread 0x000001d66379e2e0 Exception <a 'sun/nio/fs/WindowsException'{0x000000008c0d0b58}> (0x000000008c0d0b58) 
thrown [s\src\hotspot\share\prims\jni.cpp, line 520]
Event: 52.099 Thread 0x000001d66379e2e0 Exception <a 'sun/nio/fs/WindowsException'{0x000000008c0d9280}> (0x000000008c0d9280) 
thrown [s\src\hotspot\share\prims\jni.cpp, line 520]
Event: 52.128 Thread 0x000001d66379e2e0 Exception <a 'sun/nio/fs/WindowsException'{0x000000008c0e1a08}> (0x000000008c0e1a08) 
thrown [s\src\hotspot\share\prims\jni.cpp, line 520]
Event: 52.152 Thread 0x000001d66379e2e0 Exception <a 'sun/nio/fs/WindowsException'{0x000000008c0ea6e8}> (0x000000008c0ea6e8) 
thrown [s\src\hotspot\share\prims\jni.cpp, line 520]
Event: 52.172 Thread 0x000001d66379e2e0 Exception <a 'sun/nio/fs/WindowsException'{0x000000008c0f2bf8}> (0x000000008c0f2bf8) 
thrown [s\src\hotspot\share\prims\jni.cpp, line 520]
Event: 52.201 Thread 0x000001d66379e2e0 Exception <a 'sun/nio/fs/WindowsException'{0x000000008bf08af8}> (0x000000008bf08af8) 
thrown [s\src\hotspot\share\prims\jni.cpp, line 520]
Event: 52.230 Thread 0x000001d66379e2e0 Exception <a 'sun/nio/fs/WindowsException'{0x000000008bf10fa0}> (0x000000008bf10fa0) 
thrown [s\src\hotspot\share\prims\jni.cpp, line 520]
Event: 52.257 Thread 0x000001d66379e2e0 Exception <a 'sun/nio/fs/WindowsException'{0x000000008bf18998}> (0x000000008bf18998) 
thrown [s\src\hotspot\share\prims\jni.cpp, line 520]
Event: 52.281 Thread 0x000001d66379e2e0 Exception <a 'sun/nio/fs/WindowsException'{0x000000008bf24000}> (0x000000008bf24000) 
thrown [s\src\hotspot\share\prims\jni.cpp, line 520]
Event: 52.305 Thread 0x000001d66379e2e0 Exception <a 'sun/nio/fs/WindowsException'{0x000000008bf2c5b0}> (0x000000008bf2c5b0) 
thrown [s\src\hotspot\share\prims\jni.cpp, line 520]
Event: 52.328 Thread 0x000001d66379e2e0 Exception <a 'sun/nio/fs/WindowsException'{0x000000008bf35210}> (0x000000008bf35210) 
thrown [s\src\hotspot\share\prims\jni.cpp, line 520]
Event: 52.357 Thread 0x000001d66379e2e0 Exception <a 'sun/nio/fs/WindowsException'{0x000000008bf3ce58}> (0x000000008bf3ce58) 
thrown [s\src\hotspot\share\prims\jni.cpp, line 520]
Event: 52.381 Thread 0x000001d66379e2e0 Exception <a 'sun/nio/fs/WindowsException'{0x000000008bf4c738}> (0x000000008bf4c738) 
thrown [s\src\hotspot\share\prims\jni.cpp, line 520]
Event: 52.403 Thread 0x000001d66379e2e0 Exception <a 'sun/nio/fs/WindowsException'{0x000000008bf53fa0}> (0x000000008bf53fa0) 
thrown [s\src\hotspot\share\prims\jni.cpp, line 520]
Event: 52.711 Thread 0x000001d66379e2e0 Implicit null exception at 0x000001d636235c2a to 0x000001d636236108
Event: 53.021 Thread 0x000001d66379e2e0 Exception <a 'sun/nio/fs/WindowsException'{0x000000008b4936c0}> (0x000000008b4936c0) 
thrown [s\src\hotspot\share\prims\jni.cpp, line 520]
Event: 53.021 Thread 0x000001d66379e2e0 Exception <a 'sun/nio/fs/WindowsException'{0x000000008b495b18}> (0x000000008b495b18) 
thrown [s\src\hotspot\share\prims\jni.cpp, line 520]

ZGC Phase Switch (0 events):
No events

VM Operations (20 events):
Event: 50.966 Executing safepoint VM operation: ICBufferFull
Event: 50.966 Executing safepoint VM operation: ICBufferFull done
Event: 51.199 Executing safepoint VM operation: ICBufferFull
Event: 51.199 Executing safepoint VM operation: ICBufferFull done
Event: 51.441 Executing safepoint VM operation: ICBufferFull
Event: 51.441 Executing safepoint VM operation: ICBufferFull done
Event: 51.541 Executing non-safepoint VM operation: HandshakeAllThreads (Deoptimize)
Event: 51.542 Executing non-safepoint VM operation: HandshakeAllThreads (Deoptimize) done
Event: 51.745 Executing non-safepoint VM operation: HandshakeAllThreads (Deoptimize)
Event: 51.745 Executing non-safepoint VM operation: HandshakeAllThreads (Deoptimize) done
Event: 52.453 Executing safepoint VM operation: ICBufferFull
Event: 52.453 Executing safepoint VM operation: ICBufferFull done
Event: 53.246 Executing safepoint VM operation: G1TryInitiateConcMark (G1 Humongous Allocation)
Event: 53.263 Executing safepoint VM operation: G1TryInitiateConcMark (G1 Humongous Allocation) done
Event: 53.499 Executing safepoint VM operation: G1PauseRemark
Event: 53.540 Executing safepoint VM operation: G1PauseRemark done
Event: 53.666 Executing safepoint VM operation: G1PauseCleanup
Event: 53.666 Executing safepoint VM operation: G1PauseCleanup done
Event: 54.675 Executing safepoint VM operation: Cleanup
Event: 54.675 Executing safepoint VM operation: Cleanup done

Memory protections (0 events):
No events

Nmethod flushes (20 events):
Event: 53.538 Thread 0x000001d6424c0080 flushing  nmethod 0x000001d62faa0790
Event: 53.538 Thread 0x000001d6424c0080 flushing  nmethod 0x000001d635f37510
Event: 53.538 Thread 0x000001d6424c0080 flushing  nmethod 0x000001d636153490
Event: 53.538 Thread 0x000001d6424c0080 flushing  nmethod 0x000001d62e046b10
Event: 53.538 Thread 0x000001d6424c0080 flushing  nmethod 0x000001d62e20b910
Event: 53.538 Thread 0x000001d6424c0080 flushing  nmethod 0x000001d62e222d10
Event: 53.538 Thread 0x000001d6424c0080 flushing  nmethod 0x000001d62e299590
Event: 53.538 Thread 0x000001d6424c0080 flushing  nmethod 0x000001d62e491b90
Event: 53.538 Thread 0x000001d6424c0080 flushing  nmethod 0x000001d62e498f90
Event: 53.538 Thread 0x000001d6424c0080 flushing  nmethod 0x000001d62e5d2390
Event: 53.538 Thread 0x000001d6424c0080 flushing  nmethod 0x000001d62e5fb790
Event: 53.538 Thread 0x000001d6424c0080 flushing  nmethod 0x000001d62e5fce10
Event: 53.538 Thread 0x000001d6424c0080 flushing  nmethod 0x000001d62e5fd890
Event: 53.538 Thread 0x000001d6424c0080 flushing  nmethod 0x000001d62ebc5190
Event: 53.538 Thread 0x000001d6424c0080 flushing  nmethod 0x000001d62ecbe010
Event: 53.538 Thread 0x000001d6424c0080 flushing  nmethod 0x000001d62ef77290
Event: 53.539 Thread 0x000001d6424c0080 flushing  nmethod 0x000001d62f05ec10
Event: 53.539 Thread 0x000001d6424c0080 flushing  nmethod 0x000001d62f0a7510
Event: 53.539 Thread 0x000001d6424c0080 flushing  nmethod 0x000001d62fab6890
Event: 53.539 Thread 0x000001d6424c0080 flushing  nmethod 0x000001d62fab7290

Events (20 events):
Event: 37.802 Thread 0x000001d66379e2e0 Thread added: 0x000001d663c9f330
Event: 37.802 Thread 0x000001d66379e2e0 Thread added: 0x000001d663c9cbd0
Event: 37.802 Thread 0x000001d66379e2e0 Thread added: 0x000001d6679ba820
Event: 37.803 Thread 0x000001d66379e2e0 Thread added: 0x000001d6679b80c0
Event: 37.803 Thread 0x000001d66379e2e0 Thread added: 0x000001d6679b8de0
Event: 37.803 Thread 0x000001d66379e2e0 Thread added: 0x000001d6679baeb0
Event: 38.323 Thread 0x000001d642516940 Thread added: 0x000001d663c57030
Event: 39.906 Thread 0x000001d663c57030 Thread exited: 0x000001d663c57030
Event: 39.925 Thread 0x000001d642516940 Thread added: 0x000001d663c57030
Event: 41.588 Thread 0x000001d663c57030 Thread exited: 0x000001d663c57030
Event: 42.478 Thread 0x000001d66379e2e0 Thread added: 0x000001d671300b70
Event: 43.477 Thread 0x000001d66379e2e0 Thread added: 0x000001d6712fdd80
Event: 43.846 Thread 0x000001d642516940 Thread added: 0x000001d671fb3920
Event: 45.219 Thread 0x000001d642513770 Thread added: 0x000001d6729420a0
Event: 45.517 Thread 0x000001d6729420a0 Thread exited: 0x000001d6729420a0
Event: 45.574 Thread 0x000001d671fb3920 Thread exited: 0x000001d671fb3920
Event: 48.115 Thread 0x000001d642516940 Thread added: 0x000001d6729420a0
Event: 51.602 Thread 0x000001d6729420a0 Thread exited: 0x000001d6729420a0
Event: 52.869 Thread 0x000001d642516940 Thread added: 0x000001d672181960
Event: 53.147 Thread 0x000001d642516940 Thread added: 0x000001d672182030


Dynamic libraries:
0x00007ff6c48e0000 - 0x00007ff6c48ee000 	C:\Users\Jean\.vscode\extensions\redhat.java-1.54.0-win32-x64\jre\21.0.10-win32-x86_64\bin\java.exe
0x00007ffacf760000 - 0x00007ffacf9c6000 	C:\WINDOWS\SYSTEM32\ntdll.dll
0x00007fface350000 - 0x00007fface419000 	C:\WINDOWS\System32\KERNEL32.DLL
0x00007ffacce50000 - 0x00007ffacd24a000 	C:\WINDOWS\System32\KERNELBASE.dll
0x00007ffacd250000 - 0x00007ffacd39c000 	C:\WINDOWS\System32\ucrtbase.dll
0x00007ffa4a5d0000 - 0x00007ffa4a5e8000 	C:\Users\Jean\.vscode\extensions\redhat.java-1.54.0-win32-x64\jre\21.0.10-win32-x86_64\bin\jli.dll
0x00007ffacd4e0000 - 0x00007ffacd6a7000 	C:\WINDOWS\System32\USER32.dll
0x00007ffaccb30000 - 0x00007ffaccb57000 	C:\WINDOWS\System32\win32u.dll
0x00007ffacf6f0000 - 0x00007ffacf71b000 	C:\WINDOWS\System32\GDI32.dll
0x00007ffacd3a0000 - 0x00007ffacd4cb000 	C:\WINDOWS\System32\gdi32full.dll
0x00007ffacca80000 - 0x00007ffaccb23000 	C:\WINDOWS\System32\msvcp_win.dll
0x00007ffa49310000 - 0x00007ffa4932e000 	C:\Users\Jean\.vscode\extensions\redhat.java-1.54.0-win32-x64\jre\21.0.10-win32-x86_64\bin\VCRUNTIME140.dll
0x00007ffab01d0000 - 0x00007ffab0462000 	C:\WINDOWS\WinSxS\amd64_microsoft.windows.common-controls_6595b64144ccf1df_6.0.26100.8521_none_3e08b75ce33403b3\COMCTL32.dll
0x00007ffacdfe0000 - 0x00007fface089000 	C:\WINDOWS\System32\msvcrt.dll
0x00007ffacf450000 - 0x00007ffacf482000 	C:\WINDOWS\System32\IMM32.DLL
0x00007ffac46d0000 - 0x00007ffac46dc000 	C:\Users\Jean\.vscode\extensions\redhat.java-1.54.0-win32-x64\jre\21.0.10-win32-x86_64\bin\vcruntime140_1.dll
0x00007ffa0c5e0000 - 0x00007ffa0c66d000 	C:\Users\Jean\.vscode\extensions\redhat.java-1.54.0-win32-x64\jre\21.0.10-win32-x86_64\bin\msvcp140.dll
0x00007ff9cb5a0000 - 0x00007ff9cc341000 	C:\Users\Jean\.vscode\extensions\redhat.java-1.54.0-win32-x64\jre\21.0.10-win32-x86_64\bin\server\jvm.dll
0x00007ffacdba0000 - 0x00007ffacdc56000 	C:\WINDOWS\System32\ADVAPI32.dll
0x00007ffacdc60000 - 0x00007ffacdd0a000 	C:\WINDOWS\System32\sechost.dll
0x00007fface090000 - 0x00007fface1a8000 	C:\WINDOWS\System32\RPCRT4.dll
0x00007ffacda50000 - 0x00007ffacdad0000 	C:\WINDOWS\System32\WS2_32.dll
0x00007ffacc850000 - 0x00007ffacc8ae000 	C:\WINDOWS\SYSTEM32\POWRPROF.dll
0x00007ffac9c70000 - 0x00007ffac9ca6000 	C:\WINDOWS\SYSTEM32\WINMM.dll
0x00007ffabab80000 - 0x00007ffabab8b000 	C:\WINDOWS\SYSTEM32\VERSION.dll
0x00007ffacc830000 - 0x00007ffacc844000 	C:\WINDOWS\SYSTEM32\UMPDC.dll
0x00007ffacb740000 - 0x00007ffacb75b000 	C:\WINDOWS\SYSTEM32\kernel.appcore.dll
0x00007ffaada90000 - 0x00007ffaada9a000 	C:\Users\Jean\.vscode\extensions\redhat.java-1.54.0-win32-x64\jre\21.0.10-win32-x86_64\bin\jimage.dll
0x00007ffac9fb0000 - 0x00007ffaca1f2000 	C:\WINDOWS\SYSTEM32\DBGHELP.DLL
0x00007ffacd6c0000 - 0x00007ffacda43000 	C:\WINDOWS\System32\combase.dll
0x00007ffacdd30000 - 0x00007ffacde09000 	C:\WINDOWS\System32\OLEAUT32.dll
0x00007ffac9c30000 - 0x00007ffac9c6b000 	C:\WINDOWS\SYSTEM32\dbgcore.DLL
0x00007ffaccce0000 - 0x00007ffaccd88000 	C:\WINDOWS\System32\bcryptPrimitives.dll
0x00007ffa8fb60000 - 0x00007ffa8fb6f000 	C:\Users\Jean\.vscode\extensions\redhat.java-1.54.0-win32-x64\jre\21.0.10-win32-x86_64\bin\instrument.dll
0x00007ffa454d0000 - 0x00007ffa454f0000 	C:\Users\Jean\.vscode\extensions\redhat.java-1.54.0-win32-x64\jre\21.0.10-win32-x86_64\bin\java.dll
0x00007fface9a0000 - 0x00007ffacf124000 	C:\WINDOWS\System32\SHELL32.dll
0x00007ffaca570000 - 0x00007ffacadf0000 	C:\WINDOWS\SYSTEM32\windows.storage.dll
0x00007ffacf1f0000 - 0x00007ffacf2e6000 	C:\WINDOWS\System32\SHCORE.dll
0x00007ffacde60000 - 0x00007ffacdec7000 	C:\WINDOWS\System32\shlwapi.dll
0x00007ffacc910000 - 0x00007ffacc939000 	C:\WINDOWS\SYSTEM32\profapi.dll
0x00007ffa42ef0000 - 0x00007ffa42f08000 	C:\Users\Jean\.vscode\extensions\redhat.java-1.54.0-win32-x64\jre\21.0.10-win32-x86_64\bin\zip.dll
0x00007ffa700b0000 - 0x00007ffa700c0000 	C:\Users\Jean\.vscode\extensions\redhat.java-1.54.0-win32-x64\jre\21.0.10-win32-x86_64\bin\net.dll
0x00007ffabae00000 - 0x00007ffabaf29000 	C:\WINDOWS\SYSTEM32\WINHTTP.dll
0x00007ffacbc90000 - 0x00007ffacbcfc000 	C:\WINDOWS\system32\mswsock.dll
0x00007ffa40800000 - 0x00007ffa40816000 	C:\Users\Jean\.vscode\extensions\redhat.java-1.54.0-win32-x64\jre\21.0.10-win32-x86_64\bin\nio.dll
0x00007ffa6e4c0000 - 0x00007ffa6e4d0000 	C:\Users\Jean\.vscode\extensions\redhat.java-1.54.0-win32-x64\jre\21.0.10-win32-x86_64\bin\verify.dll
0x00007ffa8fb70000 - 0x00007ffa8fb97000 	C:\Users\Jean\.gradle\native\1def1411415f61bf3af743bc5b6707747c0891f09f0c88961ee8f79bc544acac\windows-amd64\native-platform.dll
0x00007ffa55320000 - 0x00007ffa55398000 	C:\Users\Jean\.gradle\native\0.2.7\x86_64-windows-gnu\gradle-fileevents.dll
0x00007ffac59c0000 - 0x00007ffac59ca000 	C:\Users\Jean\.vscode\extensions\redhat.java-1.54.0-win32-x64\jre\21.0.10-win32-x86_64\bin\management.dll
0x00007ffac47f0000 - 0x00007ffac47fc000 	C:\Users\Jean\.vscode\extensions\redhat.java-1.54.0-win32-x64\jre\21.0.10-win32-x86_64\bin\management_ext.dll
0x00007ffacd4d0000 - 0x00007ffacd4d8000 	C:\WINDOWS\System32\PSAPI.DLL
0x00007ffacb1d0000 - 0x00007ffacb203000 	C:\WINDOWS\SYSTEM32\IPHLPAPI.DLL
0x00007fface910000 - 0x00007fface91a000 	C:\WINDOWS\System32\NSI.dll
0x00007ffac4740000 - 0x00007ffac4749000 	C:\Users\Jean\.vscode\extensions\redhat.java-1.54.0-win32-x64\jre\21.0.10-win32-x86_64\bin\extnet.dll
0x00007ffacc090000 - 0x00007ffacc0ab000 	C:\WINDOWS\SYSTEM32\CRYPTSP.dll
0x00007ffacb6a0000 - 0x00007ffacb6d9000 	C:\WINDOWS\system32\rsaenh.dll
0x00007ffacbd40000 - 0x00007ffacbd73000 	C:\WINDOWS\SYSTEM32\USERENV.dll
0x00007ffacc8e0000 - 0x00007ffacc90a000 	C:\WINDOWS\SYSTEM32\bcrypt.dll
0x00007ffacbef0000 - 0x00007ffacbefc000 	C:\WINDOWS\SYSTEM32\CRYPTBASE.dll
0x00007ffac4730000 - 0x00007ffac473e000 	C:\Users\Jean\.vscode\extensions\redhat.java-1.54.0-win32-x64\jre\21.0.10-win32-x86_64\bin\sunmscapi.dll
0x00007ffaccb60000 - 0x00007ffacccd8000 	C:\WINDOWS\System32\CRYPT32.dll
0x00007ffacc1f0000 - 0x00007ffacc220000 	C:\WINDOWS\SYSTEM32\ncrypt.dll
0x00007ffacc1a0000 - 0x00007ffacc1df000 	C:\WINDOWS\SYSTEM32\NTASN1.dll
0x00007ffab5ec0000 - 0x00007ffab5ec8000 	C:\WINDOWS\system32\wshunix.dll

JVMTI agents:
C:\Users\Jean\.gradle\wrapper\dists\gradle-8.14.3-bin\cv11ve7ro1n3o1j4so8xd9n66\gradle-8.14.3\lib\agents\gradle-instrumentation-agent-8.14.3.jar path:C:\Users\Jean\.vscode\extensions\redhat.java-1.54.0-win32-x64\jre\21.0.10-win32-x86_64\bin\instrument.dll, loaded, initialized, instrumentlib options:none

dbghelp: loaded successfully - version: 4.0.5 - missing functions: none
symbol engine: initialized successfully - sym options: 0x614 - pdb path: .;C:\Users\Jean\.vscode\extensions\redhat.java-1.54.0-win32-x64\jre\21.0.10-win32-x86_64\bin;C:\WINDOWS\SYSTEM32;C:\WINDOWS\WinSxS\amd64_microsoft.windows.common-controls_6595b64144ccf1df_6.0.26100.8521_none_3e08b75ce33403b3;C:\Users\Jean\.vscode\extensions\redhat.java-1.54.0-win32-x64\jre\21.0.10-win32-x86_64\bin\server;C:\Users\Jean\.gradle\native\1def1411415f61bf3af743bc5b6707747c0891f09f0c88961ee8f79bc544acac\windows-amd64;C:\Users\Jean\.gradle\native\0.2.7\x86_64-windows-gnu

VM Arguments:
jvm_args: --add-opens=java.base/java.lang=ALL-UNNAMED --add-opens=java.base/java.lang.invoke=ALL-UNNAMED --add-opens=java.base/java.util=ALL-UNNAMED --add-opens=java.prefs/java.util.prefs=ALL-UNNAMED --add-exports=jdk.compiler/com.sun.tools.javac.api=ALL-UNNAMED --add-exports=jdk.compiler/com.sun.tools.javac.util=ALL-UNNAMED --add-opens=java.base/java.util=ALL-UNNAMED --add-opens=java.prefs/java.util.prefs=ALL-UNNAMED --add-opens=java.base/java.nio.charset=ALL-UNNAMED --add-opens=java.base/java.net=ALL-UNNAMED --add-opens=java.base/java.util.concurrent.atomic=ALL-UNNAMED --add-opens=java.xml/javax.xml.namespace=ALL-UNNAMED -XX:MaxMetaspaceSize=512m -Xmx2048m -Dfile.encoding=UTF-8 -Duser.country=BR -Duser.language=pt -Duser.variant -javaagent:C:\Users\Jean\.gradle\wrapper\dists\gradle-8.14.3-bin\cv11ve7ro1n3o1j4so8xd9n66\gradle-8.14.3\lib\agents\gradle-instrumentation-agent-8.14.3.jar 
java_command: org.gradle.launcher.daemon.bootstrap.GradleDaemon 8.14.3
java_class_path (initial): C:\Users\Jean\.gradle\wrapper\dists\gradle-8.14.3-bin\cv11ve7ro1n3o1j4so8xd9n66\gradle-8.14.3\lib\gradle-daemon-main-8.14.3.jar
Launcher Type: SUN_STANDARD

[Global flags]
     intx CICompilerCount                          = 4                                         {product} {ergonomic}
   size_t CompressedClassSpaceSize                 = 436207616                                 {product} {ergonomic}
     uint ConcGCThreads                            = 2                                         {product} {ergonomic}
     uint G1ConcRefinementThreads                  = 8                                         {product} {ergonomic}
   size_t G1HeapRegionSize                         = 1048576                                   {product} {ergonomic}
    uintx GCDrainStackTargetSize                   = 64                                        {product} {ergonomic}
   size_t InitialHeapSize                          = 264241152                                 {product} {ergonomic}
   size_t MarkStackSize                            = 4194304                                   {product} {ergonomic}
   size_t MaxHeapSize                              = 2147483648                                {product} {command line}
   size_t MaxMetaspaceSize                         = 536870912                                 {product} {command line}
   size_t MaxNewSize                               = 1287651328                                {product} {ergonomic}
   size_t MinHeapDeltaBytes                        = 1048576                                   {product} {ergonomic}
   size_t MinHeapSize                              = 8388608                                   {product} {ergonomic}
    uintx NonNMethodCodeHeapSize                   = 5839372                                {pd product} {ergonomic}
    uintx NonProfiledCodeHeapSize                  = 122909434                              {pd product} {ergonomic}
    uintx ProfiledCodeHeapSize                     = 122909434                              {pd product} {ergonomic}
    uintx ReservedCodeCacheSize                    = 251658240                              {pd product} {ergonomic}
     bool SegmentedCodeCache                       = true                                      {product} {ergonomic}
   size_t SoftMaxHeapSize                          = 2147483648                             {manageable} {ergonomic}
     bool UseCompressedOops                        = true                           {product lp64_product} {ergonomic}
     bool UseG1GC                                  = true                                      {product} {ergonomic}
     bool UseLargePagesIndividualAllocation        = false                                  {pd product} {ergonomic}

Logging:
Log output configuration:
 #0: stdout all=warning uptime,level,tags foldmultilines=false
 #1: stderr all=off uptime,level,tags foldmultilines=false

Release file:
JAVA_VERSION="21.0.10" 
MODULES="java.base java.compiler java.datatransfer java.xml java.prefs java.desktop java.instrument java.logging java.management java.security.sasl java.naming java.rmi java.management.rmi java.net.http java.scripting java.security.jgss java.transaction.xa java.sql java.sql.rowset java.xml.crypto java.se java.smartcardio jdk.accessibility jdk.internal.jvmstat jdk.attach jdk.charsets jdk.internal.opt jdk.zipfs jdk.compiler jdk.crypto.ec jdk.crypto.cryptoki jdk.crypto.mscapi jdk.dynalink jdk.internal.ed jdk.editpad jdk.hotspot.agent jdk.httpserver jdk.internal.le jdk.internal.vm.ci jdk.internal.vm.compiler jdk.internal.vm.compiler.management jdk.jartool jdk.javadoc jdk.jcmd jdk.management jdk.management.agent jdk.jconsole jdk.jdeps jdk.jdwp.agent jdk.jdi jdk.jfr jdk.jshell jdk.jsobject jdk.jstatd jdk.localedata jdk.management.jfr jdk.naming.dns jdk.naming.rmi jdk.net jdk.nio.mapmode jdk.random jdk.sctp jdk.security.auth jdk.security.jgss jdk.unsupported jdk.unsupported.desktop jdk.xml.dom" 

Environment Variables:
JAVA_HOME=C:\Program Files\Microsoft\jdk-17.0.15.6-hotspot\
PATH=C:\Program Files\Microsoft\jdk-17.0.15.6-hotspot\bin;C:\Program Files\Java\zulu17.36.17-ca-jdk17.0.4.1-win_x64\bin;C:\Program Files\Common Files\Oracle\Java\javapath;C:\Program Files (x86)\Common Files\Oracle\Java\javapath;C:\Windows\system32;C:\Windows;C:\Windows\System32\Wbem;C:\Windows\System32\WindowsPowerShell\v1.0\;C:\Windows\System32\OpenSSH\;C:\Program Files\dotnet\;C:\ProgramData\chocolatey\bin;C:\PROGRA~2\F-Secure\SSHTRI~1;C:\Program Files (x86)\SSH Communications Security\SSH Tectia\SSH Tectia AUX;C:\Program Files (x86)\SSH Communications Security\SSH Tectia\SSH Tectia AUX\Support binaries;C:\Program Files (x86)\SSH Communications Security\SSH Tectia\SSH Tectia Broker;C:\Program Files (x86)\SSH Communications Security\SSH Tectia\SSH Tectia Client;C:\WINDOWS\system32;C:\WINDOWS;C:\WINDOWS\System32\Wbem;C:\WINDOWS\System32\WindowsPowerShell\v1.0\;C:\WINDOWS\System32\OpenSSH\;C:\Program Files (x86)\HP\Common\HPDestPlgIn\;C:\Program Files\Microsoft SQL Server\150\Tools\Binn\;C:\Program Files\Microsoft SQL Server\Client SDK\ODBC\170\Tools\Binn\;C:\Program Files\Git\cmd;C:\gradle-8.5-all\bin;C:\MinGW\bin;C:\Program Files (x86)\Windows Kits\10\Windows Performance Toolkit\;C:\Program Files\NVIDIA Corporation\NVIDIA app\NvDLISR;C:\Program Files (x86)\NVIDIA Corporation\PhysX\Common;C:\Program Files\Docker\Docker\resources\bin;C:\Program Files\Microsoft SQL Server\Client SDK\ODBC\110\Tools\Binn\;C:\Program Files (x86)\Microsoft SQL Server\120\Tools\Binn\ManagementStudio\;C:\Program Files (x86)\Microsoft SQL Server\120\Tools\Binn\;C:\Program Files\Microsoft SQL Server\120\Tools\Binn\;C:\Program Files (x86)\Microsoft SQL Server\120\DTS\Binn\;C:\Program Files\Microsoft SQL Server\120\DTS\Binn\;C:\Program Files\nodejs\;C:\Users\Jean\miniconda3;C:\Users\Jean\miniconda3\Library\mingw-w64\bin;C:\Users\Jean\miniconda3\Library\usr\bin;C:\Users\Jean\miniconda3\Library\bin;C:\Users\Jean\miniconda3\Scripts;C:\Users\Jean\AppData\Local\Programs\Python\Python312\Scripts\;C:\Users\Jean\AppData\Local\Programs\Python\Python312\;C:\Program Files\platform-tools;C:\Users\Jean\AppData\Local\Microsoft\WindowsApps;C:\Program Files\heroku\bin;C:\Users\Jean\AppData\Local\Programs\Microsoft VS Code\bin;C:\Users\Jean\AppData\Local\Android\Sdk\platform-tools;C:\Users\Jean\AppData\Local\Android\Sdk\tools;C:\Program Files (x86)\HP\Common\HPDestPlgIn\;C:\Program Files\JetBrains\PyCharm Community Edition 2024.1\bin;;C:\MinGW\bin;C:\Users\Jean\.dotnet\tools;C:\Users\Jean\AppData\Roaming\npm;C:\Program Files\JetBrains\WebStorm 2025.1\bin;
USERNAME=Jean
OS=Windows_NT
PROCESSOR_IDENTIFIER=Intel64 Family 6 Model 140 Stepping 2, GenuineIntel
TMP=C:\Users\Jean\AppData\Local\Temp
TEMP=C:\Users\Jean\AppData\Local\Temp




Periodic native trim disabled

---------------  S Y S T E M  ---------------

OS:
 Windows 11 , 64 bit Build 26100 (10.0.26100.8521)
OS uptime: 0 days 1:33 hours
Hyper-V role detected

CPU: total 8 (initial active 8) (4 cores per cpu, 2 threads per core) family 6 model 140 stepping 2 microcode 0x3e, cx8, cmov, fxsr, ht, mmx, 3dnowpref, sse, sse2, sse3, ssse3, sse4.1, sse4.2, popcnt, lzcnt, tsc, tscinvbit, avx, avx2, aes, erms, clmul, bmi1, bmi2, adx, avx512f, avx512dq, avx512cd, avx512bw, avx512vl, sha, fma, vzeroupper, avx512_vpopcntdq, avx512_vpclmulqdq, avx512_vaes, avx512_vnni, clflush, clflushopt, clwb, avx512_vbmi2, avx512_vbmi, hv, rdtscp, rdpid, fsrm, gfni, avx512_bitalg, f16c, cet_ibt, cet_ss, avx512_ifma
Processor Information for the first 8 processors :
  Max Mhz: 2918, Current Mhz: 2918, Mhz Limit: 2918

Memory: 4k page, system-wide physical 16122M (1066M free)
TotalPageFile size 24314M (AvailPageFile size 5M)
current process WorkingSet (physical memory assigned to process): 618M, peak: 620M
current process commit charge ("private bytes"): 651M, peak: 654M

vm_info: OpenJDK 64-Bit Server VM (21.0.10+7-LTS) for windows-amd64 JRE (21.0.10+7-LTS), built on 2026-01-20T00:00:00Z by "admin" with MS VC++ 17.12 (VS2022)

END.
