#
# There is insufficient memory for the Java Runtime Environment to continue.
# Native memory allocation (malloc) failed to allocate 1760336 bytes. Error detail: Chunk::new
# Possible reasons:
#   The system is out of physical RAM or swap space
#   This process is running with CompressedOops enabled, and the Java Heap may be blocking the growth of the native heap
# Possible solutions:
#   Reduce memory load on the system
#   Increase physical memory or swap space
#   Check if swap backing store is full
#   Decrease Java heap size (-Xmx/-Xms)
#   Decrease number of Java threads
#   Decrease Java thread stack sizes (-Xss)
#   Set larger code cache with -XX:ReservedCodeCacheSize=
#   JVM is running with Unscaled Compressed Oops mode in which the Java heap is
#     placed in the first 4GB address space. The Java Heap base address is the
#     maximum limit for the native heap growth. Please use -XX:HeapBaseMinAddress
#     to set the Java Heap base and to place the Java Heap above 4GB virtual address.
# This output file may be truncated or incomplete.
#
#  Out of Memory Error (arena.cpp:168), pid=15900, tid=6872
#
# JRE version: OpenJDK Runtime Environment Temurin-21.0.10+7 (21.0.10+7) (build 21.0.10+7-LTS)
# Java VM: OpenJDK 64-Bit Server VM Temurin-21.0.10+7 (21.0.10+7-LTS, mixed mode, sharing, tiered, compressed oops, compressed class ptrs, g1 gc, windows-amd64)
# No core dump will be written. Minidumps are not enabled by default on client versions of Windows
#

---------------  S U M M A R Y ------------

Command Line: --add-opens=java.base/java.util=ALL-UNNAMED --add-opens=java.base/java.lang=ALL-UNNAMED --add-opens=java.base/java.lang.invoke=ALL-UNNAMED --add-opens=java.prefs/java.util.prefs=ALL-UNNAMED --add-exports=jdk.compiler/com.sun.tools.javac.api=ALL-UNNAMED --add-exports=jdk.compiler/com.sun.tools.javac.util=ALL-UNNAMED --add-opens=java.base/java.nio.charset=ALL-UNNAMED --add-opens=java.base/java.net=ALL-UNNAMED --add-opens=java.base/java.util.concurrent.atomic=ALL-UNNAMED -XX:MaxMetaspaceSize=384m -XX:+HeapDumpOnOutOfMemoryError -Xms256m -Xmx512m -Dfile.encoding=utf8 -Duser.country=BR -Duser.language=pt -Duser.variant -javaagent:C:\Users\Jean\.gradle\wrapper\dists\gradle-8.9-bin\90cnw93cvbtalezasaz0blq0a\gradle-8.9\lib\agents\gradle-instrumentation-agent-8.9.jar org.gradle.launcher.daemon.bootstrap.GradleDaemon 8.9

Host: 11th Gen Intel(R) Core(TM) i7-11390H @ 3.40GHz, 8 cores, 15G,  Windows 11 , 64 bit Build 26100 (10.0.26100.8521)
Time: Mon Jun 15 12:23:00 2026 Hora oficial do Brasil elapsed time: 77.923573 seconds (0d 0h 1m 17s)

---------------  T H R E A D  ---------------

Current thread (0x0000022ee14a2290):  JavaThread "C2 CompilerThread0" daemon [_thread_in_native, id=6872, stack(0x0000005b58800000,0x0000005b58900000) (1024K)]


Current CompileTask:
C2:77923 18636       4       com.sun.org.apache.xerces.internal.impl.XMLDTDScannerImpl::scanEntityDecl (872 bytes)

Stack: [0x0000005b58800000,0x0000005b58900000]
Native frames: (J=compiled Java code, j=interpreted, Vv=VM code, C=native code)
V  [jvm.dll+0x6d7a39]
V  [jvm.dll+0x8b4b26]
V  [jvm.dll+0x8b70de]
V  [jvm.dll+0x8b77c3]
V  [jvm.dll+0x284346]
V  [jvm.dll+0xc66ed]
V  [jvm.dll+0xc6c31]
V  [jvm.dll+0x3bec01]
V  [jvm.dll+0x38b162]
V  [jvm.dll+0x38a5aa]
V  [jvm.dll+0x24c560]
V  [jvm.dll+0x24bb40]
V  [jvm.dll+0x1cb34e]
V  [jvm.dll+0x25b85d]
V  [jvm.dll+0x259dea]
V  [jvm.dll+0x3f857e]
V  [jvm.dll+0x85f59d]
V  [jvm.dll+0x6d626d]
C  [ucrtbase.dll+0x2cd30]
C  [KERNEL32.DLL+0x2e957]
C  [ntdll.dll+0x87c1c]


---------------  P R O C E S S  ---------------

Threads class SMR info:
_java_thread_list=0x0000022efd47c2e0, length=50, elements={
0x0000022ec964d790, 0x0000022ee1461ac0, 0x0000022ee1464530, 0x0000022ee146aca0,
0x0000022ee146c710, 0x0000022ee1493d10, 0x0000022ee1496970, 0x0000022ee14a2290,
0x0000022ee14ae240, 0x0000022ee17aea70, 0x0000022ee17b0610, 0x0000022efc7e00d0,
0x0000022efc8a5130, 0x0000022efc98cf80, 0x0000022efcc5bde0, 0x0000022efc945bc0,
0x0000022efc942740, 0x0000022efc943af0, 0x0000022efc942dd0, 0x0000022e801af4b0,
0x0000022e801ae100, 0x0000022e801b01d0, 0x0000022e801ad3e0, 0x0000022e801b0ef0,
0x0000022e80d86220, 0x0000022e81c3a540, 0x0000022e81c3bf80, 0x0000022efbf15ea0,
0x0000022efbf178e0, 0x0000022efbf14460, 0x0000022efbf1ba80, 0x0000022efbf1a040,
0x0000022efbf199b0, 0x0000022efbf1a6d0, 0x0000022efbf1ad60, 0x0000022efbf18600,
0x0000022efbf19320, 0x0000022e80d82080, 0x0000022e80d85500, 0x0000022e81c39820,
0x0000022e81c3e050, 0x0000022e81c3ed70, 0x0000022e81c3f400, 0x0000022e81c3fa90,
0x0000022e81c3cca0, 0x0000022e81c3d330, 0x0000022e81c3e6e0, 0x0000022e801aee20,
0x0000022e801afb40, 0x0000022e82a6c110
}

Java Threads: ( => current thread )
  0x0000022ec964d790 JavaThread "main"                              [_thread_blocked, id=8964, stack(0x0000005b57a00000,0x0000005b57b00000) (1024K)]
  0x0000022ee1461ac0 JavaThread "Reference Handler"          daemon [_thread_blocked, id=20900, stack(0x0000005b58200000,0x0000005b58300000) (1024K)]
  0x0000022ee1464530 JavaThread "Finalizer"                  daemon [_thread_blocked, id=21568, stack(0x0000005b58300000,0x0000005b58400000) (1024K)]
  0x0000022ee146aca0 JavaThread "Signal Dispatcher"          daemon [_thread_blocked, id=9700, stack(0x0000005b58400000,0x0000005b58500000) (1024K)]
  0x0000022ee146c710 JavaThread "Attach Listener"            daemon [_thread_blocked, id=11912, stack(0x0000005b58500000,0x0000005b58600000) (1024K)]
  0x0000022ee1493d10 JavaThread "Service Thread"             daemon [_thread_blocked, id=17708, stack(0x0000005b58600000,0x0000005b58700000) (1024K)]
  0x0000022ee1496970 JavaThread "Monitor Deflation Thread"   daemon [_thread_blocked, id=26520, stack(0x0000005b58700000,0x0000005b58800000) (1024K)]
=>0x0000022ee14a2290 JavaThread "C2 CompilerThread0"         daemon [_thread_in_native, id=6872, stack(0x0000005b58800000,0x0000005b58900000) (1024K)]
  0x0000022ee14ae240 JavaThread "C1 CompilerThread0"         daemon [_thread_blocked, id=18920, stack(0x0000005b58900000,0x0000005b58a00000) (1024K)]
  0x0000022ee17aea70 JavaThread "Common-Cleaner"             daemon [_thread_blocked, id=13360, stack(0x0000005b58a00000,0x0000005b58b00000) (1024K)]
  0x0000022ee17b0610 JavaThread "Notification Thread"        daemon [_thread_blocked, id=344, stack(0x0000005b58b00000,0x0000005b58c00000) (1024K)]
  0x0000022efc7e00d0 JavaThread "Daemon health stats"               [_thread_blocked, id=22156, stack(0x0000005b59300000,0x0000005b59400000) (1024K)]
  0x0000022efc8a5130 JavaThread "Incoming local TCP Connector on port 51161"        [_thread_in_native, id=10040, stack(0x0000005b59400000,0x0000005b59500000) (1024K)]
  0x0000022efc98cf80 JavaThread "Daemon periodic checks"            [_thread_blocked, id=16224, stack(0x0000005b59500000,0x0000005b59600000) (1024K)]
  0x0000022efcc5bde0 JavaThread "Daemon"                            [_thread_blocked, id=12580, stack(0x0000005b59600000,0x0000005b59700000) (1024K)]
  0x0000022efc945bc0 JavaThread "Daemon worker"                     [_thread_in_Java, id=15720, stack(0x0000005b59900000,0x0000005b59a00000) (1024K)]
  0x0000022efc942740 JavaThread "Cache worker for journal cache (C:\Users\Jean\.gradle\caches\journal-1)"        [_thread_blocked, id=21576, stack(0x0000005b59d00000,0x0000005b59e00000) (1024K)]
  0x0000022efc943af0 JavaThread "File lock request listener"        [_thread_in_native, id=25916, stack(0x0000005b59e00000,0x0000005b59f00000) (1024K)]
  0x0000022efc942dd0 JavaThread "Cache worker for file hash cache (C:\Users\Jean\.gradle\caches\8.9\fileHashes)"        [_thread_blocked, id=5416, stack(0x0000005b59f00000,0x0000005b5a000000) (1024K)]
  0x0000022e801af4b0 JavaThread "File watcher server"        daemon [_thread_in_native, id=25572, stack(0x0000005b5a500000,0x0000005b5a600000) (1024K)]
  0x0000022e801ae100 JavaThread "File watcher consumer"      daemon [_thread_blocked, id=2748, stack(0x0000005b5a600000,0x0000005b5a700000) (1024K)]
  0x0000022e801b01d0 JavaThread "Cache worker for file content cache (C:\Users\Jean\.gradle\caches\8.9\fileContent)"        [_thread_blocked, id=8092, stack(0x0000005b5a800000,0x0000005b5a900000) (1024K)]
  0x0000022e801ad3e0 JavaThread "jar transforms"                    [_thread_blocked, id=14788, stack(0x0000005b5ab00000,0x0000005b5ac00000) (1024K)]
  0x0000022e801b0ef0 JavaThread "jar transforms Thread 2"           [_thread_blocked, id=25524, stack(0x0000005b5ac00000,0x0000005b5ad00000) (1024K)]
  0x0000022e80d86220 JavaThread "Memory manager"                    [_thread_blocked, id=25056, stack(0x0000005b5d200000,0x0000005b5d300000) (1024K)]
  0x0000022e81c3a540 JavaThread "included builds"                   [_thread_blocked, id=10132, stack(0x0000005b5d400000,0x0000005b5d500000) (1024K)]
  0x0000022e81c3bf80 JavaThread "VFS cleanup"                       [_thread_blocked, id=8452, stack(0x0000005b58c00000,0x0000005b58d00000) (1024K)]
  0x0000022efbf15ea0 JavaThread "jar transforms Thread 3"           [_thread_blocked, id=15444, stack(0x0000005b5a400000,0x0000005b5a500000) (1024K)]
  0x0000022efbf178e0 JavaThread "Handler for socket connection from /127.0.0.1:51161 to /127.0.0.1:53360"        [_thread_in_native, id=25504, stack(0x0000005b57700000,0x0000005b57800000) (1024K)]
  0x0000022efbf14460 JavaThread "Cancel handler"                    [_thread_blocked, id=18324, stack(0x0000005b57800000,0x0000005b57900000) (1024K)]
  0x0000022efbf1ba80 JavaThread "Asynchronous log dispatcher for DefaultDaemonConnection: socket connection from /127.0.0.1:51161 to /127.0.0.1:53360"        [_thread_blocked, id=7840, stack(0x0000005b57900000,0x0000005b57a00000) (1024K)]
  0x0000022efbf1a040 JavaThread "Stdin handler"                     [_thread_blocked, id=22304, stack(0x0000005b59800000,0x0000005b59900000) (1024K)]
  0x0000022efbf199b0 JavaThread "Daemon client event forwarder"        [_thread_blocked, id=25448, stack(0x0000005b59a00000,0x0000005b59b00000) (1024K)]
  0x0000022efbf1a6d0 JavaThread "Cache worker for file hash cache (C:\Desenvolvimento\ws-soft\softmobile\node_modules\react-native-safe-area-context\android\.gradle\8.9\fileHashes)"        [_thread_blocked, id=25468, stack(0x0000005b59b00000,0x0000005b59c00000) (1024K)]
  0x0000022efbf1ad60 JavaThread "Cache worker for Build Output Cleanup Cache (C:\Desenvolvimento\ws-soft\softmobile\node_modules\react-native-safe-area-context\android\.gradle\buildOutputCleanup)"        [_thread_blocked, id=24792, stack(0x0000005b59c00000,0x0000005b59d00000) (1024K)]
  0x0000022efbf18600 JavaThread "Cache worker for checksums cache (C:\Desenvolvimento\ws-soft\softmobile\node_modules\react-native-safe-area-context\android\.gradle\8.9\checksums)"        [_thread_blocked, id=6196, stack(0x0000005b5a000000,0x0000005b5a100000) (1024K)]
  0x0000022efbf19320 JavaThread "Cache worker for cache directory md-rule (C:\Users\Jean\.gradle\caches\8.9\md-rule)"        [_thread_blocked, id=7924, stack(0x0000005b5a900000,0x0000005b5aa00000) (1024K)]
  0x0000022e80d82080 JavaThread "Cache worker for cache directory md-supplier (C:\Users\Jean\.gradle\caches\8.9\md-supplier)"        [_thread_blocked, id=24308, stack(0x0000005b5aa00000,0x0000005b5ab00000) (1024K)]
  0x0000022e80d85500 JavaThread "jar transforms Thread 4"           [_thread_blocked, id=10664, stack(0x0000005b5ae00000,0x0000005b5af00000) (1024K)]
  0x0000022e81c39820 JavaThread "Unconstrained build operations"        [_thread_blocked, id=15148, stack(0x0000005b5af00000,0x0000005b5b000000) (1024K)]
  0x0000022e81c3e050 JavaThread "Unconstrained build operations Thread 2"        [_thread_blocked, id=10936, stack(0x0000005b5b000000,0x0000005b5b100000) (1024K)]
  0x0000022e81c3ed70 JavaThread "Unconstrained build operations Thread 3"        [_thread_blocked, id=22980, stack(0x0000005b5b100000,0x0000005b5b200000) (1024K)]
  0x0000022e81c3f400 JavaThread "Unconstrained build operations Thread 4"        [_thread_blocked, id=23360, stack(0x0000005b5a700000,0x0000005b5a800000) (1024K)]
  0x0000022e81c3fa90 JavaThread "Unconstrained build operations Thread 5"        [_thread_blocked, id=25592, stack(0x0000005b5b200000,0x0000005b5b300000) (1024K)]
  0x0000022e81c3cca0 JavaThread "Unconstrained build operations Thread 6"        [_thread_blocked, id=2880, stack(0x0000005b5b300000,0x0000005b5b400000) (1024K)]
  0x0000022e81c3d330 JavaThread "Unconstrained build operations Thread 7"        [_thread_blocked, id=1724, stack(0x0000005b5b400000,0x0000005b5b500000) (1024K)]
  0x0000022e81c3e6e0 JavaThread "Unconstrained build operations Thread 8"        [_thread_blocked, id=4668, stack(0x0000005b5b500000,0x0000005b5b600000) (1024K)]
  0x0000022e801aee20 JavaThread "Unconstrained build operations Thread 9"        [_thread_blocked, id=8748, stack(0x0000005b5b600000,0x0000005b5b700000) (1024K)]
  0x0000022e801afb40 JavaThread "Unconstrained build operations Thread 10"        [_thread_blocked, id=15224, stack(0x0000005b5b700000,0x0000005b5b800000) (1024K)]
  0x0000022e82a6c110 JavaThread "C2 CompilerThread1"         daemon [_thread_in_native, id=25700, stack(0x0000005b5b800000,0x0000005b5b900000) (1024K)]
Total: 50

Other Threads:
  0x0000022ee143ec00 VMThread "VM Thread"                           [id=22316, stack(0x0000005b58100000,0x0000005b58200000) (1024K)]
  0x0000022ee1436540 WatcherThread "VM Periodic Task Thread"        [id=25936, stack(0x0000005b58000000,0x0000005b58100000) (1024K)]
  0x0000022ecba9f3c0 WorkerThread "GC Thread#0"                     [id=5408, stack(0x0000005b57b00000,0x0000005b57c00000) (1024K)]
  0x0000022ee17d0f90 WorkerThread "GC Thread#1"                     [id=2560, stack(0x0000005b58e00000,0x0000005b58f00000) (1024K)]
  0x0000022efb7bfef0 WorkerThread "GC Thread#2"                     [id=19196, stack(0x0000005b58f00000,0x0000005b59000000) (1024K)]
  0x0000022efb3c6be0 WorkerThread "GC Thread#3"                     [id=22636, stack(0x0000005b59000000,0x0000005b59100000) (1024K)]
  0x0000022efb5f61c0 WorkerThread "GC Thread#4"                     [id=6932, stack(0x0000005b59100000,0x0000005b59200000) (1024K)]
  0x0000022efb5f6570 WorkerThread "GC Thread#5"                     [id=17788, stack(0x0000005b59200000,0x0000005b59300000) (1024K)]
  0x0000022e80918360 WorkerThread "GC Thread#6"                     [id=13544, stack(0x0000005b5a100000,0x0000005b5a200000) (1024K)]
  0x0000022e80918710 WorkerThread "GC Thread#7"                     [id=19924, stack(0x0000005b5a200000,0x0000005b5a300000) (1024K)]
  0x0000022ecbaa42c0 ConcurrentGCThread "G1 Main Marker"            [id=5324, stack(0x0000005b57c00000,0x0000005b57d00000) (1024K)]
  0x0000022ecbaa4ce0 WorkerThread "G1 Conc#0"                       [id=23408, stack(0x0000005b57d00000,0x0000005b57e00000) (1024K)]
  0x0000022e80915720 WorkerThread "G1 Conc#1"                       [id=1360, stack(0x0000005b5a300000,0x0000005b5a400000) (1024K)]
  0x0000022ee130a2e0 ConcurrentGCThread "G1 Refine#0"               [id=19656, stack(0x0000005b57e00000,0x0000005b57f00000) (1024K)]
  0x0000022ee130ab10 ConcurrentGCThread "G1 Service"                [id=14176, stack(0x0000005b57f00000,0x0000005b58000000) (1024K)]
Total: 15

Threads with active compile tasks:
C2 CompilerThread0  77942 18636       4       com.sun.org.apache.xerces.internal.impl.XMLDTDScannerImpl::scanEntityDecl (872 bytes)
C1 CompilerThread0  77942 18731       3       org.gradle.api.internal.artifacts.ivyservice.resolveengine.graph.builder.EdgeState::getTargetComponent (27 bytes)
C2 CompilerThread1  77942 18721       4       com.sun.xml.internal.stream.XMLEntityStorage::addInternalEntity (71 bytes)
Total: 3

VM state: not at safepoint (normal execution)

VM Mutex/Monitor currently owned by a thread: None

Heap address: 0x00000000e0000000, size: 512 MB, Compressed Oops mode: 32-bit

CDS archive(s) mapped at: [0x0000022ee2000000-0x0000022ee2ba0000-0x0000022ee2ba0000), size 12189696, SharedBaseAddress: 0x0000022ee2000000, ArchiveRelocationMode: 1.
Compressed class space mapped at: 0x0000022ee3000000-0x0000022ef7000000, reserved size: 335544320
Narrow klass base: 0x0000022ee2000000, Narrow klass shift: 0, Narrow klass range: 0x100000000

GC Precious Log:
 CardTable entry size: 512
 Card Set container configuration: InlinePtr #cards 5 size 8 Array Of Cards #cards 12 size 40 Howl #buckets 4 coarsen threshold 1843 Howl Bitmap #cards 512 size 80 coarsen threshold 460 Card regions per heap region 1 cards per card region 2048
 CPUs: 8 total, 8 available
 Memory: 16122M
 Large Page Support: Disabled
 NUMA Support: Disabled
 Compressed Oops: Enabled (32-bit)
 Heap Region Size: 1M
 Heap Min Capacity: 256M
 Heap Initial Capacity: 256M
 Heap Max Capacity: 512M
 Pre-touch: Disabled
 Parallel Workers: 8
 Concurrent Workers: 2
 Concurrent Refinement Workers: 8
 Periodic GC: Disabled

Heap:
 garbage-first heap   total 262144K, used 181467K [0x00000000e0000000, 0x0000000100000000)
  region size 1024K, 65 young (66560K), 9 survivors (9216K)
 Metaspace       used 152681K, committed 155264K, reserved 524288K
  class space    used 20080K, committed 21376K, reserved 327680K

Heap Regions: E=young(eden), S=young(survivor), O=old, HS=humongous(starts), HC=humongous(continues), CS=collection set, F=free, TAMS=top-at-mark-start, PB=parsable bottom
|   0|0x00000000e0000000, 0x00000000e0100000, 0x00000000e0100000|100%|HS|  |TAMS 0x00000000e0000000| PB 0x00000000e0000000| Complete 
|   1|0x00000000e0100000, 0x00000000e0200000, 0x00000000e0200000|100%|HC|  |TAMS 0x00000000e0100000| PB 0x00000000e0100000| Complete 
|   2|0x00000000e0200000, 0x00000000e0300000, 0x00000000e0300000|100%|HC|  |TAMS 0x00000000e0200000| PB 0x00000000e0200000| Complete 
|   3|0x00000000e0300000, 0x00000000e0400000, 0x00000000e0400000|100%|HC|  |TAMS 0x00000000e0300000| PB 0x00000000e0300000| Complete 
|   4|0x00000000e0400000, 0x00000000e0500000, 0x00000000e0500000|100%| O|  |TAMS 0x00000000e0400000| PB 0x00000000e0400000| Untracked 
|   5|0x00000000e0500000, 0x00000000e0600000, 0x00000000e0600000|100%| O|  |TAMS 0x00000000e0500000| PB 0x00000000e0500000| Untracked 
|   6|0x00000000e0600000, 0x00000000e0700000, 0x00000000e0700000|100%| O|  |TAMS 0x00000000e0600000| PB 0x00000000e0600000| Untracked 
|   7|0x00000000e0700000, 0x00000000e0800000, 0x00000000e0800000|100%| O|  |TAMS 0x00000000e0700000| PB 0x00000000e0700000| Untracked 
|   8|0x00000000e0800000, 0x00000000e0900000, 0x00000000e0900000|100%| O|  |TAMS 0x00000000e0800000| PB 0x00000000e0800000| Untracked 
|   9|0x00000000e0900000, 0x00000000e0a00000, 0x00000000e0a00000|100%| O|  |TAMS 0x00000000e0900000| PB 0x00000000e0900000| Untracked 
|  10|0x00000000e0a00000, 0x00000000e0b00000, 0x00000000e0b00000|100%|HS|  |TAMS 0x00000000e0a00000| PB 0x00000000e0a00000| Complete 
|  11|0x00000000e0b00000, 0x00000000e0c00000, 0x00000000e0c00000|100%| O|  |TAMS 0x00000000e0b00000| PB 0x00000000e0b00000| Untracked 
|  12|0x00000000e0c00000, 0x00000000e0d00000, 0x00000000e0d00000|100%| O|  |TAMS 0x00000000e0c00000| PB 0x00000000e0c00000| Untracked 
|  13|0x00000000e0d00000, 0x00000000e0e00000, 0x00000000e0e00000|100%| O|  |TAMS 0x00000000e0d00000| PB 0x00000000e0d00000| Untracked 
|  14|0x00000000e0e00000, 0x00000000e0f00000, 0x00000000e0f00000|100%| O|  |TAMS 0x00000000e0e00000| PB 0x00000000e0e00000| Untracked 
|  15|0x00000000e0f00000, 0x00000000e1000000, 0x00000000e1000000|100%| O|  |TAMS 0x00000000e0f00000| PB 0x00000000e0f00000| Untracked 
|  16|0x00000000e1000000, 0x00000000e1100000, 0x00000000e1100000|100%| O|  |TAMS 0x00000000e1000000| PB 0x00000000e1000000| Untracked 
|  17|0x00000000e1100000, 0x00000000e1200000, 0x00000000e1200000|100%| O|  |TAMS 0x00000000e1100000| PB 0x00000000e1100000| Untracked 
|  18|0x00000000e1200000, 0x00000000e1300000, 0x00000000e1300000|100%| O|  |TAMS 0x00000000e1200000| PB 0x00000000e1200000| Untracked 
|  19|0x00000000e1300000, 0x00000000e1400000, 0x00000000e1400000|100%| O|  |TAMS 0x00000000e1300000| PB 0x00000000e1300000| Untracked 
|  20|0x00000000e1400000, 0x00000000e1500000, 0x00000000e1500000|100%| O|  |TAMS 0x00000000e1400000| PB 0x00000000e1400000| Untracked 
|  21|0x00000000e1500000, 0x00000000e1600000, 0x00000000e1600000|100%| O|  |TAMS 0x00000000e1500000| PB 0x00000000e1500000| Untracked 
|  22|0x00000000e1600000, 0x00000000e1700000, 0x00000000e1700000|100%| O|  |TAMS 0x00000000e1600000| PB 0x00000000e1600000| Untracked 
|  23|0x00000000e1700000, 0x00000000e1800000, 0x00000000e1800000|100%| O|  |TAMS 0x00000000e1700000| PB 0x00000000e1700000| Untracked 
|  24|0x00000000e1800000, 0x00000000e1900000, 0x00000000e1900000|100%| O|  |TAMS 0x00000000e1800000| PB 0x00000000e1800000| Untracked 
|  25|0x00000000e1900000, 0x00000000e1a00000, 0x00000000e1a00000|100%| O|  |TAMS 0x00000000e1900000| PB 0x00000000e1900000| Untracked 
|  26|0x00000000e1a00000, 0x00000000e1b00000, 0x00000000e1b00000|100%| O|  |TAMS 0x00000000e1a00000| PB 0x00000000e1a00000| Untracked 
|  27|0x00000000e1b00000, 0x00000000e1c00000, 0x00000000e1c00000|100%| O|  |TAMS 0x00000000e1b00000| PB 0x00000000e1b00000| Untracked 
|  28|0x00000000e1c00000, 0x00000000e1d00000, 0x00000000e1d00000|100%| O|  |TAMS 0x00000000e1c00000| PB 0x00000000e1c00000| Untracked 
|  29|0x00000000e1d00000, 0x00000000e1e00000, 0x00000000e1e00000|100%| O|  |TAMS 0x00000000e1d00000| PB 0x00000000e1d00000| Untracked 
|  30|0x00000000e1e00000, 0x00000000e1f00000, 0x00000000e1f00000|100%| O|  |TAMS 0x00000000e1e00000| PB 0x00000000e1e00000| Untracked 
|  31|0x00000000e1f00000, 0x00000000e2000000, 0x00000000e2000000|100%|HS|  |TAMS 0x00000000e1f00000| PB 0x00000000e1f00000| Complete 
|  32|0x00000000e2000000, 0x00000000e2100000, 0x00000000e2100000|100%|HC|  |TAMS 0x00000000e2000000| PB 0x00000000e2000000| Complete 
|  33|0x00000000e2100000, 0x00000000e2200000, 0x00000000e2200000|100%|HC|  |TAMS 0x00000000e2100000| PB 0x00000000e2100000| Complete 
|  34|0x00000000e2200000, 0x00000000e2300000, 0x00000000e2300000|100%|HS|  |TAMS 0x00000000e2200000| PB 0x00000000e2200000| Complete 
|  35|0x00000000e2300000, 0x00000000e2400000, 0x00000000e2400000|100%|HC|  |TAMS 0x00000000e2300000| PB 0x00000000e2300000| Complete 
|  36|0x00000000e2400000, 0x00000000e2500000, 0x00000000e2500000|100%|HC|  |TAMS 0x00000000e2400000| PB 0x00000000e2400000| Complete 
|  37|0x00000000e2500000, 0x00000000e2600000, 0x00000000e2600000|100%| O|  |TAMS 0x00000000e2500000| PB 0x00000000e2500000| Untracked 
|  38|0x00000000e2600000, 0x00000000e2700000, 0x00000000e2700000|100%| O|  |TAMS 0x00000000e2600000| PB 0x00000000e2600000| Untracked 
|  39|0x00000000e2700000, 0x00000000e2800000, 0x00000000e2800000|100%| O|  |TAMS 0x00000000e2700000| PB 0x00000000e2700000| Untracked 
|  40|0x00000000e2800000, 0x00000000e2900000, 0x00000000e2900000|100%| O|  |TAMS 0x00000000e2800000| PB 0x00000000e2800000| Untracked 
|  41|0x00000000e2900000, 0x00000000e2a00000, 0x00000000e2a00000|100%| O|  |TAMS 0x00000000e2900000| PB 0x00000000e2900000| Untracked 
|  42|0x00000000e2a00000, 0x00000000e2b00000, 0x00000000e2b00000|100%| O|  |TAMS 0x00000000e2a00000| PB 0x00000000e2a00000| Untracked 
|  43|0x00000000e2b00000, 0x00000000e2c00000, 0x00000000e2c00000|100%| O|  |TAMS 0x00000000e2b00000| PB 0x00000000e2b00000| Untracked 
|  44|0x00000000e2c00000, 0x00000000e2d00000, 0x00000000e2d00000|100%| O|  |TAMS 0x00000000e2c00000| PB 0x00000000e2c00000| Untracked 
|  45|0x00000000e2d00000, 0x00000000e2e00000, 0x00000000e2e00000|100%| O|  |TAMS 0x00000000e2d00000| PB 0x00000000e2d00000| Untracked 
|  46|0x00000000e2e00000, 0x00000000e2f00000, 0x00000000e2f00000|100%| O|  |TAMS 0x00000000e2e00000| PB 0x00000000e2e00000| Untracked 
|  47|0x00000000e2f00000, 0x00000000e3000000, 0x00000000e3000000|100%| O|  |TAMS 0x00000000e2f00000| PB 0x00000000e2f00000| Untracked 
|  48|0x00000000e3000000, 0x00000000e3100000, 0x00000000e3100000|100%| O|  |TAMS 0x00000000e3000000| PB 0x00000000e3000000| Untracked 
|  49|0x00000000e3100000, 0x00000000e3200000, 0x00000000e3200000|100%| O|  |TAMS 0x00000000e3100000| PB 0x00000000e3100000| Untracked 
|  50|0x00000000e3200000, 0x00000000e3300000, 0x00000000e3300000|100%| O|  |TAMS 0x00000000e3200000| PB 0x00000000e3200000| Untracked 
|  51|0x00000000e3300000, 0x00000000e3400000, 0x00000000e3400000|100%| O|  |TAMS 0x00000000e3300000| PB 0x00000000e3300000| Untracked 
|  52|0x00000000e3400000, 0x00000000e3500000, 0x00000000e3500000|100%| O|  |TAMS 0x00000000e3400000| PB 0x00000000e3400000| Untracked 
|  53|0x00000000e3500000, 0x00000000e3600000, 0x00000000e3600000|100%| O|  |TAMS 0x00000000e3500000| PB 0x00000000e3500000| Untracked 
|  54|0x00000000e3600000, 0x00000000e3700000, 0x00000000e3700000|100%| O|  |TAMS 0x00000000e3600000| PB 0x00000000e3600000| Untracked 
|  55|0x00000000e3700000, 0x00000000e3800000, 0x00000000e3800000|100%| O|  |TAMS 0x00000000e3700000| PB 0x00000000e3700000| Untracked 
|  56|0x00000000e3800000, 0x00000000e3900000, 0x00000000e3900000|100%| O|  |TAMS 0x00000000e3800000| PB 0x00000000e3800000| Untracked 
|  57|0x00000000e3900000, 0x00000000e3a00000, 0x00000000e3a00000|100%| O|  |TAMS 0x00000000e3900000| PB 0x00000000e3900000| Untracked 
|  58|0x00000000e3a00000, 0x00000000e3b00000, 0x00000000e3b00000|100%| O|  |TAMS 0x00000000e3a00000| PB 0x00000000e3a00000| Untracked 
|  59|0x00000000e3b00000, 0x00000000e3c00000, 0x00000000e3c00000|100%| O|  |TAMS 0x00000000e3b00000| PB 0x00000000e3b00000| Untracked 
|  60|0x00000000e3c00000, 0x00000000e3d00000, 0x00000000e3d00000|100%| O|  |TAMS 0x00000000e3c00000| PB 0x00000000e3c00000| Untracked 
|  61|0x00000000e3d00000, 0x00000000e3e00000, 0x00000000e3e00000|100%| O|  |TAMS 0x00000000e3d00000| PB 0x00000000e3d00000| Untracked 
|  62|0x00000000e3e00000, 0x00000000e3f00000, 0x00000000e3f00000|100%| O|  |TAMS 0x00000000e3e00000| PB 0x00000000e3e00000| Untracked 
|  63|0x00000000e3f00000, 0x00000000e4000000, 0x00000000e4000000|100%| O|  |TAMS 0x00000000e3f00000| PB 0x00000000e3f00000| Untracked 
|  64|0x00000000e4000000, 0x00000000e4100000, 0x00000000e4100000|100%| O|  |TAMS 0x00000000e4000000| PB 0x00000000e4000000| Untracked 
|  65|0x00000000e4100000, 0x00000000e4200000, 0x00000000e4200000|100%| O|  |TAMS 0x00000000e4100000| PB 0x00000000e4100000| Untracked 
|  66|0x00000000e4200000, 0x00000000e4300000, 0x00000000e4300000|100%| O|  |TAMS 0x00000000e4200000| PB 0x00000000e4200000| Untracked 
|  67|0x00000000e4300000, 0x00000000e4400000, 0x00000000e4400000|100%| O|  |TAMS 0x00000000e4300000| PB 0x00000000e4300000| Untracked 
|  68|0x00000000e4400000, 0x00000000e4500000, 0x00000000e4500000|100%| O|  |TAMS 0x00000000e4400000| PB 0x00000000e4400000| Untracked 
|  69|0x00000000e4500000, 0x00000000e4600000, 0x00000000e4600000|100%| O|  |TAMS 0x00000000e4500000| PB 0x00000000e4500000| Untracked 
|  70|0x00000000e4600000, 0x00000000e4700000, 0x00000000e4700000|100%| O|  |TAMS 0x00000000e4600000| PB 0x00000000e4600000| Untracked 
|  71|0x00000000e4700000, 0x00000000e4800000, 0x00000000e4800000|100%| O|  |TAMS 0x00000000e4700000| PB 0x00000000e4700000| Untracked 
|  72|0x00000000e4800000, 0x00000000e4900000, 0x00000000e4900000|100%| O|  |TAMS 0x00000000e4800000| PB 0x00000000e4800000| Untracked 
|  73|0x00000000e4900000, 0x00000000e4a00000, 0x00000000e4a00000|100%| O|  |TAMS 0x00000000e4900000| PB 0x00000000e4900000| Untracked 
|  74|0x00000000e4a00000, 0x00000000e4b00000, 0x00000000e4b00000|100%| O|  |TAMS 0x00000000e4a00000| PB 0x00000000e4a00000| Untracked 
|  75|0x00000000e4b00000, 0x00000000e4c00000, 0x00000000e4c00000|100%| O|  |TAMS 0x00000000e4b00000| PB 0x00000000e4b00000| Untracked 
|  76|0x00000000e4c00000, 0x00000000e4d00000, 0x00000000e4d00000|100%| O|  |TAMS 0x00000000e4c00000| PB 0x00000000e4c00000| Untracked 
|  77|0x00000000e4d00000, 0x00000000e4e00000, 0x00000000e4e00000|100%| O|  |TAMS 0x00000000e4d00000| PB 0x00000000e4d00000| Untracked 
|  78|0x00000000e4e00000, 0x00000000e4f00000, 0x00000000e4f00000|100%| O|  |TAMS 0x00000000e4e00000| PB 0x00000000e4e00000| Untracked 
|  79|0x00000000e4f00000, 0x00000000e5000000, 0x00000000e5000000|100%| O|  |TAMS 0x00000000e4f00000| PB 0x00000000e4f00000| Untracked 
|  80|0x00000000e5000000, 0x00000000e5100000, 0x00000000e5100000|100%| O|  |TAMS 0x00000000e5000000| PB 0x00000000e5000000| Untracked 
|  81|0x00000000e5100000, 0x00000000e5200000, 0x00000000e5200000|100%| O|  |TAMS 0x00000000e5100000| PB 0x00000000e5100000| Untracked 
|  82|0x00000000e5200000, 0x00000000e5300000, 0x00000000e5300000|100%| O|  |TAMS 0x00000000e5200000| PB 0x00000000e5200000| Untracked 
|  83|0x00000000e5300000, 0x00000000e5400000, 0x00000000e5400000|100%| O|  |TAMS 0x00000000e5300000| PB 0x00000000e5300000| Untracked 
|  84|0x00000000e5400000, 0x00000000e5500000, 0x00000000e5500000|100%| O|  |TAMS 0x00000000e5400000| PB 0x00000000e5400000| Untracked 
|  85|0x00000000e5500000, 0x00000000e5600000, 0x00000000e5600000|100%| O|Cm|TAMS 0x00000000e5500000| PB 0x00000000e5500000| Complete 
|  86|0x00000000e5600000, 0x00000000e5600000, 0x00000000e5700000|  0%| F|  |TAMS 0x00000000e5600000| PB 0x00000000e5600000| Untracked 
|  87|0x00000000e5700000, 0x00000000e5800000, 0x00000000e5800000|100%| O|  |TAMS 0x00000000e5700000| PB 0x00000000e5700000| Untracked 
|  88|0x00000000e5800000, 0x00000000e5900000, 0x00000000e5900000|100%| O|  |TAMS 0x00000000e5800000| PB 0x00000000e5800000| Untracked 
|  89|0x00000000e5900000, 0x00000000e5a00000, 0x00000000e5a00000|100%| O|Cm|TAMS 0x00000000e5900000| PB 0x00000000e5900000| Complete 
|  90|0x00000000e5a00000, 0x00000000e5b00000, 0x00000000e5b00000|100%| O|  |TAMS 0x00000000e5a00000| PB 0x00000000e5a00000| Untracked 
|  91|0x00000000e5b00000, 0x00000000e5c00000, 0x00000000e5c00000|100%| O|Cm|TAMS 0x00000000e5b00000| PB 0x00000000e5b00000| Complete 
|  92|0x00000000e5c00000, 0x00000000e5d00000, 0x00000000e5d00000|100%| O|Cm|TAMS 0x00000000e5c00000| PB 0x00000000e5c00000| Complete 
|  93|0x00000000e5d00000, 0x00000000e5e00000, 0x00000000e5e00000|100%| O|Cm|TAMS 0x00000000e5d00000| PB 0x00000000e5d00000| Complete 
|  94|0x00000000e5e00000, 0x00000000e5f00000, 0x00000000e5f00000|100%| O|  |TAMS 0x00000000e5e00000| PB 0x00000000e5e00000| Untracked 
|  95|0x00000000e5f00000, 0x00000000e6000000, 0x00000000e6000000|100%| O|  |TAMS 0x00000000e5f00000| PB 0x00000000e5f00000| Untracked 
|  96|0x00000000e6000000, 0x00000000e6100000, 0x00000000e6100000|100%| O|  |TAMS 0x00000000e6000000| PB 0x00000000e6000000| Untracked 
|  97|0x00000000e6100000, 0x00000000e6200000, 0x00000000e6200000|100%| O|  |TAMS 0x00000000e6100000| PB 0x00000000e6100000| Untracked 
|  98|0x00000000e6200000, 0x00000000e6300000, 0x00000000e6300000|100%| O|  |TAMS 0x00000000e6200000| PB 0x00000000e6200000| Untracked 
|  99|0x00000000e6300000, 0x00000000e6400000, 0x00000000e6400000|100%| O|  |TAMS 0x00000000e6300000| PB 0x00000000e6300000| Untracked 
| 100|0x00000000e6400000, 0x00000000e6500000, 0x00000000e6500000|100%| O|  |TAMS 0x00000000e6400000| PB 0x00000000e6400000| Untracked 
| 101|0x00000000e6500000, 0x00000000e6600000, 0x00000000e6600000|100%| O|  |TAMS 0x00000000e6500000| PB 0x00000000e6500000| Untracked 
| 102|0x00000000e6600000, 0x00000000e6636f38, 0x00000000e6700000| 21%| O|  |TAMS 0x00000000e6600000| PB 0x00000000e6600000| Untracked 
| 103|0x00000000e6700000, 0x00000000e6800000, 0x00000000e6800000|100%| O|Cm|TAMS 0x00000000e6700000| PB 0x00000000e6700000| Complete 
| 104|0x00000000e6800000, 0x00000000e6900000, 0x00000000e6900000|100%| O|Cm|TAMS 0x00000000e6800000| PB 0x00000000e6800000| Complete 
| 105|0x00000000e6900000, 0x00000000e6a00000, 0x00000000e6a00000|100%| O|  |TAMS 0x00000000e6900000| PB 0x00000000e6900000| Untracked 
| 106|0x00000000e6a00000, 0x00000000e6b00000, 0x00000000e6b00000|100%| O|  |TAMS 0x00000000e6a00000| PB 0x00000000e6a00000| Untracked 
| 107|0x00000000e6b00000, 0x00000000e6c00000, 0x00000000e6c00000|100%| O|Cm|TAMS 0x00000000e6b00000| PB 0x00000000e6b00000| Complete 
| 108|0x00000000e6c00000, 0x00000000e6d00000, 0x00000000e6d00000|100%| O|Cm|TAMS 0x00000000e6c00000| PB 0x00000000e6c00000| Complete 
| 109|0x00000000e6d00000, 0x00000000e6e00000, 0x00000000e6e00000|100%| O|Cm|TAMS 0x00000000e6d00000| PB 0x00000000e6d00000| Complete 
| 110|0x00000000e6e00000, 0x00000000e6f00000, 0x00000000e6f00000|100%| O|Cm|TAMS 0x00000000e6e00000| PB 0x00000000e6e00000| Complete 
| 111|0x00000000e6f00000, 0x00000000e7000000, 0x00000000e7000000|100%| O|  |TAMS 0x00000000e6f00000| PB 0x00000000e6f00000| Untracked 
| 112|0x00000000e7000000, 0x00000000e7100000, 0x00000000e7100000|100%| O|  |TAMS 0x00000000e7000000| PB 0x00000000e7000000| Untracked 
| 113|0x00000000e7100000, 0x00000000e7200000, 0x00000000e7200000|100%| O|  |TAMS 0x00000000e7100000| PB 0x00000000e7100000| Untracked 
| 114|0x00000000e7200000, 0x00000000e7300000, 0x00000000e7300000|100%| O|  |TAMS 0x00000000e7200000| PB 0x00000000e7200000| Untracked 
| 115|0x00000000e7300000, 0x00000000e7400000, 0x00000000e7400000|100%| O|  |TAMS 0x00000000e7300000| PB 0x00000000e7300000| Untracked 
| 116|0x00000000e7400000, 0x00000000e7400000, 0x00000000e7500000|  0%| F|  |TAMS 0x00000000e7400000| PB 0x00000000e7400000| Untracked 
| 117|0x00000000e7500000, 0x00000000e7500000, 0x00000000e7600000|  0%| F|  |TAMS 0x00000000e7500000| PB 0x00000000e7500000| Untracked 
| 118|0x00000000e7600000, 0x00000000e7600000, 0x00000000e7700000|  0%| F|  |TAMS 0x00000000e7600000| PB 0x00000000e7600000| Untracked 
| 119|0x00000000e7700000, 0x00000000e7700000, 0x00000000e7800000|  0%| F|  |TAMS 0x00000000e7700000| PB 0x00000000e7700000| Untracked 
| 120|0x00000000e7800000, 0x00000000e7800000, 0x00000000e7900000|  0%| F|  |TAMS 0x00000000e7800000| PB 0x00000000e7800000| Untracked 
| 121|0x00000000e7900000, 0x00000000e7a00000, 0x00000000e7a00000|100%| S|CS|TAMS 0x00000000e7900000| PB 0x00000000e7900000| Complete 
| 122|0x00000000e7a00000, 0x00000000e7b00000, 0x00000000e7b00000|100%| S|CS|TAMS 0x00000000e7a00000| PB 0x00000000e7a00000| Complete 
| 123|0x00000000e7b00000, 0x00000000e7c00000, 0x00000000e7c00000|100%| S|CS|TAMS 0x00000000e7b00000| PB 0x00000000e7b00000| Complete 
| 124|0x00000000e7c00000, 0x00000000e7d00000, 0x00000000e7d00000|100%| S|CS|TAMS 0x00000000e7c00000| PB 0x00000000e7c00000| Complete 
| 125|0x00000000e7d00000, 0x00000000e7e00000, 0x00000000e7e00000|100%| S|CS|TAMS 0x00000000e7d00000| PB 0x00000000e7d00000| Complete 
| 126|0x00000000e7e00000, 0x00000000e7e00000, 0x00000000e7f00000|  0%| F|  |TAMS 0x00000000e7e00000| PB 0x00000000e7e00000| Untracked 
| 127|0x00000000e7f00000, 0x00000000e7f00000, 0x00000000e8000000|  0%| F|  |TAMS 0x00000000e7f00000| PB 0x00000000e7f00000| Untracked 
| 128|0x00000000e8000000, 0x00000000e8000000, 0x00000000e8100000|  0%| F|  |TAMS 0x00000000e8000000| PB 0x00000000e8000000| Untracked 
| 129|0x00000000e8100000, 0x00000000e8100000, 0x00000000e8200000|  0%| F|  |TAMS 0x00000000e8100000| PB 0x00000000e8100000| Untracked 
| 130|0x00000000e8200000, 0x00000000e8300000, 0x00000000e8300000|100%| S|CS|TAMS 0x00000000e8200000| PB 0x00000000e8200000| Complete 
| 131|0x00000000e8300000, 0x00000000e8400000, 0x00000000e8400000|100%| S|CS|TAMS 0x00000000e8300000| PB 0x00000000e8300000| Complete 
| 132|0x00000000e8400000, 0x00000000e8500000, 0x00000000e8500000|100%| S|CS|TAMS 0x00000000e8400000| PB 0x00000000e8400000| Complete 
| 133|0x00000000e8500000, 0x00000000e8600000, 0x00000000e8600000|100%| S|CS|TAMS 0x00000000e8500000| PB 0x00000000e8500000| Complete 
| 134|0x00000000e8600000, 0x00000000e8600000, 0x00000000e8700000|  0%| F|  |TAMS 0x00000000e8600000| PB 0x00000000e8600000| Untracked 
| 135|0x00000000e8700000, 0x00000000e8700000, 0x00000000e8800000|  0%| F|  |TAMS 0x00000000e8700000| PB 0x00000000e8700000| Untracked 
| 136|0x00000000e8800000, 0x00000000e8800000, 0x00000000e8900000|  0%| F|  |TAMS 0x00000000e8800000| PB 0x00000000e8800000| Untracked 
| 137|0x00000000e8900000, 0x00000000e8900000, 0x00000000e8a00000|  0%| F|  |TAMS 0x00000000e8900000| PB 0x00000000e8900000| Untracked 
| 138|0x00000000e8a00000, 0x00000000e8a00000, 0x00000000e8b00000|  0%| F|  |TAMS 0x00000000e8a00000| PB 0x00000000e8a00000| Untracked 
| 139|0x00000000e8b00000, 0x00000000e8b00000, 0x00000000e8c00000|  0%| F|  |TAMS 0x00000000e8b00000| PB 0x00000000e8b00000| Untracked 
| 140|0x00000000e8c00000, 0x00000000e8c00000, 0x00000000e8d00000|  0%| F|  |TAMS 0x00000000e8c00000| PB 0x00000000e8c00000| Untracked 
| 141|0x00000000e8d00000, 0x00000000e8d00000, 0x00000000e8e00000|  0%| F|  |TAMS 0x00000000e8d00000| PB 0x00000000e8d00000| Untracked 
| 142|0x00000000e8e00000, 0x00000000e8e00000, 0x00000000e8f00000|  0%| F|  |TAMS 0x00000000e8e00000| PB 0x00000000e8e00000| Untracked 
| 143|0x00000000e8f00000, 0x00000000e8f00000, 0x00000000e9000000|  0%| F|  |TAMS 0x00000000e8f00000| PB 0x00000000e8f00000| Untracked 
| 144|0x00000000e9000000, 0x00000000e9000000, 0x00000000e9100000|  0%| F|  |TAMS 0x00000000e9000000| PB 0x00000000e9000000| Untracked 
| 145|0x00000000e9100000, 0x00000000e9100000, 0x00000000e9200000|  0%| F|  |TAMS 0x00000000e9100000| PB 0x00000000e9100000| Untracked 
| 146|0x00000000e9200000, 0x00000000e9200000, 0x00000000e9300000|  0%| F|  |TAMS 0x00000000e9200000| PB 0x00000000e9200000| Untracked 
| 147|0x00000000e9300000, 0x00000000e9300000, 0x00000000e9400000|  0%| F|  |TAMS 0x00000000e9300000| PB 0x00000000e9300000| Untracked 
| 148|0x00000000e9400000, 0x00000000e9400000, 0x00000000e9500000|  0%| F|  |TAMS 0x00000000e9400000| PB 0x00000000e9400000| Untracked 
| 149|0x00000000e9500000, 0x00000000e9500000, 0x00000000e9600000|  0%| F|  |TAMS 0x00000000e9500000| PB 0x00000000e9500000| Untracked 
| 150|0x00000000e9600000, 0x00000000e9600000, 0x00000000e9700000|  0%| F|  |TAMS 0x00000000e9600000| PB 0x00000000e9600000| Untracked 
| 151|0x00000000e9700000, 0x00000000e9700000, 0x00000000e9800000|  0%| F|  |TAMS 0x00000000e9700000| PB 0x00000000e9700000| Untracked 
| 152|0x00000000e9800000, 0x00000000e9800000, 0x00000000e9900000|  0%| F|  |TAMS 0x00000000e9800000| PB 0x00000000e9800000| Untracked 
| 153|0x00000000e9900000, 0x00000000e9900000, 0x00000000e9a00000|  0%| F|  |TAMS 0x00000000e9900000| PB 0x00000000e9900000| Untracked 
| 154|0x00000000e9a00000, 0x00000000e9a00000, 0x00000000e9b00000|  0%| F|  |TAMS 0x00000000e9a00000| PB 0x00000000e9a00000| Untracked 
| 155|0x00000000e9b00000, 0x00000000e9b00000, 0x00000000e9c00000|  0%| F|  |TAMS 0x00000000e9b00000| PB 0x00000000e9b00000| Untracked 
| 156|0x00000000e9c00000, 0x00000000e9c00000, 0x00000000e9d00000|  0%| F|  |TAMS 0x00000000e9c00000| PB 0x00000000e9c00000| Untracked 
| 157|0x00000000e9d00000, 0x00000000e9d00000, 0x00000000e9e00000|  0%| F|  |TAMS 0x00000000e9d00000| PB 0x00000000e9d00000| Untracked 
| 158|0x00000000e9e00000, 0x00000000e9e00000, 0x00000000e9f00000|  0%| F|  |TAMS 0x00000000e9e00000| PB 0x00000000e9e00000| Untracked 
| 159|0x00000000e9f00000, 0x00000000e9f00000, 0x00000000ea000000|  0%| F|  |TAMS 0x00000000e9f00000| PB 0x00000000e9f00000| Untracked 
| 160|0x00000000ea000000, 0x00000000ea000000, 0x00000000ea100000|  0%| F|  |TAMS 0x00000000ea000000| PB 0x00000000ea000000| Untracked 
| 161|0x00000000ea100000, 0x00000000ea100000, 0x00000000ea200000|  0%| F|  |TAMS 0x00000000ea100000| PB 0x00000000ea100000| Untracked 
| 162|0x00000000ea200000, 0x00000000ea200000, 0x00000000ea300000|  0%| F|  |TAMS 0x00000000ea200000| PB 0x00000000ea200000| Untracked 
| 163|0x00000000ea300000, 0x00000000ea300000, 0x00000000ea400000|  0%| F|  |TAMS 0x00000000ea300000| PB 0x00000000ea300000| Untracked 
| 164|0x00000000ea400000, 0x00000000ea400000, 0x00000000ea500000|  0%| F|  |TAMS 0x00000000ea400000| PB 0x00000000ea400000| Untracked 
| 165|0x00000000ea500000, 0x00000000ea500000, 0x00000000ea600000|  0%| F|  |TAMS 0x00000000ea500000| PB 0x00000000ea500000| Untracked 
| 166|0x00000000ea600000, 0x00000000ea600000, 0x00000000ea700000|  0%| F|  |TAMS 0x00000000ea600000| PB 0x00000000ea600000| Untracked 
| 167|0x00000000ea700000, 0x00000000ea700000, 0x00000000ea800000|  0%| F|  |TAMS 0x00000000ea700000| PB 0x00000000ea700000| Untracked 
| 168|0x00000000ea800000, 0x00000000ea800000, 0x00000000ea900000|  0%| F|  |TAMS 0x00000000ea800000| PB 0x00000000ea800000| Untracked 
| 169|0x00000000ea900000, 0x00000000ea900000, 0x00000000eaa00000|  0%| F|  |TAMS 0x00000000ea900000| PB 0x00000000ea900000| Untracked 
| 170|0x00000000eaa00000, 0x00000000eaa00000, 0x00000000eab00000|  0%| F|  |TAMS 0x00000000eaa00000| PB 0x00000000eaa00000| Untracked 
| 171|0x00000000eab00000, 0x00000000eab00000, 0x00000000eac00000|  0%| F|  |TAMS 0x00000000eab00000| PB 0x00000000eab00000| Untracked 
| 172|0x00000000eac00000, 0x00000000eac00000, 0x00000000ead00000|  0%| F|  |TAMS 0x00000000eac00000| PB 0x00000000eac00000| Untracked 
| 173|0x00000000ead00000, 0x00000000ead00000, 0x00000000eae00000|  0%| F|  |TAMS 0x00000000ead00000| PB 0x00000000ead00000| Untracked 
| 174|0x00000000eae00000, 0x00000000eae00000, 0x00000000eaf00000|  0%| F|  |TAMS 0x00000000eae00000| PB 0x00000000eae00000| Untracked 
| 175|0x00000000eaf00000, 0x00000000eaf00000, 0x00000000eb000000|  0%| F|  |TAMS 0x00000000eaf00000| PB 0x00000000eaf00000| Untracked 
| 176|0x00000000eb000000, 0x00000000eb000000, 0x00000000eb100000|  0%| F|  |TAMS 0x00000000eb000000| PB 0x00000000eb000000| Untracked 
| 177|0x00000000eb100000, 0x00000000eb100000, 0x00000000eb200000|  0%| F|  |TAMS 0x00000000eb100000| PB 0x00000000eb100000| Untracked 
| 178|0x00000000eb200000, 0x00000000eb200000, 0x00000000eb300000|  0%| F|  |TAMS 0x00000000eb200000| PB 0x00000000eb200000| Untracked 
| 179|0x00000000eb300000, 0x00000000eb300000, 0x00000000eb400000|  0%| F|  |TAMS 0x00000000eb300000| PB 0x00000000eb300000| Untracked 
| 180|0x00000000eb400000, 0x00000000eb400000, 0x00000000eb500000|  0%| F|  |TAMS 0x00000000eb400000| PB 0x00000000eb400000| Untracked 
| 181|0x00000000eb500000, 0x00000000eb500000, 0x00000000eb600000|  0%| F|  |TAMS 0x00000000eb500000| PB 0x00000000eb500000| Untracked 
| 182|0x00000000eb600000, 0x00000000eb600000, 0x00000000eb700000|  0%| F|  |TAMS 0x00000000eb600000| PB 0x00000000eb600000| Untracked 
| 183|0x00000000eb700000, 0x00000000eb700000, 0x00000000eb800000|  0%| F|  |TAMS 0x00000000eb700000| PB 0x00000000eb700000| Untracked 
| 184|0x00000000eb800000, 0x00000000eb800000, 0x00000000eb900000|  0%| F|  |TAMS 0x00000000eb800000| PB 0x00000000eb800000| Untracked 
| 185|0x00000000eb900000, 0x00000000eb900000, 0x00000000eba00000|  0%| F|  |TAMS 0x00000000eb900000| PB 0x00000000eb900000| Untracked 
| 186|0x00000000eba00000, 0x00000000eba00000, 0x00000000ebb00000|  0%| F|  |TAMS 0x00000000eba00000| PB 0x00000000eba00000| Untracked 
| 187|0x00000000ebb00000, 0x00000000ebb00000, 0x00000000ebc00000|  0%| F|  |TAMS 0x00000000ebb00000| PB 0x00000000ebb00000| Untracked 
| 188|0x00000000ebc00000, 0x00000000ebc00000, 0x00000000ebd00000|  0%| F|  |TAMS 0x00000000ebc00000| PB 0x00000000ebc00000| Untracked 
| 189|0x00000000ebd00000, 0x00000000ebd00000, 0x00000000ebe00000|  0%| F|  |TAMS 0x00000000ebd00000| PB 0x00000000ebd00000| Untracked 
| 190|0x00000000ebe00000, 0x00000000ebe00000, 0x00000000ebf00000|  0%| F|  |TAMS 0x00000000ebe00000| PB 0x00000000ebe00000| Untracked 
| 191|0x00000000ebf00000, 0x00000000ebf00000, 0x00000000ec000000|  0%| F|  |TAMS 0x00000000ebf00000| PB 0x00000000ebf00000| Untracked 
| 192|0x00000000ec000000, 0x00000000ec000000, 0x00000000ec100000|  0%| F|  |TAMS 0x00000000ec000000| PB 0x00000000ec000000| Untracked 
| 193|0x00000000ec100000, 0x00000000ec100000, 0x00000000ec200000|  0%| F|  |TAMS 0x00000000ec100000| PB 0x00000000ec100000| Untracked 
| 194|0x00000000ec200000, 0x00000000ec200000, 0x00000000ec300000|  0%| F|  |TAMS 0x00000000ec200000| PB 0x00000000ec200000| Untracked 
| 195|0x00000000ec300000, 0x00000000ec300000, 0x00000000ec400000|  0%| F|  |TAMS 0x00000000ec300000| PB 0x00000000ec300000| Untracked 
| 196|0x00000000ec400000, 0x00000000ec400000, 0x00000000ec500000|  0%| F|  |TAMS 0x00000000ec400000| PB 0x00000000ec400000| Untracked 
| 197|0x00000000ec500000, 0x00000000ec500000, 0x00000000ec600000|  0%| F|  |TAMS 0x00000000ec500000| PB 0x00000000ec500000| Untracked 
| 198|0x00000000ec600000, 0x00000000ec62acb0, 0x00000000ec700000| 16%| E|  |TAMS 0x00000000ec600000| PB 0x00000000ec600000| Complete 
| 199|0x00000000ec700000, 0x00000000ec800000, 0x00000000ec800000|100%| E|CS|TAMS 0x00000000ec700000| PB 0x00000000ec700000| Complete 
| 200|0x00000000ec800000, 0x00000000ec900000, 0x00000000ec900000|100%| E|CS|TAMS 0x00000000ec800000| PB 0x00000000ec800000| Complete 
| 201|0x00000000ec900000, 0x00000000eca00000, 0x00000000eca00000|100%| E|CS|TAMS 0x00000000ec900000| PB 0x00000000ec900000| Complete 
| 202|0x00000000eca00000, 0x00000000ecb00000, 0x00000000ecb00000|100%| E|  |TAMS 0x00000000eca00000| PB 0x00000000eca00000| Complete 
| 203|0x00000000ecb00000, 0x00000000ecc00000, 0x00000000ecc00000|100%| E|CS|TAMS 0x00000000ecb00000| PB 0x00000000ecb00000| Complete 
| 204|0x00000000ecc00000, 0x00000000ecd00000, 0x00000000ecd00000|100%| E|CS|TAMS 0x00000000ecc00000| PB 0x00000000ecc00000| Complete 
| 205|0x00000000ecd00000, 0x00000000ece00000, 0x00000000ece00000|100%| E|CS|TAMS 0x00000000ecd00000| PB 0x00000000ecd00000| Complete 
| 206|0x00000000ece00000, 0x00000000ecf00000, 0x00000000ecf00000|100%| E|CS|TAMS 0x00000000ece00000| PB 0x00000000ece00000| Complete 
| 207|0x00000000ecf00000, 0x00000000ed000000, 0x00000000ed000000|100%| E|CS|TAMS 0x00000000ecf00000| PB 0x00000000ecf00000| Complete 
| 208|0x00000000ed000000, 0x00000000ed100000, 0x00000000ed100000|100%| E|CS|TAMS 0x00000000ed000000| PB 0x00000000ed000000| Complete 
| 209|0x00000000ed100000, 0x00000000ed200000, 0x00000000ed200000|100%| E|CS|TAMS 0x00000000ed100000| PB 0x00000000ed100000| Complete 
| 210|0x00000000ed200000, 0x00000000ed300000, 0x00000000ed300000|100%| E|CS|TAMS 0x00000000ed200000| PB 0x00000000ed200000| Complete 
| 211|0x00000000ed300000, 0x00000000ed400000, 0x00000000ed400000|100%| E|CS|TAMS 0x00000000ed300000| PB 0x00000000ed300000| Complete 
| 212|0x00000000ed400000, 0x00000000ed500000, 0x00000000ed500000|100%| E|CS|TAMS 0x00000000ed400000| PB 0x00000000ed400000| Complete 
| 213|0x00000000ed500000, 0x00000000ed600000, 0x00000000ed600000|100%| E|CS|TAMS 0x00000000ed500000| PB 0x00000000ed500000| Complete 
| 214|0x00000000ed600000, 0x00000000ed700000, 0x00000000ed700000|100%| E|CS|TAMS 0x00000000ed600000| PB 0x00000000ed600000| Complete 
| 215|0x00000000ed700000, 0x00000000ed800000, 0x00000000ed800000|100%| E|CS|TAMS 0x00000000ed700000| PB 0x00000000ed700000| Complete 
| 216|0x00000000ed800000, 0x00000000ed900000, 0x00000000ed900000|100%| E|CS|TAMS 0x00000000ed800000| PB 0x00000000ed800000| Complete 
| 217|0x00000000ed900000, 0x00000000eda00000, 0x00000000eda00000|100%| E|CS|TAMS 0x00000000ed900000| PB 0x00000000ed900000| Complete 
| 218|0x00000000eda00000, 0x00000000edb00000, 0x00000000edb00000|100%| E|CS|TAMS 0x00000000eda00000| PB 0x00000000eda00000| Complete 
| 219|0x00000000edb00000, 0x00000000edc00000, 0x00000000edc00000|100%| E|CS|TAMS 0x00000000edb00000| PB 0x00000000edb00000| Complete 
| 220|0x00000000edc00000, 0x00000000edd00000, 0x00000000edd00000|100%| E|CS|TAMS 0x00000000edc00000| PB 0x00000000edc00000| Complete 
| 221|0x00000000edd00000, 0x00000000ede00000, 0x00000000ede00000|100%| E|CS|TAMS 0x00000000edd00000| PB 0x00000000edd00000| Complete 
| 222|0x00000000ede00000, 0x00000000edf00000, 0x00000000edf00000|100%| E|CS|TAMS 0x00000000ede00000| PB 0x00000000ede00000| Complete 
| 223|0x00000000edf00000, 0x00000000ee000000, 0x00000000ee000000|100%| E|CS|TAMS 0x00000000edf00000| PB 0x00000000edf00000| Complete 
| 224|0x00000000ee000000, 0x00000000ee100000, 0x00000000ee100000|100%| E|CS|TAMS 0x00000000ee000000| PB 0x00000000ee000000| Complete 
| 225|0x00000000ee100000, 0x00000000ee200000, 0x00000000ee200000|100%| E|CS|TAMS 0x00000000ee100000| PB 0x00000000ee100000| Complete 
| 226|0x00000000ee200000, 0x00000000ee300000, 0x00000000ee300000|100%| E|CS|TAMS 0x00000000ee200000| PB 0x00000000ee200000| Complete 
| 227|0x00000000ee300000, 0x00000000ee400000, 0x00000000ee400000|100%| E|CS|TAMS 0x00000000ee300000| PB 0x00000000ee300000| Complete 
| 228|0x00000000ee400000, 0x00000000ee500000, 0x00000000ee500000|100%| E|CS|TAMS 0x00000000ee400000| PB 0x00000000ee400000| Complete 
| 229|0x00000000ee500000, 0x00000000ee600000, 0x00000000ee600000|100%| E|CS|TAMS 0x00000000ee500000| PB 0x00000000ee500000| Complete 
| 230|0x00000000ee600000, 0x00000000ee700000, 0x00000000ee700000|100%| E|CS|TAMS 0x00000000ee600000| PB 0x00000000ee600000| Complete 
| 231|0x00000000ee700000, 0x00000000ee800000, 0x00000000ee800000|100%| E|CS|TAMS 0x00000000ee700000| PB 0x00000000ee700000| Complete 
| 232|0x00000000ee800000, 0x00000000ee900000, 0x00000000ee900000|100%| E|CS|TAMS 0x00000000ee800000| PB 0x00000000ee800000| Complete 
| 233|0x00000000ee900000, 0x00000000eea00000, 0x00000000eea00000|100%| E|CS|TAMS 0x00000000ee900000| PB 0x00000000ee900000| Complete 
| 234|0x00000000eea00000, 0x00000000eeb00000, 0x00000000eeb00000|100%| E|CS|TAMS 0x00000000eea00000| PB 0x00000000eea00000| Complete 
| 235|0x00000000eeb00000, 0x00000000eec00000, 0x00000000eec00000|100%| E|CS|TAMS 0x00000000eeb00000| PB 0x00000000eeb00000| Complete 
| 236|0x00000000eec00000, 0x00000000eed00000, 0x00000000eed00000|100%| E|CS|TAMS 0x00000000eec00000| PB 0x00000000eec00000| Complete 
| 237|0x00000000eed00000, 0x00000000eee00000, 0x00000000eee00000|100%| E|CS|TAMS 0x00000000eed00000| PB 0x00000000eed00000| Complete 
| 238|0x00000000eee00000, 0x00000000eef00000, 0x00000000eef00000|100%| E|CS|TAMS 0x00000000eee00000| PB 0x00000000eee00000| Complete 
| 239|0x00000000eef00000, 0x00000000ef000000, 0x00000000ef000000|100%| E|CS|TAMS 0x00000000eef00000| PB 0x00000000eef00000| Complete 
| 240|0x00000000ef000000, 0x00000000ef100000, 0x00000000ef100000|100%| E|CS|TAMS 0x00000000ef000000| PB 0x00000000ef000000| Complete 
| 241|0x00000000ef100000, 0x00000000ef200000, 0x00000000ef200000|100%| E|CS|TAMS 0x00000000ef100000| PB 0x00000000ef100000| Complete 
| 242|0x00000000ef200000, 0x00000000ef300000, 0x00000000ef300000|100%| E|CS|TAMS 0x00000000ef200000| PB 0x00000000ef200000| Complete 
| 243|0x00000000ef300000, 0x00000000ef400000, 0x00000000ef400000|100%| E|CS|TAMS 0x00000000ef300000| PB 0x00000000ef300000| Complete 
| 244|0x00000000ef400000, 0x00000000ef500000, 0x00000000ef500000|100%| E|CS|TAMS 0x00000000ef400000| PB 0x00000000ef400000| Complete 
| 245|0x00000000ef500000, 0x00000000ef600000, 0x00000000ef600000|100%| E|CS|TAMS 0x00000000ef500000| PB 0x00000000ef500000| Complete 
| 246|0x00000000ef600000, 0x00000000ef700000, 0x00000000ef700000|100%| E|CS|TAMS 0x00000000ef600000| PB 0x00000000ef600000| Complete 
| 247|0x00000000ef700000, 0x00000000ef800000, 0x00000000ef800000|100%| E|CS|TAMS 0x00000000ef700000| PB 0x00000000ef700000| Complete 
| 248|0x00000000ef800000, 0x00000000ef900000, 0x00000000ef900000|100%| E|CS|TAMS 0x00000000ef800000| PB 0x00000000ef800000| Complete 
| 249|0x00000000ef900000, 0x00000000efa00000, 0x00000000efa00000|100%| E|CS|TAMS 0x00000000ef900000| PB 0x00000000ef900000| Complete 
| 250|0x00000000efa00000, 0x00000000efb00000, 0x00000000efb00000|100%| E|CS|TAMS 0x00000000efa00000| PB 0x00000000efa00000| Complete 
| 251|0x00000000efb00000, 0x00000000efc00000, 0x00000000efc00000|100%| E|CS|TAMS 0x00000000efb00000| PB 0x00000000efb00000| Complete 
| 252|0x00000000efc00000, 0x00000000efd00000, 0x00000000efd00000|100%| E|CS|TAMS 0x00000000efc00000| PB 0x00000000efc00000| Complete 
| 253|0x00000000efd00000, 0x00000000efe00000, 0x00000000efe00000|100%| E|CS|TAMS 0x00000000efd00000| PB 0x00000000efd00000| Complete 
| 254|0x00000000efe00000, 0x00000000eff00000, 0x00000000eff00000|100%| E|CS|TAMS 0x00000000efe00000| PB 0x00000000efe00000| Complete 
| 255|0x00000000eff00000, 0x00000000f0000000, 0x00000000f0000000|100%| E|CS|TAMS 0x00000000eff00000| PB 0x00000000eff00000| Complete 

Card table byte_map: [0x0000022ede0a0000,0x0000022ede1a0000] _byte_map_base: 0x0000022edd9a0000

Marking Bits: (CMBitMap*) 0x0000022ecba9f9e0
 Bits: [0x0000022ede1a0000, 0x0000022ede9a0000)

Polling page: 0x0000022ec9860000

Metaspace:

Usage:
  Non-class:    129.50 MB used.
      Class:     19.61 MB used.
       Both:    149.11 MB used.

Virtual space:
  Non-class space:      192.00 MB reserved,     130.75 MB ( 68%) committed,  3 nodes.
      Class space:      320.00 MB reserved,      20.88 MB (  7%) committed,  1 nodes.
             Both:      512.00 MB reserved,     151.62 MB ( 30%) committed. 

Chunk freelists:
   Non-Class:  13.16 MB
       Class:  11.16 MB
        Both:  24.32 MB

MaxMetaspaceSize: 384.00 MB
CompressedClassSpaceSize: 320.00 MB
Initial GC threshold: 21.00 MB
Current GC threshold: 251.25 MB
CDS: on
 - commit_granule_bytes: 65536.
 - commit_granule_words: 8192.
 - virtual_space_node_default_size: 8388608.
 - enlarge_chunks_in_place: 1.
 - use_allocation_guard: 0.


Internal statistics:

num_allocs_failed_limit: 21.
num_arena_births: 4636.
num_arena_deaths: 0.
num_vsnodes_births: 4.
num_vsnodes_deaths: 0.
num_space_committed: 2424.
num_space_uncommitted: 0.
num_chunks_returned_to_freelist: 21.
num_chunks_taken_from_freelist: 10790.
num_chunk_merges: 15.
num_chunk_splits: 7630.
num_chunks_enlarged: 5300.
num_inconsistent_stats: 0.

CodeHeap 'non-profiled nmethods': size=120000Kb used=11058Kb max_used=11058Kb free=108941Kb
 bounds [0x0000022ed6740000, 0x0000022ed7210000, 0x0000022eddc70000]
CodeHeap 'profiled nmethods': size=120000Kb used=36440Kb max_used=37835Kb free=83559Kb
 bounds [0x0000022ecec70000, 0x0000022ed11a0000, 0x0000022ed61a0000]
CodeHeap 'non-nmethods': size=5760Kb used=3298Kb max_used=3381Kb free=2461Kb
 bounds [0x0000022ed61a0000, 0x0000022ed6500000, 0x0000022ed6740000]
CodeCache: size=245760Kb, used=50796Kb, max_used=52274Kb, free=194961Kb
 total_blobs=18075, nmethods=16857, adapters=1119, full_count=0
Compilation: enabled, stopped_count=0, restarted_count=0

Compilation events (20 events):
Event: 76.903 Thread 0x0000022ee14ae240 nmethod 18714 0x0000022ecef36590 code [0x0000022ecef367e0, 0x0000022ecef37380]
Event: 76.917 Thread 0x0000022ee14ae240 18715       3       java.io.BufferedInputStream::<init> (9 bytes)
Event: 76.918 Thread 0x0000022ee14ae240 nmethod 18715 0x0000022ecf295e10 code [0x0000022ecf295fc0, 0x0000022ecf296100]
Event: 76.919 Thread 0x0000022ee14ae240 18716   !   3       sun.nio.ch.SocketChannelImpl::write (190 bytes)
Event: 76.920 Thread 0x0000022ee14ae240 nmethod 18716 0x0000022ecfe47f10 code [0x0000022ecfe482c0, 0x0000022ecfe499a0]
Event: 76.920 Thread 0x0000022ee14ae240 18717   !   3       sun.nio.ch.SocketChannelImpl::beginWrite (52 bytes)
Event: 76.921 Thread 0x0000022ee14ae240 nmethod 18717 0x0000022ecf4c0110 code [0x0000022ecf4c0340, 0x0000022ecf4c0b28]
Event: 76.921 Thread 0x0000022ee14ae240 18718   !   3       sun.nio.ch.SocketChannelImpl::endWrite (46 bytes)
Event: 76.921 Thread 0x0000022ee14ae240 nmethod 18718 0x0000022ecf320190 code [0x0000022ecf320360, 0x0000022ecf3206f8]
Event: 76.930 Thread 0x0000022ee14ae240 18719       3       org.gradle.internal.serialize.BaseSerializerFactory$FileSerializer::write (10 bytes)
Event: 76.930 Thread 0x0000022ee14ae240 nmethod 18719 0x0000022ecf21d990 code [0x0000022ecf21db60, 0x0000022ecf21ded0]
Event: 76.930 Thread 0x0000022ee14ae240 18720       3       org.gradle.internal.serialize.BaseSerializerFactory$FileSerializer::write (11 bytes)
Event: 76.930 Thread 0x0000022ee14ae240 nmethod 18720 0x0000022ecf0d3510 code [0x0000022ecf0d36c0, 0x0000022ecf0d38c8]
Event: 76.932 Thread 0x0000022e82a6c110 18721       4       com.sun.xml.internal.stream.XMLEntityStorage::addInternalEntity (71 bytes)
Event: 76.935 Thread 0x0000022ee14ae240 18726       3       org.gradle.internal.remote.internal.inet.SocketConnection$SocketOutputStream::flush (18 bytes)
Event: 76.935 Thread 0x0000022ee14ae240 nmethod 18726 0x0000022ecfded310 code [0x0000022ecfded520, 0x0000022ecfded9e0]
Event: 76.935 Thread 0x0000022ee14ae240 18725   !   3       org.gradle.internal.remote.internal.inet.SocketConnection::flush (46 bytes)
Event: 76.937 Thread 0x0000022ee14ae240 nmethod 18725 0x0000022ecfdac710 code [0x0000022ecfdac9c0, 0x0000022ecfdad6d8]
Event: 76.937 Thread 0x0000022ee14ae240 18727       3       java.nio.DirectByteBuffer::compact (5 bytes)
Event: 76.937 Thread 0x0000022ee14ae240 nmethod 18727 0x0000022ecf423210 code [0x0000022ecf4233c0, 0x0000022ecf423588]

GC Heap History (20 events):
Event: 19.732 GC heap before
{Heap before GC invocations=12 (full 0):
 garbage-first heap   total 262144K, used 108215K [0x00000000e0000000, 0x0000000100000000)
  region size 1024K, 42 young (43008K), 20 survivors (20480K)
 Metaspace       used 99757K, committed 101696K, reserved 458752K
  class space    used 14022K, committed 14976K, reserved 327680K
}
Event: 19.744 GC heap after
{Heap after GC invocations=13 (full 0):
 garbage-first heap   total 262144K, used 91340K [0x00000000e0000000, 0x0000000100000000)
  region size 1024K, 4 young (4096K), 4 survivors (4096K)
 Metaspace       used 99757K, committed 101696K, reserved 458752K
  class space    used 14022K, committed 14976K, reserved 327680K
}
Event: 21.994 GC heap before
{Heap before GC invocations=14 (full 0):
 garbage-first heap   total 262144K, used 231628K [0x00000000e0000000, 0x0000000100000000)
  region size 1024K, 140 young (143360K), 4 survivors (4096K)
 Metaspace       used 113260K, committed 115520K, reserved 458752K
  class space    used 15629K, committed 16704K, reserved 327680K
}
Event: 22.000 GC heap after
{Heap after GC invocations=15 (full 0):
 garbage-first heap   total 262144K, used 99028K [0x00000000e0000000, 0x0000000100000000)
  region size 1024K, 11 young (11264K), 11 survivors (11264K)
 Metaspace       used 113260K, committed 115520K, reserved 458752K
  class space    used 15629K, committed 16704K, reserved 327680K
}
Event: 24.595 GC heap before
{Heap before GC invocations=15 (full 0):
 garbage-first heap   total 262144K, used 232148K [0x00000000e0000000, 0x0000000100000000)
  region size 1024K, 141 young (144384K), 11 survivors (11264K)
 Metaspace       used 124194K, committed 126528K, reserved 458752K
  class space    used 16741K, committed 17920K, reserved 327680K
}
Event: 24.610 GC heap after
{Heap after GC invocations=16 (full 0):
 garbage-first heap   total 262144K, used 109568K [0x00000000e0000000, 0x0000000100000000)
  region size 1024K, 18 young (18432K), 18 survivors (18432K)
 Metaspace       used 124194K, committed 126528K, reserved 458752K
  class space    used 16741K, committed 17920K, reserved 327680K
}
Event: 27.149 GC heap before
{Heap before GC invocations=16 (full 0):
 garbage-first heap   total 262144K, used 231424K [0x00000000e0000000, 0x0000000100000000)
  region size 1024K, 138 young (141312K), 18 survivors (18432K)
 Metaspace       used 140752K, committed 143168K, reserved 458752K
  class space    used 18455K, committed 19648K, reserved 327680K
}
Event: 27.161 GC heap after
{Heap after GC invocations=17 (full 0):
 garbage-first heap   total 262144K, used 114734K [0x00000000e0000000, 0x0000000100000000)
  region size 1024K, 5 young (5120K), 5 survivors (5120K)
 Metaspace       used 140752K, committed 143168K, reserved 458752K
  class space    used 18455K, committed 19648K, reserved 327680K
}
Event: 29.091 GC heap before
{Heap before GC invocations=17 (full 0):
 garbage-first heap   total 262144K, used 236590K [0x00000000e0000000, 0x0000000100000000)
  region size 1024K, 124 young (126976K), 5 survivors (5120K)
 Metaspace       used 147613K, committed 150144K, reserved 458752K
  class space    used 19558K, committed 20800K, reserved 327680K
}
Event: 29.102 GC heap after
{Heap after GC invocations=18 (full 0):
 garbage-first heap   total 262144K, used 115673K [0x00000000e0000000, 0x0000000100000000)
  region size 1024K, 13 young (13312K), 13 survivors (13312K)
 Metaspace       used 147613K, committed 150144K, reserved 458752K
  class space    used 19558K, committed 20800K, reserved 327680K
}
Event: 29.624 GC heap before
{Heap before GC invocations=18 (full 0):
 garbage-first heap   total 262144K, used 235481K [0x00000000e0000000, 0x0000000100000000)
  region size 1024K, 130 young (133120K), 13 survivors (13312K)
 Metaspace       used 147675K, committed 150144K, reserved 458752K
  class space    used 19558K, committed 20800K, reserved 327680K
}
Event: 29.643 GC heap after
{Heap after GC invocations=19 (full 0):
 garbage-first heap   total 262144K, used 118503K [0x00000000e0000000, 0x0000000100000000)
  region size 1024K, 12 young (12288K), 12 survivors (12288K)
 Metaspace       used 147675K, committed 150144K, reserved 458752K
  class space    used 19558K, committed 20800K, reserved 327680K
}
Event: 29.933 GC heap before
{Heap before GC invocations=19 (full 0):
 garbage-first heap   total 262144K, used 240359K [0x00000000e0000000, 0x0000000100000000)
  region size 1024K, 131 young (134144K), 12 survivors (12288K)
 Metaspace       used 147734K, committed 150208K, reserved 458752K
  class space    used 19559K, committed 20800K, reserved 327680K
}
Event: 29.949 GC heap after
{Heap after GC invocations=20 (full 0):
 garbage-first heap   total 262144K, used 121218K [0x00000000e0000000, 0x0000000100000000)
  region size 1024K, 6 young (6144K), 6 survivors (6144K)
 Metaspace       used 147734K, committed 150208K, reserved 458752K
  class space    used 19559K, committed 20800K, reserved 327680K
}
Event: 31.973 GC heap before
{Heap before GC invocations=20 (full 0):
 garbage-first heap   total 262144K, used 243074K [0x00000000e0000000, 0x0000000100000000)
  region size 1024K, 125 young (128000K), 6 survivors (6144K)
 Metaspace       used 151182K, committed 153664K, reserved 524288K
  class space    used 19947K, committed 21184K, reserved 327680K
}
Event: 31.980 GC heap after
{Heap after GC invocations=21 (full 0):
 garbage-first heap   total 262144K, used 125964K [0x00000000e0000000, 0x0000000100000000)
  region size 1024K, 11 young (11264K), 11 survivors (11264K)
 Metaspace       used 151182K, committed 153664K, reserved 524288K
  class space    used 19947K, committed 21184K, reserved 327680K
}
Event: 32.643 GC heap before
{Heap before GC invocations=21 (full 0):
 garbage-first heap   total 262144K, used 243724K [0x00000000e0000000, 0x0000000100000000)
  region size 1024K, 126 young (129024K), 11 survivors (11264K)
 Metaspace       used 151415K, committed 153920K, reserved 524288K
  class space    used 19961K, committed 21184K, reserved 327680K
}
Event: 32.651 GC heap after
{Heap after GC invocations=22 (full 0):
 garbage-first heap   total 262144K, used 126037K [0x00000000e0000000, 0x0000000100000000)
  region size 1024K, 8 young (8192K), 8 survivors (8192K)
 Metaspace       used 151415K, committed 153920K, reserved 524288K
  class space    used 19961K, committed 21184K, reserved 327680K
}
Event: 68.588 GC heap before
{Heap before GC invocations=22 (full 0):
 garbage-first heap   total 262144K, used 246869K [0x00000000e0000000, 0x0000000100000000)
  region size 1024K, 126 young (129024K), 8 survivors (8192K)
 Metaspace       used 151754K, committed 154240K, reserved 524288K
  class space    used 19985K, committed 21184K, reserved 327680K
}
Event: 68.595 GC heap after
{Heap after GC invocations=23 (full 0):
 garbage-first heap   total 262144K, used 127195K [0x00000000e0000000, 0x0000000100000000)
  region size 1024K, 9 young (9216K), 9 survivors (9216K)
 Metaspace       used 151754K, committed 154240K, reserved 524288K
  class space    used 19985K, committed 21184K, reserved 327680K
}

Dll operation events (14 events):
Event: 0.006 Loaded shared library C:\Users\Jean\.vscode\extensions\redhat.java-1.54.0-win32-x64\jre\21.0.10-win32-x86_64\bin\java.dll
Event: 0.046 Loaded shared library C:\Users\Jean\.vscode\extensions\redhat.java-1.54.0-win32-x64\jre\21.0.10-win32-x86_64\bin\zip.dll
Event: 0.064 Loaded shared library C:\Users\Jean\.vscode\extensions\redhat.java-1.54.0-win32-x64\jre\21.0.10-win32-x86_64\bin\instrument.dll
Event: 0.068 Loaded shared library C:\Users\Jean\.vscode\extensions\redhat.java-1.54.0-win32-x64\jre\21.0.10-win32-x86_64\bin\net.dll
Event: 0.069 Loaded shared library C:\Users\Jean\.vscode\extensions\redhat.java-1.54.0-win32-x64\jre\21.0.10-win32-x86_64\bin\nio.dll
Event: 0.071 Loaded shared library C:\Users\Jean\.vscode\extensions\redhat.java-1.54.0-win32-x64\jre\21.0.10-win32-x86_64\bin\zip.dll
Event: 0.199 Loaded shared library C:\Users\Jean\.vscode\extensions\redhat.java-1.54.0-win32-x64\jre\21.0.10-win32-x86_64\bin\jimage.dll
Event: 0.291 Loaded shared library C:\Users\Jean\.vscode\extensions\redhat.java-1.54.0-win32-x64\jre\21.0.10-win32-x86_64\bin\verify.dll
Event: 0.379 Loaded shared library C:\Users\Jean\.gradle\native\c067742578af261105cb4f569cf0c3c89f3d7b1fecec35dd04571415982c5e48\windows-amd64\native-platform.dll
Event: 0.382 Loaded shared library C:\Users\Jean\.gradle\native\100fb08df4bc3b14c8652ba06237920a3bd2aa13389f12d3474272988ae205f9\windows-amd64\native-platform-file-events.dll
Event: 1.038 Loaded shared library C:\Users\Jean\.vscode\extensions\redhat.java-1.54.0-win32-x64\jre\21.0.10-win32-x86_64\bin\management.dll
Event: 1.040 Loaded shared library C:\Users\Jean\.vscode\extensions\redhat.java-1.54.0-win32-x64\jre\21.0.10-win32-x86_64\bin\management_ext.dll
Event: 1.167 Loaded shared library C:\Users\Jean\.vscode\extensions\redhat.java-1.54.0-win32-x64\jre\21.0.10-win32-x86_64\bin\extnet.dll
Event: 1.267 Loaded shared library C:\Users\Jean\.vscode\extensions\redhat.java-1.54.0-win32-x64\jre\21.0.10-win32-x86_64\bin\sunmscapi.dll

Deoptimization events (20 events):
Event: 76.482 Thread 0x0000022e81c3d330 DEOPT PACKING pc=0x0000022ecf067ebe sp=0x0000005b5b4fb4b0
Event: 76.482 Thread 0x0000022e81c3d330 DEOPT UNPACKING pc=0x0000022ed61f86e2 sp=0x0000005b5b4fa970 mode 0
Event: 76.608 Thread 0x0000022e81c3d330 DEOPT PACKING pc=0x0000022ecf70ace6 sp=0x0000005b5b4fd400
Event: 76.608 Thread 0x0000022e81c3d330 DEOPT UNPACKING pc=0x0000022ed61f86e2 sp=0x0000005b5b4fc8f8 mode 0
Event: 76.613 Thread 0x0000022e801afb40 Uncommon trap: trap_request=0xffffff45 fr.pc=0x0000022ed6a8cb50 relative=0x00000000000000b0
Event: 76.613 Thread 0x0000022e801afb40 Uncommon trap: reason=unstable_if action=reinterpret pc=0x0000022ed6a8cb50 method=com.sun.org.apache.xerces.internal.impl.XMLEntityScanner.peekChar()I @ 14 c2
Event: 76.613 Thread 0x0000022e801afb40 DEOPT PACKING pc=0x0000022ed6a8cb50 sp=0x0000005b5b7fccd0
Event: 76.613 Thread 0x0000022e801afb40 DEOPT UNPACKING pc=0x0000022ed61f7ba2 sp=0x0000005b5b7fcc58 mode 2
Event: 76.618 Thread 0x0000022e801aee20 Uncommon trap: trap_request=0xffffff45 fr.pc=0x0000022ed70c0668 relative=0x0000000000001748
Event: 76.618 Thread 0x0000022e801aee20 Uncommon trap: reason=unstable_if action=reinterpret pc=0x0000022ed70c0668 method=com.sun.org.apache.xerces.internal.impl.XMLEntityScanner.scanContent(Lcom/sun/org/apache/xerces/internal/xni/XMLString;)I @ 44 c2
Event: 76.618 Thread 0x0000022e801aee20 DEOPT PACKING pc=0x0000022ed70c0668 sp=0x0000005b5b6fcfa0
Event: 76.618 Thread 0x0000022e801aee20 DEOPT UNPACKING pc=0x0000022ed61f7ba2 sp=0x0000005b5b6fcef0 mode 2
Event: 76.633 Thread 0x0000022e81c3e6e0 DEOPT PACKING pc=0x0000022ecf067ebe sp=0x0000005b5b5fb760
Event: 76.633 Thread 0x0000022e81c3e6e0 DEOPT UNPACKING pc=0x0000022ed61f86e2 sp=0x0000005b5b5fac20 mode 0
Event: 76.680 Thread 0x0000022e81c3f400 DEOPT PACKING pc=0x0000022ecf067ebe sp=0x0000005b5a7fb2b0
Event: 76.680 Thread 0x0000022e81c3f400 DEOPT UNPACKING pc=0x0000022ed61f86e2 sp=0x0000005b5a7fa770 mode 0
Event: 76.798 Thread 0x0000022e81c3f400 Uncommon trap: trap_request=0xffffff6e fr.pc=0x0000022ed6c8233c relative=0x000000000000111c
Event: 76.798 Thread 0x0000022e81c3f400 Uncommon trap: reason=loop_limit_check action=maybe_recompile pc=0x0000022ed6c8233c method=com.sun.org.apache.xerces.internal.parsers.AbstractDOMParser.startElement(Lcom/sun/org/apache/xerces/internal/xni/QName;Lcom/sun/org/apache/xerces/internal/xni/XMLA
Event: 76.798 Thread 0x0000022e81c3f400 DEOPT PACKING pc=0x0000022ed6c8233c sp=0x0000005b5a7fc8c0
Event: 76.798 Thread 0x0000022e81c3f400 DEOPT UNPACKING pc=0x0000022ed61f7ba2 sp=0x0000005b5a7fc840 mode 2

Classes loaded (20 events):
Event: 71.907 Loading class java/util/Spliterators$IntArraySpliterator
Event: 71.908 Loading class java/util/Spliterators$IntArraySpliterator done
Event: 71.969 Loading class jdk/internal/reflect/DirectMethodHandleAccessor$NativeAccessor
Event: 71.969 Loading class jdk/internal/reflect/DirectMethodHandleAccessor$NativeAccessor done
Event: 73.064 Loading class java/util/zip/GZIPInputStream$1
Event: 73.064 Loading class java/util/zip/GZIPInputStream$1 done
Event: 74.146 Loading class java/security/interfaces/RSAPrivateKey
Event: 74.147 Loading class java/security/interfaces/RSAPrivateKey done
Event: 74.147 Loading class sun/security/rsa/RSASignature$SHA256withRSA
Event: 74.147 Loading class sun/security/rsa/RSASignature$SHA256withRSA done
Event: 74.147 Loading class sun/security/rsa/RSAPrivateKeyImpl
Event: 74.148 Loading class sun/security/rsa/RSAPrivateKeyImpl done
Event: 74.148 Loading class sun/security/rsa/RSAPrivateCrtKeyImpl
Event: 74.148 Loading class java/security/interfaces/RSAPrivateCrtKey
Event: 74.149 Loading class java/security/interfaces/RSAPrivateCrtKey done
Event: 74.149 Loading class sun/security/rsa/RSAPrivateCrtKeyImpl done
Event: 74.149 Loading class sun/security/rsa/RSACore
Event: 74.150 Loading class sun/security/rsa/RSACore done
Event: 74.150 Loading class sun/security/rsa/RSAPadding
Event: 74.150 Loading class sun/security/rsa/RSAPadding done

Classes unloaded (0 events):
No events

Classes redefined (0 events):
No events

Internal exceptions (20 events):
Event: 68.919 Thread 0x0000022e80d85500 Exception <a 'sun/nio/fs/WindowsException'{0x00000000edd23278}> (0x00000000edd23278) 
thrown [s\src\hotspot\share\prims\jni.cpp, line 520]
Event: 68.921 Thread 0x0000022e80d85500 Exception <a 'sun/nio/fs/WindowsException'{0x00000000edd32e68}> (0x00000000edd32e68) 
thrown [s\src\hotspot\share\prims\jni.cpp, line 520]
Event: 69.757 Thread 0x0000022e80d85500 Exception <a 'sun/nio/fs/WindowsException'{0x00000000edd445d0}> (0x00000000edd445d0) 
thrown [s\src\hotspot\share\prims\jni.cpp, line 520]
Event: 69.762 Thread 0x0000022e80d85500 Exception <a 'sun/nio/fs/WindowsException'{0x00000000edd5c3c8}> (0x00000000edd5c3c8) 
thrown [s\src\hotspot\share\prims\jni.cpp, line 520]
Event: 69.764 Thread 0x0000022e80d85500 Exception <a 'sun/nio/fs/WindowsException'{0x00000000edd68198}> (0x00000000edd68198) 
thrown [s\src\hotspot\share\prims\jni.cpp, line 520]
Event: 71.816 Thread 0x0000022efc945bc0 Exception <a 'java/lang/ClassNotFoundException'{0x00000000edde28f0}: build_86t8anqj6ssfvnvcfn4f2dg1hBeanInfo> (0x00000000edde28f0) 
thrown [s\src\hotspot\share\classfile\systemDictionary.cpp, line 312]
Event: 71.816 Thread 0x0000022efc945bc0 Exception <a 'java/lang/ClassNotFoundException'{0x00000000edde92d0}: build_86t8anqj6ssfvnvcfn4f2dg1hCustomizer> (0x00000000edde92d0) 
thrown [s\src\hotspot\share\classfile\systemDictionary.cpp, line 312]
Event: 71.868 Thread 0x0000022efc945bc0 Exception <a 'java/lang/IncompatibleClassChangeError'{0x00000000edcb09a8}: Found class java.lang.Object, but interface was expected> (0x00000000edcb09a8) 
thrown [s\src\hotspot\share\interpreter\linkResolver.cpp, line 840]
Event: 71.897 Thread 0x0000022efc945bc0 Exception <a 'java/lang/IncompatibleClassChangeError'{0x00000000edb9bf98}: Found class java.lang.Object, but interface was expected> (0x00000000edb9bf98) 
thrown [s\src\hotspot\share\interpreter\linkResolver.cpp, line 840]
Event: 71.945 Thread 0x0000022efc945bc0 Exception <a 'java/lang/ClassNotFoundException'{0x00000000ed946c00}: org/gradle/api/internal/project/DefaultAntBuilderBeanInfo> (0x00000000ed946c00) 
thrown [s\src\hotspot\share\classfile\systemDictionary.cpp, line 312]
Event: 71.946 Thread 0x0000022efc945bc0 Exception <a 'java/lang/ClassNotFoundException'{0x00000000ed957c48}: org/gradle/api/internal/project/ant/BasicAntBuilderBeanInfo> (0x00000000ed957c48) 
thrown [s\src\hotspot\share\classfile\systemDictionary.cpp, line 312]
Event: 71.947 Thread 0x0000022efc945bc0 Exception <a 'java/lang/ClassNotFoundException'{0x00000000ed968b90}: org/gradle/api/AntBuilderBeanInfo> (0x00000000ed968b90) 
thrown [s\src\hotspot\share\classfile\systemDictionary.cpp, line 312]
Event: 71.948 Thread 0x0000022efc945bc0 Exception <a 'java/lang/ClassNotFoundException'{0x00000000ed97a3c8}: groovy/ant/AntBuilderBeanInfo> (0x00000000ed97a3c8) 
thrown [s\src\hotspot\share\classfile\systemDictionary.cpp, line 312]
Event: 71.949 Thread 0x0000022efc945bc0 Exception <a 'java/lang/ClassNotFoundException'{0x00000000ed98c858}: groovy/util/BuilderSupportBeanInfo> (0x00000000ed98c858) 
thrown [s\src\hotspot\share\classfile\systemDictionary.cpp, line 312]
Event: 71.950 Thread 0x0000022efc945bc0 Exception <a 'java/lang/ClassNotFoundException'{0x00000000ed99e260}: groovy/util/BuilderSupportCustomizer> (0x00000000ed99e260) 
thrown [s\src\hotspot\share\classfile\systemDictionary.cpp, line 312]
Event: 71.951 Thread 0x0000022efc945bc0 Exception <a 'java/lang/ClassNotFoundException'{0x00000000ed9b1d80}: groovy/ant/AntBuilderCustomizer> (0x00000000ed9b1d80) 
thrown [s\src\hotspot\share\classfile\systemDictionary.cpp, line 312]
Event: 71.953 Thread 0x0000022efc945bc0 Exception <a 'java/lang/ClassNotFoundException'{0x00000000ed9c73f8}: org/gradle/api/AntBuilderCustomizer> (0x00000000ed9c73f8) 
thrown [s\src\hotspot\share\classfile\systemDictionary.cpp, line 312]
Event: 71.954 Thread 0x0000022efc945bc0 Exception <a 'java/lang/ClassNotFoundException'{0x00000000ed9e35c0}: org/gradle/api/internal/project/ant/BasicAntBuilderCustomizer> (0x00000000ed9e35c0) 
thrown [s\src\hotspot\share\classfile\systemDictionary.cpp, line 312]
Event: 71.956 Thread 0x0000022efc945bc0 Exception <a 'java/lang/ClassNotFoundException'{0x00000000ed807320}: org/gradle/api/internal/project/DefaultAntBuilderCustomizer> (0x00000000ed807320) 
thrown [s\src\hotspot\share\classfile\systemDictionary.cpp, line 312]
Event: 72.017 Thread 0x0000022efc945bc0 Implicit null exception at 0x0000022ed67d57f9 to 0x0000022ed67d5824

ZGC Phase Switch (0 events):
No events

VM Operations (20 events):
Event: 68.595 Executing safepoint VM operation: G1CollectForAllocation (G1 Evacuation Pause) done
Event: 68.692 Executing safepoint VM operation: G1PauseRemark
Event: 68.702 Executing safepoint VM operation: G1PauseRemark done
Event: 69.708 Executing safepoint VM operation: Cleanup
Event: 69.755 Executing safepoint VM operation: Cleanup done
Event: 69.768 Executing safepoint VM operation: G1PauseCleanup
Event: 69.768 Executing safepoint VM operation: G1PauseCleanup done
Event: 70.782 Executing safepoint VM operation: Cleanup
Event: 70.782 Executing safepoint VM operation: Cleanup done
Event: 71.882 Executing non-safepoint VM operation: HandshakeAllThreads (Deoptimize)
Event: 71.883 Executing non-safepoint VM operation: HandshakeAllThreads (Deoptimize) done
Event: 71.883 Executing safepoint VM operation: Cleanup
Event: 71.883 Executing safepoint VM operation: Cleanup done
Event: 72.892 Executing safepoint VM operation: Cleanup
Event: 73.048 Executing safepoint VM operation: Cleanup done
Event: 74.063 Executing safepoint VM operation: Cleanup
Event: 74.142 Executing safepoint VM operation: Cleanup done
Event: 75.155 Executing safepoint VM operation: Cleanup
Event: 75.155 Executing safepoint VM operation: Cleanup done
Event: 77.169 Executing safepoint VM operation: Cleanup

Memory protections (0 events):
No events

Nmethod flushes (20 events):
Event: 68.700 Thread 0x0000022ee143ec00 flushing  nmethod 0x0000022ecf65b290
Event: 68.700 Thread 0x0000022ee143ec00 flushing  nmethod 0x0000022ecf65c590
Event: 68.700 Thread 0x0000022ee143ec00 flushing  nmethod 0x0000022ecf65d690
Event: 68.700 Thread 0x0000022ee143ec00 flushing  nmethod 0x0000022ecf83a790
Event: 68.700 Thread 0x0000022ee143ec00 flushing  nmethod 0x0000022ecf83e610
Event: 68.700 Thread 0x0000022ee143ec00 flushing  nmethod 0x0000022ecf8c6d10
Event: 68.700 Thread 0x0000022ee143ec00 flushing  nmethod 0x0000022ecf983490
Event: 68.700 Thread 0x0000022ee143ec00 flushing  nmethod 0x0000022ecf984290
Event: 68.700 Thread 0x0000022ee143ec00 flushing  nmethod 0x0000022ecf984f10
Event: 68.700 Thread 0x0000022ee143ec00 flushing osr nmethod 0x0000022ecfa66090
Event: 68.700 Thread 0x0000022ee143ec00 flushing  nmethod 0x0000022ecfc30310
Event: 68.700 Thread 0x0000022ee143ec00 flushing  nmethod 0x0000022ecfc30f90
Event: 68.700 Thread 0x0000022ee143ec00 flushing  nmethod 0x0000022ecfc33e90
Event: 68.700 Thread 0x0000022ee143ec00 flushing  nmethod 0x0000022ecfc34890
Event: 68.700 Thread 0x0000022ee143ec00 flushing  nmethod 0x0000022ecfc35790
Event: 68.700 Thread 0x0000022ee143ec00 flushing  nmethod 0x0000022ecfc36310
Event: 68.700 Thread 0x0000022ee143ec00 flushing  nmethod 0x0000022ecfc37210
Event: 68.700 Thread 0x0000022ee143ec00 flushing  nmethod 0x0000022ecfc37610
Event: 68.700 Thread 0x0000022ee143ec00 flushing  nmethod 0x0000022ecfcd8110
Event: 68.700 Thread 0x0000022ee143ec00 flushing  nmethod 0x0000022ecfcdc810

Events (20 events):
Event: 68.500 Thread 0x0000022ee14ae240 Thread added: 0x0000022e82a6e9f0
Event: 68.501 Thread 0x0000022efc945bc0 Thread added: 0x0000022efbf19320
Event: 68.506 Thread 0x0000022efc945bc0 Thread added: 0x0000022e80d82080
Event: 68.915 Thread 0x0000022efc945bc0 Thread added: 0x0000022e80d85500
Event: 70.064 Thread 0x0000022e82a6e9f0 Thread exited: 0x0000022e82a6e9f0
Event: 72.015 Thread 0x0000022ee14ae240 Thread added: 0x0000022e82a6b370
Event: 72.015 Thread 0x0000022efc945bc0 Thread added: 0x0000022e81c39820
Event: 72.016 Thread 0x0000022efc945bc0 Thread added: 0x0000022e81c3e050
Event: 72.016 Thread 0x0000022efc945bc0 Thread added: 0x0000022e81c3ed70
Event: 73.088 Thread 0x0000022e82a6b370 Thread added: 0x0000022e82a6e9f0
Event: 74.299 Thread 0x0000022e82a6e9f0 Thread exited: 0x0000022e82a6e9f0
Event: 75.063 Thread 0x0000022e82a6b370 Thread exited: 0x0000022e82a6b370
Event: 76.429 Thread 0x0000022efc945bc0 Thread added: 0x0000022e81c3f400
Event: 76.430 Thread 0x0000022efc945bc0 Thread added: 0x0000022e81c3fa90
Event: 76.430 Thread 0x0000022efc945bc0 Thread added: 0x0000022e81c3cca0
Event: 76.430 Thread 0x0000022efc945bc0 Thread added: 0x0000022e81c3d330
Event: 76.430 Thread 0x0000022efc945bc0 Thread added: 0x0000022e81c3e6e0
Event: 76.430 Thread 0x0000022efc945bc0 Thread added: 0x0000022e801aee20
Event: 76.430 Thread 0x0000022efc945bc0 Thread added: 0x0000022e801afb40
Event: 76.467 Thread 0x0000022ee14ae240 Thread added: 0x0000022e82a6c110


Dynamic libraries:
0x00007ff6c48e0000 - 0x00007ff6c48ee000 	C:\Users\Jean\.vscode\extensions\redhat.java-1.54.0-win32-x64\jre\21.0.10-win32-x86_64\bin\java.exe
0x00007ffacf760000 - 0x00007ffacf9c6000 	C:\WINDOWS\SYSTEM32\ntdll.dll
0x00007fface350000 - 0x00007fface419000 	C:\WINDOWS\System32\KERNEL32.DLL
0x00007ffacce50000 - 0x00007ffacd24a000 	C:\WINDOWS\System32\KERNELBASE.dll
0x00007ffacd250000 - 0x00007ffacd39c000 	C:\WINDOWS\System32\ucrtbase.dll
0x00007ffa4a5d0000 - 0x00007ffa4a5e8000 	C:\Users\Jean\.vscode\extensions\redhat.java-1.54.0-win32-x64\jre\21.0.10-win32-x86_64\bin\jli.dll
0x00007ffa49310000 - 0x00007ffa4932e000 	C:\Users\Jean\.vscode\extensions\redhat.java-1.54.0-win32-x64\jre\21.0.10-win32-x86_64\bin\VCRUNTIME140.dll
0x00007ffacd4e0000 - 0x00007ffacd6a7000 	C:\WINDOWS\System32\USER32.dll
0x00007ffab01d0000 - 0x00007ffab0462000 	C:\WINDOWS\WinSxS\amd64_microsoft.windows.common-controls_6595b64144ccf1df_6.0.26100.8521_none_3e08b75ce33403b3\COMCTL32.dll
0x00007ffaccb30000 - 0x00007ffaccb57000 	C:\WINDOWS\System32\win32u.dll
0x00007ffacdfe0000 - 0x00007fface089000 	C:\WINDOWS\System32\msvcrt.dll
0x00007ffacf6f0000 - 0x00007ffacf71b000 	C:\WINDOWS\System32\GDI32.dll
0x00007ffacd3a0000 - 0x00007ffacd4cb000 	C:\WINDOWS\System32\gdi32full.dll
0x00007ffacca80000 - 0x00007ffaccb23000 	C:\WINDOWS\System32\msvcp_win.dll
0x00007ffacf450000 - 0x00007ffacf482000 	C:\WINDOWS\System32\IMM32.DLL
0x00007ffac46d0000 - 0x00007ffac46dc000 	C:\Users\Jean\.vscode\extensions\redhat.java-1.54.0-win32-x64\jre\21.0.10-win32-x86_64\bin\vcruntime140_1.dll
0x00007ffa0c5e0000 - 0x00007ffa0c66d000 	C:\Users\Jean\.vscode\extensions\redhat.java-1.54.0-win32-x64\jre\21.0.10-win32-x86_64\bin\msvcp140.dll
0x00007ff9cb5a0000 - 0x00007ff9cc341000 	C:\Users\Jean\.vscode\extensions\redhat.java-1.54.0-win32-x64\jre\21.0.10-win32-x86_64\bin\server\jvm.dll
0x00007ffacdba0000 - 0x00007ffacdc56000 	C:\WINDOWS\System32\ADVAPI32.dll
0x00007ffacdc60000 - 0x00007ffacdd0a000 	C:\WINDOWS\System32\sechost.dll
0x00007fface090000 - 0x00007fface1a8000 	C:\WINDOWS\System32\RPCRT4.dll
0x00007ffacda50000 - 0x00007ffacdad0000 	C:\WINDOWS\System32\WS2_32.dll
0x00007ffacc850000 - 0x00007ffacc8ae000 	C:\WINDOWS\SYSTEM32\POWRPROF.dll
0x00007ffabab80000 - 0x00007ffabab8b000 	C:\WINDOWS\SYSTEM32\VERSION.dll
0x00007ffac9c70000 - 0x00007ffac9ca6000 	C:\WINDOWS\SYSTEM32\WINMM.dll
0x00007ffacc830000 - 0x00007ffacc844000 	C:\WINDOWS\SYSTEM32\UMPDC.dll
0x00007ffacb740000 - 0x00007ffacb75b000 	C:\WINDOWS\SYSTEM32\kernel.appcore.dll
0x00007ffaada90000 - 0x00007ffaada9a000 	C:\Users\Jean\.vscode\extensions\redhat.java-1.54.0-win32-x64\jre\21.0.10-win32-x86_64\bin\jimage.dll
0x00007ffac9fb0000 - 0x00007ffaca1f2000 	C:\WINDOWS\SYSTEM32\DBGHELP.DLL
0x00007ffacd6c0000 - 0x00007ffacda43000 	C:\WINDOWS\System32\combase.dll
0x00007ffacdd30000 - 0x00007ffacde09000 	C:\WINDOWS\System32\OLEAUT32.dll
0x00007ffac9c30000 - 0x00007ffac9c6b000 	C:\WINDOWS\SYSTEM32\dbgcore.DLL
0x00007ffaccce0000 - 0x00007ffaccd88000 	C:\WINDOWS\System32\bcryptPrimitives.dll
0x00007ffa8fb60000 - 0x00007ffa8fb6f000 	C:\Users\Jean\.vscode\extensions\redhat.java-1.54.0-win32-x64\jre\21.0.10-win32-x86_64\bin\instrument.dll
0x00007ffa454d0000 - 0x00007ffa454f0000 	C:\Users\Jean\.vscode\extensions\redhat.java-1.54.0-win32-x64\jre\21.0.10-win32-x86_64\bin\java.dll
0x00007fface9a0000 - 0x00007ffacf124000 	C:\WINDOWS\System32\SHELL32.dll
0x00007ffaca570000 - 0x00007ffacadf0000 	C:\WINDOWS\SYSTEM32\windows.storage.dll
0x00007ffacf1f0000 - 0x00007ffacf2e6000 	C:\WINDOWS\System32\SHCORE.dll
0x00007ffacde60000 - 0x00007ffacdec7000 	C:\WINDOWS\System32\shlwapi.dll
0x00007ffacc910000 - 0x00007ffacc939000 	C:\WINDOWS\SYSTEM32\profapi.dll
0x00007ffa42ef0000 - 0x00007ffa42f08000 	C:\Users\Jean\.vscode\extensions\redhat.java-1.54.0-win32-x64\jre\21.0.10-win32-x86_64\bin\zip.dll
0x00007ffa700b0000 - 0x00007ffa700c0000 	C:\Users\Jean\.vscode\extensions\redhat.java-1.54.0-win32-x64\jre\21.0.10-win32-x86_64\bin\net.dll
0x00007ffabae00000 - 0x00007ffabaf29000 	C:\WINDOWS\SYSTEM32\WINHTTP.dll
0x00007ffacbc90000 - 0x00007ffacbcfc000 	C:\WINDOWS\system32\mswsock.dll
0x00007ffa40800000 - 0x00007ffa40816000 	C:\Users\Jean\.vscode\extensions\redhat.java-1.54.0-win32-x64\jre\21.0.10-win32-x86_64\bin\nio.dll
0x00007ffac59c0000 - 0x00007ffac59d0000 	C:\Users\Jean\.vscode\extensions\redhat.java-1.54.0-win32-x64\jre\21.0.10-win32-x86_64\bin\verify.dll
0x00007ffa6de50000 - 0x00007ffa6de77000 	C:\Users\Jean\.gradle\native\c067742578af261105cb4f569cf0c3c89f3d7b1fecec35dd04571415982c5e48\windows-amd64\native-platform.dll
0x00007ffa50f50000 - 0x00007ffa51094000 	C:\Users\Jean\.gradle\native\100fb08df4bc3b14c8652ba06237920a3bd2aa13389f12d3474272988ae205f9\windows-amd64\native-platform-file-events.dll
0x00007ffac47f0000 - 0x00007ffac47fa000 	C:\Users\Jean\.vscode\extensions\redhat.java-1.54.0-win32-x64\jre\21.0.10-win32-x86_64\bin\management.dll
0x00007ffac4740000 - 0x00007ffac474c000 	C:\Users\Jean\.vscode\extensions\redhat.java-1.54.0-win32-x64\jre\21.0.10-win32-x86_64\bin\management_ext.dll
0x00007ffacd4d0000 - 0x00007ffacd4d8000 	C:\WINDOWS\System32\PSAPI.DLL
0x00007ffacc090000 - 0x00007ffacc0ab000 	C:\WINDOWS\SYSTEM32\CRYPTSP.dll
0x00007ffacb6a0000 - 0x00007ffacb6d9000 	C:\WINDOWS\system32\rsaenh.dll
0x00007ffacbd40000 - 0x00007ffacbd73000 	C:\WINDOWS\SYSTEM32\USERENV.dll
0x00007ffacc8e0000 - 0x00007ffacc90a000 	C:\WINDOWS\SYSTEM32\bcrypt.dll
0x00007ffacbef0000 - 0x00007ffacbefc000 	C:\WINDOWS\SYSTEM32\CRYPTBASE.dll
0x00007ffacb1d0000 - 0x00007ffacb203000 	C:\WINDOWS\SYSTEM32\IPHLPAPI.DLL
0x00007fface910000 - 0x00007fface91a000 	C:\WINDOWS\System32\NSI.dll
0x00007ffac4730000 - 0x00007ffac4739000 	C:\Users\Jean\.vscode\extensions\redhat.java-1.54.0-win32-x64\jre\21.0.10-win32-x86_64\bin\extnet.dll
0x00007ffab8590000 - 0x00007ffab859e000 	C:\Users\Jean\.vscode\extensions\redhat.java-1.54.0-win32-x64\jre\21.0.10-win32-x86_64\bin\sunmscapi.dll
0x00007ffaccb60000 - 0x00007ffacccd8000 	C:\WINDOWS\System32\CRYPT32.dll
0x00007ffacc1f0000 - 0x00007ffacc220000 	C:\WINDOWS\SYSTEM32\ncrypt.dll
0x00007ffacc1a0000 - 0x00007ffacc1df000 	C:\WINDOWS\SYSTEM32\NTASN1.dll
0x00007ffab5ec0000 - 0x00007ffab5ec8000 	C:\WINDOWS\system32\wshunix.dll
0x00007ffacb2a0000 - 0x00007ffacb3ea000 	C:\WINDOWS\SYSTEM32\DNSAPI.dll
0x00007ffacbab0000 - 0x00007ffacbabd000 	C:\WINDOWS\SYSTEM32\DSPARSE.dll
0x0000000050e60000 - 0x0000000050e86000 	C:\Program Files\Bonjour\mdnsNSP.dll
0x00007ffac1570000 - 0x00007ffac157b000 	C:\Windows\System32\rasadhlp.dll
0x00007ffac31b0000 - 0x00007ffac3236000 	C:\WINDOWS\System32\fwpuclnt.dll

JVMTI agents:
C:\Users\Jean\.gradle\wrapper\dists\gradle-8.9-bin\90cnw93cvbtalezasaz0blq0a\gradle-8.9\lib\agents\gradle-instrumentation-agent-8.9.jar path:C:\Users\Jean\.vscode\extensions\redhat.java-1.54.0-win32-x64\jre\21.0.10-win32-x86_64\bin\instrument.dll, loaded, initialized, instrumentlib options:none

dbghelp: loaded successfully - version: 4.0.5 - missing functions: none
symbol engine: initialized successfully - sym options: 0x614 - pdb path: .;C:\Users\Jean\.vscode\extensions\redhat.java-1.54.0-win32-x64\jre\21.0.10-win32-x86_64\bin;C:\WINDOWS\SYSTEM32;C:\WINDOWS\WinSxS\amd64_microsoft.windows.common-controls_6595b64144ccf1df_6.0.26100.8521_none_3e08b75ce33403b3;C:\Users\Jean\.vscode\extensions\redhat.java-1.54.0-win32-x64\jre\21.0.10-win32-x86_64\bin\server;C:\Users\Jean\.gradle\native\c067742578af261105cb4f569cf0c3c89f3d7b1fecec35dd04571415982c5e48\windows-amd64;C:\Users\Jean\.gradle\native\100fb08df4bc3b14c8652ba06237920a3bd2aa13389f12d3474272988ae205f9\windows-amd64;C:\Program Files\Bonjour

VM Arguments:
jvm_args: --add-opens=java.base/java.util=ALL-UNNAMED --add-opens=java.base/java.lang=ALL-UNNAMED --add-opens=java.base/java.lang.invoke=ALL-UNNAMED --add-opens=java.prefs/java.util.prefs=ALL-UNNAMED --add-exports=jdk.compiler/com.sun.tools.javac.api=ALL-UNNAMED --add-exports=jdk.compiler/com.sun.tools.javac.util=ALL-UNNAMED --add-opens=java.base/java.nio.charset=ALL-UNNAMED --add-opens=java.base/java.net=ALL-UNNAMED --add-opens=java.base/java.util.concurrent.atomic=ALL-UNNAMED -XX:MaxMetaspaceSize=384m -XX:+HeapDumpOnOutOfMemoryError -Xms256m -Xmx512m -Dfile.encoding=utf8 -Duser.country=BR -Duser.language=pt -Duser.variant -javaagent:C:\Users\Jean\.gradle\wrapper\dists\gradle-8.9-bin\90cnw93cvbtalezasaz0blq0a\gradle-8.9\lib\agents\gradle-instrumentation-agent-8.9.jar 
java_command: org.gradle.launcher.daemon.bootstrap.GradleDaemon 8.9
java_class_path (initial): C:\Users\Jean\.gradle\wrapper\dists\gradle-8.9-bin\90cnw93cvbtalezasaz0blq0a\gradle-8.9\lib\gradle-daemon-main-8.9.jar
Launcher Type: SUN_STANDARD

[Global flags]
     intx CICompilerCount                          = 4                                         {product} {ergonomic}
   size_t CompressedClassSpaceSize                 = 335544320                                 {product} {ergonomic}
     uint ConcGCThreads                            = 2                                         {product} {ergonomic}
     uint G1ConcRefinementThreads                  = 8                                         {product} {ergonomic}
   size_t G1HeapRegionSize                         = 1048576                                   {product} {ergonomic}
    uintx GCDrainStackTargetSize                   = 64                                        {product} {ergonomic}
     bool HeapDumpOnOutOfMemoryError               = true                                   {manageable} {command line}
   size_t InitialHeapSize                          = 268435456                                 {product} {command line}
   size_t MarkStackSize                            = 4194304                                   {product} {ergonomic}
   size_t MaxHeapSize                              = 536870912                                 {product} {command line}
   size_t MaxMetaspaceSize                         = 402653184                                 {product} {command line}
   size_t MaxNewSize                               = 321912832                                 {product} {ergonomic}
   size_t MinHeapDeltaBytes                        = 1048576                                   {product} {ergonomic}
   size_t MinHeapSize                              = 268435456                                 {product} {command line}
    uintx NonNMethodCodeHeapSize                   = 5839372                                {pd product} {ergonomic}
    uintx NonProfiledCodeHeapSize                  = 122909434                              {pd product} {ergonomic}
    uintx ProfiledCodeHeapSize                     = 122909434                              {pd product} {ergonomic}
    uintx ReservedCodeCacheSize                    = 251658240                              {pd product} {ergonomic}
     bool SegmentedCodeCache                       = true                                      {product} {ergonomic}
   size_t SoftMaxHeapSize                          = 536870912                              {manageable} {ergonomic}
     bool UseCompressedOops                        = true                           {product lp64_product} {ergonomic}
     bool UseG1GC                                  = true                                      {product} {ergonomic}
     bool UseLargePagesIndividualAllocation        = false                                  {pd product} {ergonomic}

Logging:
Log output configuration:
 #0: stdout all=warning uptime,level,tags foldmultilines=false
 #1: stderr all=off uptime,level,tags foldmultilines=false

Release file:
JAVA_VERSION="21.0.10" 
MODULES="java.base java.compiler java.datatransfer java.xml java.prefs java.desktop java.instrument java.logging java.management java.security.sasl java.naming java.rmi java.management.rmi java.net.http java.scripting java.security.jgss java.transaction.xa java.sql java.sql.rowset java.xml.crypto java.se java.smartcardio jdk.accessibility jdk.internal.jvmstat jdk.attach jdk.charsets jdk.internal.opt jdk.zipfs jdk.compiler jdk.crypto.ec jdk.crypto.cryptoki jdk.crypto.mscapi jdk.dynalink jdk.internal.ed jdk.editpad jdk.hotspot.agent jdk.httpserver jdk.internal.le jdk.internal.vm.ci jdk.internal.vm.compiler jdk.internal.vm.compiler.management jdk.jartool jdk.javadoc jdk.jcmd jdk.management jdk.management.agent jdk.jconsole jdk.jdeps jdk.jdwp.agent jdk.jdi jdk.jfr jdk.jshell jdk.jsobject jdk.jstatd jdk.localedata jdk.management.jfr jdk.naming.dns jdk.naming.rmi jdk.net jdk.nio.mapmode jdk.random jdk.sctp jdk.security.auth jdk.security.jgss jdk.unsupported jdk.unsupported.desktop jdk.xml.dom" 

Environment Variables:
JAVA_HOME=C:\Program Files\Microsoft\jdk-17.0.15.6-hotspot\
PATH=C:\Program Files\Microsoft\jdk-17.0.15.6-hotspot\bin;C:\Program Files\Java\zulu17.36.17-ca-jdk17.0.4.1-win_x64\bin;C:\Program Files\Common Files\Oracle\Java\javapath;C:\Program Files (x86)\Common Files\Oracle\Java\javapath;C:\Windows\system32;C:\Windows;C:\Windows\System32\Wbem;C:\Windows\System32\WindowsPowerShell\v1.0\;C:\Windows\System32\OpenSSH\;C:\Program Files\dotnet\;C:\ProgramData\chocolatey\bin;C:\PROGRA~2\F-Secure\SSHTRI~1;C:\Program Files (x86)\SSH Communications Security\SSH Tectia\SSH Tectia AUX;C:\Program Files (x86)\SSH Communications Security\SSH Tectia\SSH Tectia AUX\Support binaries;C:\Program Files (x86)\SSH Communications Security\SSH Tectia\SSH Tectia Broker;C:\Program Files (x86)\SSH Communications Security\SSH Tectia\SSH Tectia Client;C:\WINDOWS\system32;C:\WINDOWS;C:\WINDOWS\System32\Wbem;C:\WINDOWS\System32\WindowsPowerShell\v1.0\;C:\WINDOWS\System32\OpenSSH\;C:\Program Files (x86)\HP\Common\HPDestPlgIn\;C:\Program Files\Microsoft SQL Server\150\Tools\Binn\;C:\Program Files\Microsoft SQL Server\Client SDK\ODBC\170\Tools\Binn\;C:\Program Files\Git\cmd;C:\gradle-8.5-all\bin;C:\MinGW\bin;C:\Program Files (x86)\Windows Kits\10\Windows Performance Toolkit\;C:\Program Files\NVIDIA Corporation\NVIDIA app\NvDLISR;C:\Program Files (x86)\NVIDIA Corporation\PhysX\Common;C:\Program Files\Docker\Docker\resources\bin;C:\Program Files\Microsoft SQL Server\Client SDK\ODBC\110\Tools\Binn\;C:\Program Files (x86)\Microsoft SQL Server\120\Tools\Binn\ManagementStudio\;C:\Program Files (x86)\Microsoft SQL Server\120\Tools\Binn\;C:\Program Files\Microsoft SQL Server\120\Tools\Binn\;C:\Program Files (x86)\Microsoft SQL Server\120\DTS\Binn\;C:\Program Files\Microsoft SQL Server\120\DTS\Binn\;C:\Program Files\nodejs\;C:\Users\Jean\miniconda3;C:\Users\Jean\miniconda3\Library\mingw-w64\bin;C:\Users\Jean\miniconda3\Library\usr\bin;C:\Users\Jean\miniconda3\Library\bin;C:\Users\Jean\miniconda3\Scripts;C:\Users\Jean\AppData\Local\Programs\Python\Python312\Scripts\;C:\Users\Jean\AppData\Local\Programs\Python\Python312\;C:\Program Files\platform-tools;C:\Users\Jean\AppData\Local\Microsoft\WindowsApps;C:\Program Files\heroku\bin;C:\Users\Jean\AppData\Local\Programs\Microsoft VS Code\bin;C:\Users\Jean\AppData\Local\Android\Sdk\platform-tools;C:\Users\Jean\AppData\Local\Android\Sdk\tools;C:\Program Files (x86)\HP\Common\HPDestPlgIn\;C:\Program Files\JetBrains\PyCharm Community Edition 2024.1\bin;;C:\MinGW\bin;C:\Users\Jean\.dotnet\tools;C:\Users\Jean\AppData\Roaming\npm;C:\Program Files\JetBrains\WebStorm 2025.1\bin;
USERNAME=Jean
OS=Windows_NT
PROCESSOR_IDENTIFIER=Intel64 Family 6 Model 140 Stepping 2, GenuineIntel
TMP=C:\Users\Jean\AppData\Local\Temp
TEMP=C:\Users\Jean\AppData\Local\Temp




Periodic native trim disabled

---------------  S Y S T E M  ---------------

OS:
 Windows 11 , 64 bit Build 26100 (10.0.26100.8521)
OS uptime: 0 days 1:39 hours
Hyper-V role detected

CPU: total 8 (initial active 8) (4 cores per cpu, 2 threads per core) family 6 model 140 stepping 2 microcode 0x3e, cx8, cmov, fxsr, ht, mmx, 3dnowpref, sse, sse2, sse3, ssse3, sse4.1, sse4.2, popcnt, lzcnt, tsc, tscinvbit, avx, avx2, aes, erms, clmul, bmi1, bmi2, adx, avx512f, avx512dq, avx512cd, avx512bw, avx512vl, sha, fma, vzeroupper, avx512_vpopcntdq, avx512_vpclmulqdq, avx512_vaes, avx512_vnni, clflush, clflushopt, clwb, avx512_vbmi2, avx512_vbmi, hv, rdtscp, rdpid, fsrm, gfni, avx512_bitalg, f16c, cet_ibt, cet_ss, avx512_ifma
Processor Information for the first 8 processors :
  Max Mhz: 2918, Current Mhz: 2918, Mhz Limit: 2918

Memory: 4k page, system-wide physical 16122M (2058M free)
TotalPageFile size 24314M (AvailPageFile size 6M)
current process WorkingSet (physical memory assigned to process): 642M, peak: 661M
current process commit charge ("private bytes"): 675M, peak: 693M

vm_info: OpenJDK 64-Bit Server VM (21.0.10+7-LTS) for windows-amd64 JRE (21.0.10+7-LTS), built on 2026-01-20T00:00:00Z by "admin" with MS VC++ 17.12 (VS2022)

END.
